Log file open, 09/28/18 20:51:36
LogWindows: Failed to load 'aqProf.dll' (GetLastError=126)
LogWindows: File 'aqProf.dll' does not exist
LogWindows: Failed to load 'VtuneApi.dll' (GetLastError=126)
LogWindows: File 'VtuneApi.dll' does not exist
LogWindows: Failed to load 'VtuneApi32e.dll' (GetLastError=126)
LogWindows: File 'VtuneApi32e.dll' does not exist
LogInit: Display: Running engine for game: ARSample
LogPlatformFile: Not using cached read wrapper
LogInit: Display: RandInit(-1215968414) SRandInit(-1215968414).
LogInit: Read version file with build ID '3944462'
LogInit: Overriding engine version to CL 4033788, compatible CL 3944462
LogInit: Registered custom module enumerator with build ID '3944462'
LogTaskGraph: Started task graph with 5 named threads and 23 total threads with 3 sets of task threads.
LogStats: Stats thread started at 0.261327
LogD3D11RHI: Aftermath initialized
LogICUInternationalization: Display: ICU TimeZone Detection - Raw Offset: +8:00, Platform Override: ''
LogModuleManager: Display: Found up-to-date module file ../../../Engine/Plugins/2D/Paper2D/Binaries/Win64/UE4Editor-Paper2D.dll (API version 3944462).
LogModuleManager: Display: Found up-to-date module file ../../../Engine/Plugins/2D/Paper2D/Binaries/Win64/UE4Editor-Paper2DEditor.dll (API version 3944462).
LogModuleManager: Display: Found up-to-date module file ../../../Engine/Plugins/2D/Paper2D/Binaries/Win64/UE4Editor-PaperSpriteSheetImporter.dll (API version 3944462).
LogModuleManager: Display: Found up-to-date module file ../../../Engine/Plugins/2D/Paper2D/Binaries/Win64/UE4Editor-PaperTiledImporter.dll (API version 3944462).
LogModuleManager: Display: Found up-to-date module file ../../../Engine/Plugins/2D/Paper2D/Binaries/Win64/UE4Editor-SmartSnapping.dll (API version 3944462).
LogModuleManager: Display: Found up-to-date module file ../../../Engine/Plugins/Blendables/LightPropagationVolume/Binaries/Win64/UE4Editor-LightPropagationVolumeRuntime.dll (API version 3944462).
LogModuleManager: Display: Found up-to-date module file ../../../Engine/Plugins/Blendables/LightPropagationVolume/Binaries/Win64/UE4Editor-LightPropagationVolumeEditor.dll (API version 3944462).
LogModuleManager: Display: Found up-to-date module file ../../../Engine/Plugins/Developer/CLionSourceCodeAccess/Binaries/Win64/UE4Editor-CLionSourceCodeAccess.dll (API version 3944462).
LogModuleManager: Display: Found up-to-date module file ../../../Engine/Plugins/Developer/GitSourceControl/Binaries/Win64/UE4Editor-GitSourceControl.dll (API version 3944462).
LogModuleManager: Display: Found up-to-date module file ../../../Engine/Plugins/Developer/PerforceSourceControl/Binaries/Win64/UE4Editor-PerforceSourceControl.dll (API version 3944462).
LogModuleManager: Display: Found up-to-date module file ../../../Engine/Plugins/Developer/SubversionSourceControl/Binaries/Win64/UE4Editor-SubversionSourceControl.dll (API version 3944462).
LogModuleManager: Display: Found up-to-date module file ../../../Engine/Plugins/Developer/UObjectPlugin/Binaries/Win64/UE4Editor-UObjectPlugin.dll (API version 3944462).
LogModuleManager: Display: Found up-to-date module file ../../../Engine/Plugins/Developer/VisualStudioCodeSourceCodeAccess/Binaries/Win64/UE4Editor-VisualStudioCodeSourceCodeAccess.dll (API version 3944462).
LogModuleManager: Display: Found up-to-date module file ../../../Engine/Plugins/Developer/VisualStudioSourceCodeAccess/Binaries/Win64/UE4Editor-VisualStudioSourceCodeAccess.dll (API version 3944462).
LogModuleManager: Display: Found up-to-date module file ../../../Engine/Plugins/Editor/AssetManagerEditor/Binaries/Win64/UE4Editor-AssetManagerEditor.dll (API version 3944462).
LogModuleManager: Display: Found up-to-date module file ../../../Engine/Plugins/Editor/CryptoKeys/Binaries/Win64/UE4Editor-CryptoKeys.dll (API version 3944462).
LogModuleManager: Display: Found up-to-date module file ../../../Engine/Plugins/Editor/CryptoKeys/Binaries/Win64/UE4Editor-CryptoKeysOpenSSL.dll (API version 3944462).
LogModuleManager: Display: Found up-to-date module file ../../../Engine/Plugins/Editor/DataValidation/Binaries/Win64/UE4Editor-DataValidation.dll (API version 3944462).
LogModuleManager: Display: Found up-to-date module file ../../../Engine/Plugins/Editor/FacialAnimation/Binaries/Win64/UE4Editor-FacialAnimation.dll (API version 3944462).
LogModuleManager: Display: Found up-to-date module file ../../../Engine/Plugins/Editor/FacialAnimation/Binaries/Win64/UE4Editor-FacialAnimationEditor.dll (API version 3944462).
LogModuleManager: Display: Found up-to-date module file ../../../Engine/Plugins/Editor/GameplayTagsEditor/Binaries/Win64/UE4Editor-GameplayTagsEditor.dll (API version 3944462).
LogModuleManager: Display: Found up-to-date module file ../../../Engine/Plugins/Editor/MobileLauncherProfileWizard/Binaries/Win64/UE4Editor-MobileLauncherProfileWizard.dll (API version 3944462).
LogModuleManager: Display: Found up-to-date module file ../../../Engine/Plugins/Editor/PluginBrowser/Binaries/Win64/UE4Editor-PluginBrowser.dll (API version 3944462).
LogModuleManager: Display: Found up-to-date module file ../../../Engine/Plugins/Editor/SpeedTreeImporter/Binaries/Win64/UE4Editor-SpeedTreeImporter.dll (API version 3944462).
LogModuleManager: Display: Found up-to-date module file ../../../Engine/Plugins/Enterprise/DatasmithContent/Binaries/Win64/UE4Editor-DatasmithContent.dll (API version 3944462).
LogModuleManager: Display: Found up-to-date module file ../../../Engine/Plugins/Experimental/AlembicImporter/Binaries/Win64/UE4Editor-AlembicImporter.dll (API version 3944462).
LogModuleManager: Display: Found up-to-date module file ../../../Engine/Plugins/Experimental/AlembicImporter/Binaries/Win64/UE4Editor-AlembicLibrary.dll (API version 3944462).
LogModuleManager: Display: Found up-to-date module file ../../../Engine/Plugins/Experimental/CharacterAI/Binaries/Win64/UE4Editor-CharacterAI.dll (API version 3944462).
LogModuleManager: Display: Found up-to-date module file ../../../Engine/Plugins/Experimental/HTML5Networking/Binaries/Win64/UE4Editor-HTML5Networking.dll (API version 3944462).
LogModuleManager: Display: Found up-to-date module file ../../../Engine/Plugins/Media/AndroidMedia/Binaries/Win64/UE4Editor-AndroidMediaEditor.dll (API version 3944462).
LogModuleManager: Display: Found up-to-date module file ../../../Engine/Plugins/Media/AndroidMedia/Binaries/Win64/UE4Editor-AndroidMediaFactory.dll (API version 3944462).
LogModuleManager: Display: Found up-to-date module file ../../../Engine/Plugins/Media/AvfMedia/Binaries/Win64/UE4Editor-AvfMediaEditor.dll (API version 3944462).
LogModuleManager: Display: Found up-to-date module file ../../../Engine/Plugins/Media/AvfMedia/Binaries/Win64/UE4Editor-AvfMediaFactory.dll (API version 3944462).
LogModuleManager: Display: Found up-to-date module file ../../../Engine/Plugins/Media/AvfMedia/Binaries/Win64/UE4Editor-AvfMediaFactory.dll (API version 3944462).
LogModuleManager: Display: Found up-to-date module file ../../../Engine/Plugins/Media/ImgMedia/Binaries/Win64/UE4Editor-ImgMedia.dll (API version 3944462).
LogModuleManager: Display: Found up-to-date module file ../../../Engine/Plugins/Media/ImgMedia/Binaries/Win64/UE4Editor-ImgMediaEditor.dll (API version 3944462).
LogModuleManager: Display: Found up-to-date module file ../../../Engine/Plugins/Media/ImgMedia/Binaries/Win64/UE4Editor-ImgMediaFactory.dll (API version 3944462).
LogModuleManager: Display: Found up-to-date module file ../../../Engine/Plugins/Media/ImgMedia/Binaries/Win64/UE4Editor-ImgMediaFactory.dll (API version 3944462).
LogModuleManager: Display: Found up-to-date module file ../../../Engine/Plugins/Media/ImgMedia/Binaries/Win64/UE4Editor-OpenExrWrapper.dll (API version 3944462).
LogModuleManager: Display: Found up-to-date module file ../../../Engine/Plugins/Media/LinearTimecode/Binaries/Win64/UE4Editor-LinearTimecode.dll (API version 3944462).
LogModuleManager: Display: Found up-to-date module file ../../../Engine/Plugins/Media/MediaCompositing/Binaries/Win64/UE4Editor-MediaCompositing.dll (API version 3944462).
LogModuleManager: Display: Found up-to-date module file ../../../Engine/Plugins/Media/MediaCompositing/Binaries/Win64/UE4Editor-MediaCompositingEditor.dll (API version 3944462).
LogModuleManager: Display: Found up-to-date module file ../../../Engine/Plugins/Media/MediaPlayerEditor/Binaries/Win64/UE4Editor-MediaPlayerEditor.dll (API version 3944462).
LogModuleManager: Display: Found up-to-date module file ../../../Engine/Plugins/Media/WmfMedia/Binaries/Win64/UE4Editor-WmfMedia.dll (API version 3944462).
LogModuleManager: Display: Found up-to-date module file ../../../Engine/Plugins/Media/WmfMedia/Binaries/Win64/UE4Editor-WmfMediaEditor.dll (API version 3944462).
LogModuleManager: Display: Found up-to-date module file ../../../Engine/Plugins/Media/WmfMedia/Binaries/Win64/UE4Editor-WmfMediaFactory.dll (API version 3944462).
LogModuleManager: Display: Found up-to-date module file ../../../Engine/Plugins/Media/WmfMedia/Binaries/Win64/UE4Editor-WmfMediaFactory.dll (API version 3944462).
LogModuleManager: Display: Found up-to-date module file ../../../Engine/Plugins/Messaging/TcpMessaging/Binaries/Win64/UE4Editor-TcpMessaging.dll (API version 3944462).
LogModuleManager: Display: Found up-to-date module file ../../../Engine/Plugins/Messaging/UdpMessaging/Binaries/Win64/UE4Editor-UdpMessaging.dll (API version 3944462).
LogModuleManager: Display: Found up-to-date module file ../../../Engine/Plugins/MovieScene/ActorSequence/Binaries/Win64/UE4Editor-ActorSequence.dll (API version 3944462).
LogModuleManager: Display: Found up-to-date module file ../../../Engine/Plugins/MovieScene/LevelSequenceEditor/Binaries/Win64/UE4Editor-LevelSequenceEditor.dll (API version 3944462).
LogModuleManager: Display: Found up-to-date module file ../../../Engine/Plugins/MovieScene/MatineeToLevelSequence/Binaries/Win64/UE4Editor-MatineeToLevelSequence.dll (API version 3944462).
LogModuleManager: Display: Found up-to-date module file ../../../Engine/Plugins/NetcodeUnitTest/NetcodeUnitTest/Binaries/Win64/UE4Editor-NetcodeUnitTest.dll (API version 3944462).
LogModuleManager: Display: Found up-to-date module file ../../../Engine/Plugins/NetcodeUnitTest/NUTUnrealEngine4/Binaries/Win64/UE4Editor-NUTUnrealEngine4.dll (API version 3944462).
LogModuleManager: Display: Found up-to-date module file ../../../Engine/Plugins/Online/OnlineSubsystem/Binaries/Win64/UE4Editor-OnlineSubsystem.dll (API version 3944462).
LogModuleManager: Display: Found up-to-date module file ../../../Engine/Plugins/Runtime/AndroidPermission/Binaries/Win64/UE4Editor-AndroidPermission.dll (API version 3944462).
LogModuleManager: Display: Found up-to-date module file ../../../Engine/Plugins/Online/OnlineSubsystemNull/Binaries/Win64/UE4Editor-OnlineSubsystemNull.dll (API version 3944462).
LogModuleManager: Display: Found up-to-date module file ../../../Engine/Plugins/Online/OnlineSubsystemUtils/Binaries/Win64/UE4Editor-OnlineSubsystemUtils.dll (API version 3944462).
LogModuleManager: Display: Found up-to-date module file ../../../Engine/Plugins/Online/OnlineSubsystemUtils/Binaries/Win64/UE4Editor-OnlineBlueprintSupport.dll (API version 3944462).
LogModuleManager: Display: Found up-to-date module file ../../../Engine/Plugins/Runtime/AndroidDeviceProfileSelector/Binaries/Win64/UE4Editor-AndroidDeviceProfileSelector.dll (API version 3944462).
LogModuleManager: Display: Found up-to-date module file ../../../Engine/Plugins/Runtime/AppleARKit/Binaries/Win64/UE4Editor-AppleARKit.dll (API version 3944462).
LogModuleManager: Display: Found up-to-date module file ../../../Engine/Plugins/Runtime/ProceduralMeshComponent/Binaries/Win64/UE4Editor-ProceduralMeshComponent.dll (API version 3944462).
LogModuleManager: Display: Found up-to-date module file ../../../Engine/Plugins/Runtime/ProceduralMeshComponent/Binaries/Win64/UE4Editor-ProceduralMeshComponentEditor.dll (API version 3944462).
LogModuleManager: Display: Found up-to-date module file ../../../Engine/Plugins/Animation/LiveLink/Binaries/Win64/UE4Editor-LiveLink.dll (API version 3944462).
LogModuleManager: Display: Found up-to-date module file ../../../Engine/Plugins/Animation/LiveLink/Binaries/Win64/UE4Editor-LiveLinkEditor.dll (API version 3944462).
LogModuleManager: Display: Found up-to-date module file ../../../Engine/Plugins/Runtime/ArchVisCharacter/Binaries/Win64/UE4Editor-ArchVisCharacter.dll (API version 3944462).
LogModuleManager: Display: Found up-to-date module file ../../../Engine/Plugins/Runtime/AudioCapture/Binaries/Win64/UE4Editor-AudioCapture.dll (API version 3944462).
LogModuleManager: Display: Found up-to-date module file ../../../Engine/Plugins/Runtime/AudioCapture/Binaries/Win64/UE4Editor-AudioCaptureEditor.dll (API version 3944462).
LogModuleManager: Display: Found up-to-date module file ../../../Engine/Plugins/Runtime/CableComponent/Binaries/Win64/UE4Editor-CableComponent.dll (API version 3944462).
LogModuleManager: Display: Found up-to-date module file ../../../Engine/Plugins/Runtime/CustomMeshComponent/Binaries/Win64/UE4Editor-CustomMeshComponent.dll (API version 3944462).
LogModuleManager: Display: Found up-to-date module file ../../../Engine/Plugins/Runtime/ExampleDeviceProfileSelector/Binaries/Win64/UE4Editor-ExampleDeviceProfileSelector.dll (API version 3944462).
LogModuleManager: Display: Found up-to-date module file ../../../Engine/Plugins/Runtime/ImmediatePhysics/Binaries/Win64/UE4Editor-ImmediatePhysics.dll (API version 3944462).
LogModuleManager: Display: Found up-to-date module file ../../../Engine/Plugins/Runtime/ImmediatePhysics/Binaries/Win64/UE4Editor-ImmediatePhysicsEditor.dll (API version 3944462).
LogModuleManager: Display: Found up-to-date module file ../../../Engine/Plugins/Runtime/LocationServicesBPLibrary/Binaries/Win64/UE4Editor-LocationServicesBPLibrary.dll (API version 3944462).
LogModuleManager: Display: Found up-to-date module file ../../../Engine/Plugins/Runtime/MobilePatchingUtils/Binaries/Win64/UE4Editor-MobilePatchingUtils.dll (API version 3944462).
LogModuleManager: Display: Found up-to-date module file ../../../Engine/Plugins/Runtime/Oculus/OculusVR/Binaries/Win64/UE4Editor-OculusHMD.dll (API version 3944462).
LogModuleManager: Display: Found up-to-date module file ../../../Engine/Plugins/Runtime/Oculus/OculusVR/Binaries/Win64/UE4Editor-OculusInput.dll (API version 3944462).
LogModuleManager: Display: Found up-to-date module file ../../../Engine/Plugins/Runtime/Oculus/OculusVR/Binaries/Win64/UE4Editor-OculusEditor.dll (API version 3944462).
LogModuleManager: Display: Found up-to-date module file ../../../Engine/Plugins/Runtime/PhysXVehicles/Binaries/Win64/UE4Editor-PhysXVehicles.dll (API version 3944462).
LogModuleManager: Display: Found up-to-date module file ../../../Engine/Plugins/Runtime/PhysXVehicles/Binaries/Win64/UE4Editor-PhysXVehiclesEditor.dll (API version 3944462).
LogModuleManager: Display: Found up-to-date module file ../../../Engine/Plugins/Runtime/RuntimePhysXCooking/Binaries/Win64/UE4Editor-RuntimePhysXCooking.dll (API version 3944462).
LogModuleManager: Display: Found up-to-date module file ../../../Engine/Plugins/Runtime/Steam/SteamVR/Binaries/Win64/UE4Editor-SteamVR.dll (API version 3944462).
LogModuleManager: Display: Found up-to-date module file ../../../Engine/Plugins/Runtime/Steam/SteamVR/Binaries/Win64/UE4Editor-SteamVRController.dll (API version 3944462).
LogModuleManager: Display: Found up-to-date module file ../../../Engine/Plugins/Runtime/WindowsMoviePlayer/Binaries/Win64/UE4Editor-WindowsMoviePlayer.dll (API version 3944462).
LogModuleManager: Display: Found up-to-date module file ../../../../../../Users/Mark Thompson/Desktop/2018_UnrealTutes/AR/ARSampleUEv4_19/Plugins/ARToolkitPlugin/Binaries/Win64/UE4Editor-ARToolkitPlugin.dll (API version 3944462).
LogPluginManager: Mounting plugin Paper2D
LogPluginManager: Mounting plugin LiveLink
LogPluginManager: Mounting plugin LightPropagationVolume
LogPluginManager: Mounting plugin CLionSourceCodeAccess
LogPluginManager: Mounting plugin CodeLiteSourceCodeAccess
LogPluginManager: Mounting plugin GitSourceControl
LogPluginManager: Mounting plugin KDevelopSourceCodeAccess
LogPluginManager: Mounting plugin NullSourceCodeAccess
LogPluginManager: Mounting plugin PerforceSourceControl
LogPluginManager: Mounting plugin SubversionSourceControl
LogPluginManager: Mounting plugin UObjectPlugin
LogPluginManager: Mounting plugin VisualStudioCodeSourceCodeAccess
LogPluginManager: Mounting plugin VisualStudioSourceCodeAccess
LogPluginManager: Mounting plugin XCodeSourceCodeAccess
LogPluginManager: Mounting plugin AssetManagerEditor
LogPluginManager: Mounting plugin CryptoKeys
LogPluginManager: Mounting plugin DataValidation
LogPluginManager: Mounting plugin FacialAnimation
LogPluginManager: Mounting plugin GameplayTagsEditor
LogPluginManager: Mounting plugin MobileLauncherProfileWizard
LogPluginManager: Mounting plugin PluginBrowser
LogPluginManager: Mounting plugin SpeedTreeImporter
LogPluginManager: Mounting plugin DatasmithContent
LogPluginManager: Mounting plugin AlembicImporter
LogPluginManager: Mounting plugin CharacterAI
LogPluginManager: Mounting plugin HTML5Networking
LogPluginManager: Mounting plugin AndroidMedia
LogPluginManager: Mounting plugin AvfMedia
LogPluginManager: Mounting plugin ImgMedia
LogPluginManager: Mounting plugin LinearTimecode
LogPluginManager: Mounting plugin MediaCompositing
LogPluginManager: Mounting plugin MediaPlayerEditor
LogPluginManager: Mounting plugin WmfMedia
LogPluginManager: Mounting plugin TcpMessaging
LogPluginManager: Mounting plugin UdpMessaging
LogPluginManager: Mounting plugin ActorSequence
LogPluginManager: Mounting plugin LevelSequenceEditor
LogPluginManager: Mounting plugin MatineeToLevelSequence
LogPluginManager: Mounting plugin NetcodeUnitTest
LogPluginManager: Mounting plugin NUTUnrealEngine4
LogPluginManager: Mounting plugin OnlineSubsystemGooglePlay
LogPluginManager: Mounting plugin OnlineSubsystemIOS
LogPluginManager: Mounting plugin OnlineSubsystem
LogPluginManager: Mounting plugin OnlineSubsystemNull
LogPluginManager: Mounting plugin OnlineSubsystemUtils
LogPluginManager: Mounting plugin AndroidDeviceProfileSelector
LogPluginManager: Mounting plugin AndroidMoviePlayer
LogPluginManager: Mounting plugin AndroidPermission
LogPluginManager: Mounting plugin AppleARKit
LogPluginManager: Mounting plugin AppleMoviePlayer
LogPluginManager: Mounting plugin ArchVisCharacter
LogPluginManager: Mounting plugin AudioCapture
LogPluginManager: Mounting plugin CableComponent
LogPluginManager: Mounting plugin CustomMeshComponent
LogPluginManager: Mounting plugin ExampleDeviceProfileSelector
LogPluginManager: Mounting plugin GoogleCloudMessaging
LogPluginManager: Mounting plugin ImmediatePhysics
LogPluginManager: Mounting plugin IOSDeviceProfileSelector
LogPluginManager: Mounting plugin LinuxDeviceProfileSelector
LogPluginManager: Mounting plugin LocationServicesBPLibrary
LogPluginManager: Mounting plugin MobilePatchingUtils
LogPluginManager: Mounting plugin OculusVR
LogPluginManager: Plugin shader directory ../../../Engine/Plugins/Runtime/Oculus/OculusVR/Shaders found
LogPluginManager: Mapping shader source directory ../../../Engine/Plugins/Runtime/Oculus/OculusVR/Shaders to virtual directory /Plugin/OculusVR
LogPluginManager: Mounting plugin PhysXVehicles
LogPluginManager: Mounting plugin ProceduralMeshComponent
LogPluginManager: Mounting plugin RuntimePhysXCooking
LogPluginManager: Mounting plugin SteamVR
LogPluginManager: Mounting plugin WindowsMoviePlayer
LogPluginManager: Mounting plugin ARToolkitPlugin
LogStreaming: Display: Took  1.049s to configure plugins.
LogInit: Using libcurl 7.47.1
LogInit:  - built for x86_64-pc-win32
LogInit:  - supports SSL with OpenSSL/1.0.2g
LogInit:  - supports HTTP deflate (compression) using libz 1.2.8
LogInit:  - other features:
LogInit:      CURL_VERSION_SSL
LogInit:      CURL_VERSION_LIBZ
LogInit:      CURL_VERSION_IPV6
LogInit:      CURL_VERSION_ASYNCHDNS
LogInit:      CURL_VERSION_LARGEFILE
LogInit:      CURL_VERSION_IDN
LogInit:  CurlRequestOptions (configurable via config and command line):
LogInit:  - bVerifyPeer = false  - Libcurl will NOT verify peer certificate
LogInit:  - bUseHttpProxy = false  - Libcurl will NOT use HTTP proxy
LogInit:  - bDontReuseConnections = false  - Libcurl will reuse connections
LogInit:  - CertBundlePath = nullptr  - Libcurl will use whatever was configured at build time.
LogInit:  - MaxHostConnections = 16  - Libcurl will limit the number of connections to a host
LogInit:  - LocalHostAddr = Default
LogInit: WinSock: version 1.1 (2.2), MaxSocks=32767, MaxUdp=65467
LogInit: WinSock: I am The-Esquire-Machine (10.1.1.124:0)
LogInit: Build: ++UE4+Release-4.19-CL-4033788
LogInit: Engine Version: 4.19.2-4033788+++UE4+Release-4.19
LogInit: Compatible Engine Version: 4.19.0-3944462+++UE4+Release-4.19
LogInit: Net CL: 3944462
LogDevObjectVersion: Number of dev versions registered: 18
LogDevObjectVersion:   Dev-Blueprints (B0D832E4-1F89-4F0D-ACCF-7EB736FD4AA2): 10
LogDevObjectVersion:   Dev-Build (E1C64328-A22C-4D53-A36C-8E866417BD8C): 0
LogDevObjectVersion:   Dev-Core (375EC13C-06E4-48FB-B500-84F0262A717E): 2
LogDevObjectVersion:   Dev-Editor (E4B068ED-F494-42E9-A231-DA0B2E46BB41): 23
LogDevObjectVersion:   Dev-Framework (CFFC743F-43B0-4480-9391-14DF171D2073): 33
LogDevObjectVersion:   Dev-Mobile (B02B49B5-BB20-44E9-A304-32B752E40360): 2
LogDevObjectVersion:   Dev-Networking (A4E4105C-59A1-49B5-A7C5-40C4547EDFEE): 0
LogDevObjectVersion:   Dev-Online (39C831C9-5AE6-47DC-9A44-9C173E1C8E7C): 0
LogDevObjectVersion:   Dev-Physics (78F01B33-EBEA-4F98-B9B4-84EACCB95AA2): 0
LogDevObjectVersion:   Dev-Platform (6631380F-2D4D-43E0-8009-CF276956A95A): 0
LogDevObjectVersion:   Dev-Rendering (12F88B9F-8875-4AFC-A67C-D90C383ABD29): 25
LogDevObjectVersion:   Dev-Sequencer (7B5AE74C-D270-4C10-A958-57980B212A5A): 6
LogDevObjectVersion:   Dev-VR (D7296918-1DD6-4BDD-9DE2-64A83CC13884): 1
LogDevObjectVersion:   Dev-LoadTimes (C2A15278-BFE7-4AFE-6C17-90FF531DF755): 1
LogDevObjectVersion:   Private-Geometry (6EACA3D4-40EC-4CC1-B786-8BED09428FC5): 2
LogDevObjectVersion:   Dev-AnimPhys (29E575DD-E0A3-4627-9D10-D276232CDCEA): 16
LogDevObjectVersion:   Dev-ReflectionCapture (6B266CEC-1EC7-4B8F-A30B-E4D90942FC07): 1
LogDevObjectVersion:   Dev-Automation (0DF73D61-A23F-47EA-B727-89E90C41499A): 1
LogInit: Compiled (64-bit): Apr 27 2018 02:06:57
LogInit: Compiled with Visual C++: 19.00.24215.01
LogInit: Build Configuration: Development
LogInit: Branch Name: ++UE4+Release-4.19
LogInit: Command Line:  
LogInit: Base Directory: C:/Program Files/Epic Games/UE_4.19/Engine/Binaries/Win64/
LogInit: Installed Engine Build: 1
LogStreaming: Display: Took  0.000s to delete old logs.
LogInit: Presizing for max 8388607 objects, including 0 objects not considered by GC, pre-allocating 0 bytes for permanent pool.
LogInit: Object subsystem initialized
[2018.09.28-12.51.38:256][  0]LogInit: Selected Device Profile: [Windows]
[2018.09.28-12.51.38:256][  0]LogInit: Applying CVar settings loaded from the selected device profile: [Windows]
[2018.09.28-12.51.38:266][  0]LogInit: Computer: THE-ESQUIRE-MAC
[2018.09.28-12.51.38:266][  0]LogInit: User: MarkThompson
[2018.09.28-12.51.38:266][  0]LogInit: CPU Page size=4096, Cores=4
[2018.09.28-12.51.38:266][  0]LogInit: High frequency timer resolution =3.906251 MHz
[2018.09.28-12.51.38:266][  0]LogMemory: Memory total: Physical=31.9GB (32GB approx)
[2018.09.28-12.51.38:266][  0]LogMemory: Platform Memory Stats for Windows
[2018.09.28-12.51.38:266][  0]LogMemory: Process Physical Memory: 273.58 MB used, 273.58 MB peak
[2018.09.28-12.51.38:266][  0]LogMemory: Process Virtual Memory: 264.86 MB used, 264.86 MB peak
[2018.09.28-12.51.38:266][  0]LogMemory: Physical Memory: 8521.89 MB used,  24189.00 MB free, 32710.89 MB total
[2018.09.28-12.51.38:266][  0]LogMemory: Virtual Memory: 4795.35 MB used,  24189.00 MB free, 134217728.00 MB total
[2018.09.28-12.51.38:283][  0]LogInit: Using OS detected language (en-US).
[2018.09.28-12.51.38:283][  0]LogInit: Using OS detected locale (en-AU).
[2018.09.28-12.51.38:285][  0]LogTextLocalizationManager: No specific localization for 'en-US' exists, so the 'en' localization will be used.
[2018.09.28-12.51.38:653][  0]LogStreaming: Display: Took  0.371s to EndInitTextLocalization.
[2018.09.28-12.51.38:653][  0]LogInit: Setting process to per monitor DPI aware
[2018.09.28-12.51.38:684][  0]LogSlate: New Slate User Created.  User Index 0, Is Virtual User: 0
[2018.09.28-12.51.38:684][  0]LogSlate: Slate User Registered.  User Index 0, Is Virtual User: 0
[2018.09.28-12.51.38:855][  0]LogD3D11RHI: D3D11 adapters:
[2018.09.28-12.51.38:909][  0]LogD3D11RHI:    0. 'NVIDIA GeForce GTX 980' (Feature Level 11_0)
[2018.09.28-12.51.38:909][  0]LogD3D11RHI:       4053/0/16355 MB DedicatedVideo/DedicatedSystem/SharedSystem, Outputs:2, VendorId:0x10de
[2018.09.28-12.51.38:928][  0]LogD3D11RHI:    1. 'Microsoft Basic Render Driver' (Feature Level 11_0)
[2018.09.28-12.51.38:928][  0]LogD3D11RHI:       0/0/16355 MB DedicatedVideo/DedicatedSystem/SharedSystem, Outputs:0, VendorId:0x1414
[2018.09.28-12.51.38:928][  0]LogD3D11RHI: Chosen D3D11 Adapter: 0
[2018.09.28-12.51.38:935][  0]LogD3D11RHI: Creating new Direct3DDevice
[2018.09.28-12.51.38:935][  0]LogD3D11RHI:     GPU DeviceId: 0x13c0 (for the marketing name, search the web for "GPU Device Id")
[2018.09.28-12.51.38:935][  0]LogWindows: EnumDisplayDevices:
[2018.09.28-12.51.38:935][  0]LogWindows:    0. 'NVIDIA GeForce GTX 980' (P:1 D:1)
[2018.09.28-12.51.38:935][  0]LogWindows:    1. 'NVIDIA GeForce GTX 980' (P:0 D:1)
[2018.09.28-12.51.38:935][  0]LogWindows:    2. 'NVIDIA GeForce GTX 980' (P:0 D:0)
[2018.09.28-12.51.38:935][  0]LogWindows:    3. 'NVIDIA GeForce GTX 980' (P:0 D:0)
[2018.09.28-12.51.38:935][  0]LogWindows: DebugString: GetVideoDriverDetailsInvalid PrimaryIsNotTheChoosenAdapter GetVideoDriverDetailsInvalid PrimaryIsNotTheChoosenAdapter GetVideoDriverDetailsInvalid PrimaryIsNotTheChoosenAdapter GetVideoDriverDetailsInvalid PrimaryIsNotTheChoosenAdapter FoundDriverCount:0 
[2018.09.28-12.51.38:935][  0]LogD3D11RHI:     Adapter Name: NVIDIA GeForce GTX 980
[2018.09.28-12.51.38:935][  0]LogD3D11RHI:   Driver Version: Unknown (internal:Unknown, unified:Unknown)
[2018.09.28-12.51.38:935][  0]LogD3D11RHI:      Driver Date: Unknown
[2018.09.28-12.51.38:935][  0]LogRHI: Texture pool is 2837 MB (70% of 4053 MB)
[2018.09.28-12.51.38:967][  0]LogD3D11RHI: [Aftermath] Aftermath enabled and primed
[2018.09.28-12.51.38:967][  0]LogD3D11RHI: [Aftermath] Aftermath enabled and primed
[2018.09.28-12.51.38:967][  0]LogD3D11RHI: Async texture creation enabled
[2018.09.28-12.51.38:988][  0]LogD3D11RHI: GPU Timing Frequency: 1000.000000 (Debug: 2 2)
[2018.09.28-12.51.39:038][  0]LogShaderCompilers: Guid format shader working directory is -27 characters bigger than the processId version (../../../../../../Users/Mark Thompson/Desktop/2018_UnrealTutes/AR/ARSampleUEv4_19/Intermediate/Shaders/WorkingDirectory/1956/).
[2018.09.28-12.51.39:039][  0]LogShaderCompilers: Cleaned the shader compiler working directory 'C:/Users/Mark Thompson/AppData/Local/Temp/UnrealShaderWorkingDir/CA8FD68745391168BCDFB78CFA1A1040/'.
[2018.09.28-12.51.39:253][  0]LogTemp: Display: Loaded TP AllDesktopTargetPlatform
[2018.09.28-12.51.39:266][  0]LogTemp: Display: Loaded TP MacClientTargetPlatform
[2018.09.28-12.51.39:277][  0]LogTemp: Display: Loaded TP MacNoEditorTargetPlatform
[2018.09.28-12.51.39:290][  0]LogTemp: Display: Loaded TP MacServerTargetPlatform
[2018.09.28-12.51.39:302][  0]LogTemp: Display: Loaded TP MacTargetPlatform
[2018.09.28-12.51.39:315][  0]LogTemp: Display: Loaded TP WindowsClientTargetPlatform
[2018.09.28-12.51.39:325][  0]LogTemp: Display: Loaded TP WindowsNoEditorTargetPlatform
[2018.09.28-12.51.39:338][  0]LogTemp: Display: Loaded TP WindowsServerTargetPlatform
[2018.09.28-12.51.39:344][  0]LogTemp: Display: Loaded TP WindowsTargetPlatform
[2018.09.28-12.51.39:355][  0]LogTemp: Display: Loaded TP Android_ASTCTargetPlatform
[2018.09.28-12.51.39:365][  0]LogTemp: Display: Loaded TP Android_ATCTargetPlatform
[2018.09.28-12.51.39:375][  0]LogTemp: Display: Loaded TP Android_DXTTargetPlatform
[2018.09.28-12.51.39:386][  0]LogTemp: Display: Loaded TP Android_ETC1aTargetPlatform
[2018.09.28-12.51.39:396][  0]LogTemp: Display: Loaded TP Android_ETC1TargetPlatform
[2018.09.28-12.51.39:409][  0]LogTemp: Display: Loaded TP Android_ETC2TargetPlatform
[2018.09.28-12.51.39:430][  0]LogTemp: Display: Loaded TP Android_MultiTargetPlatform
[2018.09.28-12.51.39:430][  0]LogTemp: Display: Loaded TP Android_PVRTCTargetPlatform
[2018.09.28-12.51.39:440][  0]LogTemp: Display: Loaded TP AndroidTargetPlatform
[2018.09.28-12.51.39:441][  0]LogTemp: Display: Loaded TP HTML5TargetPlatform
[2018.09.28-12.51.39:477][  0]LogTemp: Display: Loaded TP IOSTargetPlatform
[2018.09.28-12.51.39:488][  0]LogTemp: Display: Loaded TP TVOSTargetPlatform
[2018.09.28-12.51.39:499][  0]LogTemp: Display: Loaded TP LinuxClientTargetPlatform
[2018.09.28-12.51.39:508][  0]LogTemp: Display: Loaded TP LinuxNoEditorTargetPlatform
[2018.09.28-12.51.39:518][  0]LogTemp: Display: Loaded TP LinuxServerTargetPlatform
[2018.09.28-12.51.39:529][  0]LogTemp: Display: Loaded TP LinuxTargetPlatform
[2018.09.28-12.51.39:529][  0]LogTargetPlatformManager: Display: Building Assets For Windows
[2018.09.28-12.51.39:624][  0]LogXGEController: Cannot use XGE Controller as Incredibuild is not installed on this machine.
[2018.09.28-12.51.39:624][  0]LogShaderCompilers: Cannot use XGE Shader Compiler as Incredibuild is not installed on this machine.
[2018.09.28-12.51.39:624][  0]LogShaderCompilers: Display: Using Local Shader Compiler.
[2018.09.28-12.51.40:254][  0]LogDerivedDataCache: Display: Max Cache Size: 512 MB
[2018.09.28-12.51.40:323][  0]LogDerivedDataCache: Loaded boot cache 0.07s 75MB C:/Users/Mark Thompson/AppData/Local/UnrealEngine/4.19/DerivedDataCache/Boot.ddc.
[2018.09.28-12.51.40:323][  0]LogDerivedDataCache: Display: Loaded Boot cache: C:/Users/Mark Thompson/AppData/Local/UnrealEngine/4.19/DerivedDataCache/Boot.ddc
[2018.09.28-12.51.40:323][  0]LogDerivedDataCache: FDerivedDataBackendGraph:  Pak pak cache file ../../../../../../Users/Mark Thompson/Desktop/2018_UnrealTutes/AR/ARSampleUEv4_19/DerivedDataCache/DDC.ddp not found, will not use a pak cache.
[2018.09.28-12.51.40:323][  0]LogDerivedDataCache: Unable to find inner node Pak for hierarchical cache Hierarchy.
[2018.09.28-12.51.40:323][  0]LogDerivedDataCache: FDerivedDataBackendGraph:  CompressedPak pak cache file ../../../../../../Users/Mark Thompson/Desktop/2018_UnrealTutes/AR/ARSampleUEv4_19/DerivedDataCache/Compressed.ddp not found, will not use a pak cache.
[2018.09.28-12.51.40:323][  0]LogDerivedDataCache: Unable to find inner node CompressedPak for hierarchical cache Hierarchy.
[2018.09.28-12.51.40:337][  0]LogDerivedDataCache: Display: Pak cache opened for reading ../../../Engine/DerivedDataCache/Compressed.ddp.
[2018.09.28-12.51.40:350][  0]LogDerivedDataCache: Using Local data cache path C:/Users/Mark Thompson/AppData/Local/UnrealEngine/Common/DerivedDataCache: Writable
[2018.09.28-12.51.40:350][  0]LogDerivedDataCache: Shared data cache path not found in *engine.ini, will not use an Shared cache.
[2018.09.28-12.51.40:350][  0]LogDerivedDataCache: Unable to find inner node Shared for hierarchical cache Hierarchy.
[2018.09.28-12.51.40:398][  0]LogMaterial: Verifying Global Shaders for PCD3D_SM5
[2018.09.28-12.51.40:398][  0]LogSlate: Using Freetype 2.6.0
[2018.09.28-12.51.40:398][  0]LogSlate: SlateFontCache - WITH_FREETYPE: 1, WITH_HARFBUZZ: 1
[2018.09.28-12.51.40:398][  0]LogSlate: SlateFontCache - WITH_FREETYPE: 1, WITH_HARFBUZZ: 1
[2018.09.28-12.51.40:511][  0]LogAssetRegistry: FAssetRegistry took 0.0248 seconds to start up
[2018.09.28-12.51.40:776][  0]LogInit: Selected Device Profile: [Windows]
[2018.09.28-12.51.40:993][  0]LogSimplygon: Simplygon DLL not present - disabling.
[2018.09.28-12.51.40:996][  0]LogMeshReduction: Using SimplygonSwarm for distributed automatic mesh merging
[2018.09.28-12.51.40:996][  0]LogMeshReduction: Using QuadricMeshReduction for automatic static mesh reduction
[2018.09.28-12.51.40:996][  0]LogMeshReduction: No automatic skeletal mesh reduction module available
[2018.09.28-12.51.40:996][  0]LogMeshReduction: No automatic mesh merging module available
[2018.09.28-12.51.40:996][  0]LogMeshMerging: No automatic mesh merging module available
[2018.09.28-12.51.41:024][  0]LogNetVersion: ARSample , NetCL: 3944462, EngineNetVer: 2, GameNetVer: 0 (Checksum: 968731192)
[2018.09.28-12.51.41:818][  0]LogPackageLocalizationCache: Processed 9 localized package path(s) for 2 prioritized culture(s) in 0.115013 seconds
[2018.09.28-12.51.41:823][  0]LogUObjectArray: 36728 objects as part of root set at end of initial load.
[2018.09.28-12.51.41:823][  0]LogUObjectAllocator: 7314304 out of 0 bytes used by permanent object pool.
[2018.09.28-12.51.41:823][  0]LogUObjectArray: CloseDisregardForGC: 0/0 objects in disregard for GC pool
[2018.09.28-12.51.43:866][  0]LogTcpMessaging: Initializing TcpMessaging bridge
[2018.09.28-12.51.43:894][  0]LogUdpMessaging: Initializing bridge on interface 0.0.0.0:0 to multicast group 230.0.0.1:6666.
[2018.09.28-12.51.44:234][  0]SourceControl: Source control is disabled
[2018.09.28-12.51.44:234][  0]SourceControl: Source control is disabled
[2018.09.28-12.51.44:249][  0]SourceControl: Source control is disabled
[2018.09.28-12.51.44:265][  0]SourceControl: Source control is disabled
[2018.09.28-12.51.44:740][  0]LogAndroidPermission: UAndroidPermissionCallbackProxy::GetInstance
[2018.09.28-12.51.44:913][  0]LogOcInput: OculusInput pre-init called
[2018.09.28-12.51.45:004][  0]ARToolkit: Device start
[2018.09.28-12.51.45:083][  0]LogEngine: Initializing Engine...
[2018.09.28-12.51.50:312][  0]LogHMD: Failed to initialize OpenVR with code 108
[2018.09.28-12.51.50:314][  0]LogStats: UGameplayTagsManager::ConstructGameplayTagTree: Construct from data asset -  0.000 s
[2018.09.28-12.51.50:314][  0]LogStats: UGameplayTagsManager::ConstructGameplayTagTree: GameplayTagTreeChangedEvent.Broadcast -  0.000 s
[2018.09.28-12.51.50:998][  0]LogAIModule: Creating AISystem for world Untitled
[2018.09.28-12.51.51:025][  0]LogInit: XAudio2 using 'Speakers (Realtek High Definition Audio)' : 2 channels at 48 kHz using 32 bits per sample (channel mask 0x3)
[2018.09.28-12.51.51:043][  0]LogInit: FAudioDevice initialized.
[2018.09.28-12.51.51:264][  0]LogDerivedDataCache: Saved boot cache 0.22s 88MB C:/Users/Mark Thompson/AppData/Local/UnrealEngine/4.19/DerivedDataCache/Boot.ddc.
[2018.09.28-12.51.51:283][  0]LogInit: Texture streaming: Enabled
[2018.09.28-12.51.51:298][  0]LogEngineSessionManager: EngineSessionManager initialized
[2018.09.28-12.51.51:310][  0]LogInit: Transaction tracking system initialized
[2018.09.28-12.51.51:331][  0]BlueprintLog: New page: Editor Load
[2018.09.28-12.51.51:403][  0]LocalizationService: Localization service is disabled
[2018.09.28-12.51.51:476][  0]LogLinker: Warning: Can't find file '/Game/ThirdPersonBP/ThirdPersonOverview'
[2018.09.28-12.51.51:477][  0]LogLinker: Warning: Can't find file '/Game/ThirdPersonBP/ThirdPersonOverview'
[2018.09.28-12.51.51:477][  0]LogUObjectGlobals: Warning: Failed to find object 'Class /Game/ThirdPersonBP/ThirdPersonOverview.ThirdPersonOverview_C'
[2018.09.28-12.51.51:500][  0]LogConsoleResponse: Display: 
[2018.09.28-12.51.51:925][  0]LogCook: Display: Max memory allowance for cook 16384mb min free memory 0mb
[2018.09.28-12.51.51:925][  0]LogCook: Display: Mobile HDR setting 1
[2018.09.28-12.51.51:925][  0]LogGameplayTags: Display: UGameplayTagsManager::DoneAddingNativeTags. DelegateIsBound: 0
[2018.09.28-12.51.51:925][  0]LogStats: UGameplayTagsManager::ConstructGameplayTagTree: Construct from data asset -  0.000 s
[2018.09.28-12.51.51:925][  0]LogStats: UGameplayTagsManager::ConstructGameplayTagTree: GameplayTagTreeChangedEvent.Broadcast -  0.000 s
[2018.09.28-12.51.52:249][  0]LogFileCache: Scanning file cache for directory 'C:/Users/Mark Thompson/Desktop/2018_UnrealTutes/AR/ARSampleUEv4_19/Content/' took 0.01s
[2018.09.28-12.51.52:249][  0]SourceControl: Source control is disabled
[2018.09.28-12.51.52:249][  0]Cmd: MAP LOAD FILE="../../../../../../Users/Mark Thompson/Desktop/2018_UnrealTutes/AR/ARSampleUEv4_19/Content/Maps/ARToolkitSimple.umap" TEMPLATE=0 SHOWPROGRESS=1 FEATURELEVEL=3
[2018.09.28-12.51.52:257][  0]LightingResults: New page: Lighting Build
[2018.09.28-12.51.52:260][  0]MapCheck: New page: Map Check
[2018.09.28-12.51.52:260][  0]LightingResults: New page: Lighting Build
[2018.09.28-12.51.52:370][  0]LogUObjectGlobals: Created PersistentFrame Addr=0x0000022348bfbec0, Size=264, Default__ARToolkitBase_C Function /Game/Blueprints/ARToolkitBase.ARToolkitBase_C:ExecuteUbergraph_ARToolkitBase
[2018.09.28-12.51.52:387][  0]LogUObjectGlobals: Destroyed PersistentFrame Addr=0x0000022348bfbec0, Size=264
[2018.09.28-12.51.52:387][  0]LogUObjectGlobals: Created PersistentFrame Addr=0x0000022348bfbec0, Size=264, Default__ARToolkitBase_C Function /Engine/Transient.REINST_ARToolkitBase_C_2:ExecuteUbergraph_ARToolkitBase
[2018.09.28-12.51.52:413][  0]LogUObjectGlobals: Created PersistentFrame Addr=0x0000022348bf96c0, Size=264, Default__ARToolkitBase_C Function /Game/Blueprints/ARToolkitBase.ARToolkitBase_C:ExecuteUbergraph_ARToolkitBase
[2018.09.28-12.51.52:524][  0]LogUObjectGlobals: Created PersistentFrame Addr=0x00000223337d5300, Size=648, Default__ARToolkitSimple_C Function /Game/Maps/ARToolkitSimple.ARToolkitSimple_C:ExecuteUbergraph_ARToolkitSimple
[2018.09.28-12.51.52:527][  0]LogUObjectGlobals: Destroyed PersistentFrame Addr=0x00000223337d5300, Size=648
[2018.09.28-12.51.52:528][  0]LogUObjectGlobals: Created PersistentFrame Addr=0x00000223337d5300, Size=648, Default__ARToolkitSimple_C Function /Engine/Transient.REINST_ARToolkitSimple_C_4:ExecuteUbergraph_ARToolkitSimple
[2018.09.28-12.51.52:531][  0]LogUObjectGlobals: Created PersistentFrame Addr=0x00000223285e6e00, Size=648, Default__ARToolkitSimple_C Function /Game/Maps/ARToolkitSimple.ARToolkitSimple_C:ExecuteUbergraph_ARToolkitSimple
[2018.09.28-12.51.52:665][  0]LogClass: Warning: Enum '/Game/Blueprints/Markers.Markers' was upgraded to use FText to store its display name data. Please re-save this asset to avoid issues with localization and determinstic cooking.
[2018.09.28-12.51.52:666][  0]LogClass: Warning: Enum '/Game/Blueprints/MarkersNFT.MarkersNFT' was upgraded to use FText to store its display name data. Please re-save this asset to avoid issues with localization and determinstic cooking.
[2018.09.28-12.51.52:667][  0]LogAIModule: Creating AISystem for world ARToolkitSimple
[2018.09.28-12.51.52:671][  0]LogEditorServer: Finished looking for orphan Actors (0.000 secs)
[2018.09.28-12.51.52:682][  0]LogUObjectGlobals: Destroyed PersistentFrame Addr=0x0000022348bfbec0, Size=264
[2018.09.28-12.51.52:682][  0]LogUObjectGlobals: Destroyed PersistentFrame Addr=0x00000223337d5300, Size=648
[2018.09.28-12.51.52:682][  0]Cmd: MAP CHECKDEP NOCLEARLOG
[2018.09.28-12.51.52:730][  0]MapCheck: Map check complete: 0 Error(s), 0 Warning(s), took 47.649ms to complete.
[2018.09.28-12.51.52:730][  0]LogFileHelpers: Loading map 'ARToolkitSimple' took 0.481
[2018.09.28-12.51.52:872][  0]LogCollectionManager: Loaded 0 collections in 0.001576 seconds
[2018.09.28-12.51.52:924][  0]LogFileCache: Scanning file cache for directory 'C:/Users/Mark Thompson/Desktop/2018_UnrealTutes/AR/ARSampleUEv4_19/Saved/Collections/' took 0.01s
[2018.09.28-12.51.52:924][  0]LogFileCache: Scanning file cache for directory 'C:/Users/Mark Thompson/Desktop/2018_UnrealTutes/AR/ARSampleUEv4_19/Content/Developers/MarkThompson/Collections/' took 0.01s
[2018.09.28-12.51.52:924][  0]LogFileCache: Scanning file cache for directory 'C:/Users/Mark Thompson/Desktop/2018_UnrealTutes/AR/ARSampleUEv4_19/Content/Collections/' took 0.01s
[2018.09.28-12.51.52:924][  0]LogCollectionManager: Rebuilt the GUID cache for 0 collections in 0.000000 seconds
[2018.09.28-12.51.52:934][  0]LogContentBrowser: Native class hierarchy populated in 0.0095 seconds. Added 2453 classes and 561 folders.
[2018.09.28-12.51.52:942][  0]LogContentBrowser: Native class hierarchy updated for 'WidgetCarousel' in 0.0002 seconds. Added 0 classes and 0 folders.
[2018.09.28-12.51.52:989][  0]LogContentBrowser: Native class hierarchy updated for 'AddContentDialog' in 0.0003 seconds. Added 0 classes and 0 folders.
[2018.09.28-12.51.52:997][  0]LogContentBrowser: Native class hierarchy updated for 'SceneOutliner' in 0.0004 seconds. Added 1 classes and 2 folders.
[2018.09.28-12.51.53:076][  0]LogContentBrowser: Native class hierarchy updated for 'HierarchicalLODOutliner' in 0.0003 seconds. Added 0 classes and 0 folders.
[2018.09.28-12.51.53:077][  0]LogLoad: (Engine Initialization) Total time: 17.10 seconds
[2018.09.28-12.51.53:077][  0]LogLoad: (Engine Initialization) Total Blueprint compile time: 0.00 seconds
[2018.09.28-12.51.53:433][  0]LogAssetRegistry: Asset discovery search completed in 12.9435 seconds
[2018.09.28-12.51.53:435][  0]LogCollectionManager: Rebuilt the object cache for 0 collections in 0.000001 seconds (found 0 objects)
[2018.09.28-12.51.53:435][  0]LogCollectionManager: Fixed up redirectors for 0 collections in 0.000033 seconds (updated 0 objects)
[2018.09.28-12.51.53:436][  0]LogContentStreaming: Texture pool size now 1000 MB
[2018.09.28-12.51.53:442][  0]LogSlate: Took 0.000200 seconds to synchronously load lazily loaded font '../../../Engine/Content/Slate/Fonts/Roboto-Regular.ttf' (155K)
[2018.09.28-12.51.53:444][  0]LogSlate: Took 0.000169 seconds to synchronously load lazily loaded font '../../../Engine/Content/Slate/Fonts/Roboto-Bold.ttf' (160K)
[2018.09.28-12.51.53:448][  0]LogSlate: Took 0.000206 seconds to synchronously load lazily loaded font '../../../Engine/Content/Editor/Slate/Fonts/FontAwesome.ttf' (139K)
[2018.09.28-12.51.53:564][  0]LogSlate: Took 0.000195 seconds to synchronously load lazily loaded font '../../../Engine/Content/Slate/Fonts/Roboto-Light.ttf' (167K)
[2018.09.28-12.51.53:624][  1]LogRenderer: Reallocating scene render targets to support 804x360 Format 10 NumSamples 1 (Frame:1).
[2018.09.28-12.51.57:080][ 11]LogSlate: FSceneViewport::OnFocusLost() reason 0
[2018.09.28-12.51.57:132][ 11]LogRenderer: Reallocating scene render targets to support 1208x580 Format 10 NumSamples 1 (Frame:2).
[2018.09.28-12.51.58:067][101]LogSlate: Took 0.000190 seconds to synchronously load lazily loaded font '../../../Engine/Content/Slate/Fonts/Roboto-Light.ttf' (167K)
[2018.09.28-12.51.58:658][101]LogContentBrowser: Native class hierarchy updated for 'BlueprintGraph' in 0.0005 seconds. Added 116 classes and 0 folders.
[2018.09.28-12.51.59:020][101]LogUObjectGlobals: Created PersistentFrame Addr=0x0000022378eacd68, Size=4, Default__SKEL_PROTO_BP_AnimBlueprint_0_C Function /Engine/Transient.SKEL_PROTO_BP_AnimBlueprint_0_C:ExecuteUbergraph_PROTO_BP_AnimBlueprint_0
[2018.09.28-12.51.59:041][101]LogUObjectGlobals: Created PersistentFrame Addr=0x0000022378eacd60, Size=4, Default__PROTO_BP_AnimBlueprint_0_C Function /Engine/Transient.PROTO_BP_AnimBlueprint_0_C:ExecuteUbergraph_PROTO_BP_AnimBlueprint_0
[2018.09.28-12.52.00:004][101]LogSlate: Took 0.085392 seconds to synchronously load lazily loaded font '../../../Engine/Content/Slate/Fonts/Roboto-BoldCondensed.ttf' (158K)
[2018.09.28-12.52.00:456][102]LogSlate: Took 0.000214 seconds to synchronously load lazily loaded font '../../../Engine/Content/Slate/Fonts/Roboto-Italic.ttf' (157K)
[2018.09.28-12.52.36:524][664]LogSlate: Window 'ARToolkitBase*' being destroyed
[2018.09.28-12.52.36:533][664]LogSlate: Window 'ARToolkitBase*' being destroyed
[2018.09.28-12.52.41:116][188]LogSlate: Window 'Plugins' being destroyed
[2018.09.28-12.52.41:123][188]LogSlate: Window 'Plugins' being destroyed
[2018.09.28-12.52.41:123][188]LogDirectoryWatcher: A directory notification for '../../../Engine/Plugins/' was aborted.
[2018.09.28-12.52.41:123][188]LogDirectoryWatcher: A directory notification for '../../../../../../Users/Mark Thompson/Desktop/2018_UnrealTutes/AR/ARSampleUEv4_19/Plugins/' was aborted.
[2018.09.28-12.53.08:385][139]LogFactory: FactoryCreateFile: PackFactory with PackFactory (0 0 C:/Program Files/Epic Games/UE_4.19/FeaturePacks/TP_VirtualRealityBP.upack)
[2018.09.28-12.53.08:391][139]LogPackFactory: Finished extracting 8 files (including 0 errors).
[2018.09.28-12.53.08:393][139]LogPackFactory: Copied "../../../Templates/TP_VirtualRealityBP/Content/VirtualReality/Mannequin/Animations/MannequinHand_Right_CanGrab.uasset" to "../../../../../../Users/Mark Thompson/Desktop/2018_UnrealTutes/AR/ARSampleUEv4_19/Content/VirtualReality/Mannequin/Animations/MannequinHand_Right_CanGrab.uasset"
[2018.09.28-12.53.08:395][139]LogPackFactory: Copied "../../../Templates/TP_VirtualRealityBP/Content/VirtualReality/Mannequin/Animations/MannequinHand_Right_Grab.uasset" to "../../../../../../Users/Mark Thompson/Desktop/2018_UnrealTutes/AR/ARSampleUEv4_19/Content/VirtualReality/Mannequin/Animations/MannequinHand_Right_Grab.uasset"
[2018.09.28-12.53.08:397][139]LogPackFactory: Copied "../../../Templates/TP_VirtualRealityBP/Content/VirtualReality/Mannequin/Animations/MannequinHand_Right_Open.uasset" to "../../../../../../Users/Mark Thompson/Desktop/2018_UnrealTutes/AR/ARSampleUEv4_19/Content/VirtualReality/Mannequin/Animations/MannequinHand_Right_Open.uasset"
[2018.09.28-12.53.08:398][139]LogPackFactory: Copied "../../../Templates/TP_VirtualRealityBP/Content/VirtualReality/Mannequin/Animations/RightGrip_BS.uasset" to "../../../../../../Users/Mark Thompson/Desktop/2018_UnrealTutes/AR/ARSampleUEv4_19/Content/VirtualReality/Mannequin/Animations/RightGrip_BS.uasset"
[2018.09.28-12.53.08:400][139]LogPackFactory: Copied "../../../Templates/TP_VirtualRealityBP/Content/VirtualReality/Mannequin/Animations/RightHand_AnimBP.uasset" to "../../../../../../Users/Mark Thompson/Desktop/2018_UnrealTutes/AR/ARSampleUEv4_19/Content/VirtualReality/Mannequin/Animations/RightHand_AnimBP.uasset"
[2018.09.28-12.53.08:402][139]LogPackFactory: Copied "../../../Templates/TP_VirtualRealityBP/Content/VirtualReality/Mannequin/Character/Materials/M_HandMat.uasset" to "../../../../../../Users/Mark Thompson/Desktop/2018_UnrealTutes/AR/ARSampleUEv4_19/Content/VirtualReality/Mannequin/Character/Materials/M_HandMat.uasset"
[2018.09.28-12.53.08:404][139]LogPackFactory: Copied "../../../Templates/TP_VirtualRealityBP/Content/VirtualReality/Mannequin/Character/Mesh/MannequinHand_Right.uasset" to "../../../../../../Users/Mark Thompson/Desktop/2018_UnrealTutes/AR/ARSampleUEv4_19/Content/VirtualReality/Mannequin/Character/Mesh/MannequinHand_Right.uasset"
[2018.09.28-12.53.08:405][139]LogPackFactory: Copied "../../../Templates/TP_VirtualRealityBP/Content/VirtualReality/Mannequin/Character/Mesh/MannequinHand_Right_PhysicsAsset.uasset" to "../../../../../../Users/Mark Thompson/Desktop/2018_UnrealTutes/AR/ARSampleUEv4_19/Content/VirtualReality/Mannequin/Character/Mesh/MannequinHand_Right_PhysicsAsset.uasset"
[2018.09.28-12.53.08:407][139]LogPackFactory: Copied "../../../Templates/TP_VirtualRealityBP/Content/VirtualReality/Mannequin/Character/Mesh/MannequinHand_Right_Skeleton.uasset" to "../../../../../../Users/Mark Thompson/Desktop/2018_UnrealTutes/AR/ARSampleUEv4_19/Content/VirtualReality/Mannequin/Character/Mesh/MannequinHand_Right_Skeleton.uasset"
[2018.09.28-12.53.08:409][139]LogPackFactory: Copied "../../../Templates/TP_VirtualRealityBP/Content/VirtualReality/Mannequin/Character/Textures/UE4_Mannequin_MAT_MASKA.uasset" to "../../../../../../Users/Mark Thompson/Desktop/2018_UnrealTutes/AR/ARSampleUEv4_19/Content/VirtualReality/Mannequin/Character/Textures/UE4_Mannequin_MAT_MASKA.uasset"
[2018.09.28-12.53.08:414][139]LogPackFactory: Copied "../../../Templates/TP_VirtualRealityBP/Content/VirtualReality/Mannequin/Character/Textures/UE4_Mannequin__normals.uasset" to "../../../../../../Users/Mark Thompson/Desktop/2018_UnrealTutes/AR/ARSampleUEv4_19/Content/VirtualReality/Mannequin/Character/Textures/UE4_Mannequin__normals.uasset"
[2018.09.28-12.53.08:415][139]LogPackFactory: Copied "../../../Templates/TP_VirtualRealityBP/Content/VirtualReality/Materials/GenericHMDMaterial.uasset" to "../../../../../../Users/Mark Thompson/Desktop/2018_UnrealTutes/AR/ARSampleUEv4_19/Content/VirtualReality/Materials/GenericHMDMaterial.uasset"
[2018.09.28-12.53.08:417][139]LogPackFactory: Copied "../../../Templates/TP_VirtualRealityBP/Content/VirtualReality/Materials/MF_OccludedPixels.uasset" to "../../../../../../Users/Mark Thompson/Desktop/2018_UnrealTutes/AR/ARSampleUEv4_19/Content/VirtualReality/Materials/MF_OccludedPixels.uasset"
[2018.09.28-12.53.08:419][139]LogPackFactory: Copied "../../../Templates/TP_VirtualRealityBP/Content/VirtualReality/Materials/MI_BaseMaterial2.uasset" to "../../../../../../Users/Mark Thompson/Desktop/2018_UnrealTutes/AR/ARSampleUEv4_19/Content/VirtualReality/Materials/MI_BaseMaterial2.uasset"
[2018.09.28-12.53.08:420][139]LogPackFactory: Copied "../../../Templates/TP_VirtualRealityBP/Content/VirtualReality/Materials/MI_BaseMaterial3.uasset" to "../../../../../../Users/Mark Thompson/Desktop/2018_UnrealTutes/AR/ARSampleUEv4_19/Content/VirtualReality/Materials/MI_BaseMaterial3.uasset"
[2018.09.28-12.53.08:421][139]LogPackFactory: Copied "../../../Templates/TP_VirtualRealityBP/Content/VirtualReality/Materials/MI_ChaperoneOutline.uasset" to "../../../../../../Users/Mark Thompson/Desktop/2018_UnrealTutes/AR/ARSampleUEv4_19/Content/VirtualReality/Materials/MI_ChaperoneOutline.uasset"
[2018.09.28-12.53.08:423][139]LogPackFactory: Copied "../../../Templates/TP_VirtualRealityBP/Content/VirtualReality/Materials/MI_SmallCubes.uasset" to "../../../../../../Users/Mark Thompson/Desktop/2018_UnrealTutes/AR/ARSampleUEv4_19/Content/VirtualReality/Materials/MI_SmallCubes.uasset"
[2018.09.28-12.53.08:424][139]LogPackFactory: Copied "../../../Templates/TP_VirtualRealityBP/Content/VirtualReality/Materials/MI_TeleportCylinderPreview.uasset" to "../../../../../../Users/Mark Thompson/Desktop/2018_UnrealTutes/AR/ARSampleUEv4_19/Content/VirtualReality/Materials/MI_TeleportCylinderPreview.uasset"
[2018.09.28-12.53.08:425][139]LogPackFactory: Copied "../../../Templates/TP_VirtualRealityBP/Content/VirtualReality/Materials/M_ArcEndpoint.uasset" to "../../../../../../Users/Mark Thompson/Desktop/2018_UnrealTutes/AR/ARSampleUEv4_19/Content/VirtualReality/Materials/M_ArcEndpoint.uasset"
[2018.09.28-12.53.08:427][139]LogPackFactory: Copied "../../../Templates/TP_VirtualRealityBP/Content/VirtualReality/Materials/M_BaseMaterial.uasset" to "../../../../../../Users/Mark Thompson/Desktop/2018_UnrealTutes/AR/ARSampleUEv4_19/Content/VirtualReality/Materials/M_BaseMaterial.uasset"
[2018.09.28-12.53.08:428][139]LogPackFactory: Copied "../../../Templates/TP_VirtualRealityBP/Content/VirtualReality/Materials/M_SplineArcMat.uasset" to "../../../../../../Users/Mark Thompson/Desktop/2018_UnrealTutes/AR/ARSampleUEv4_19/Content/VirtualReality/Materials/M_SplineArcMat.uasset"
[2018.09.28-12.53.08:429][139]LogPackFactory: Copied "../../../Templates/TP_VirtualRealityBP/Content/VirtualReality/Materials/M_TeleportPreviews.uasset" to "../../../../../../Users/Mark Thompson/Desktop/2018_UnrealTutes/AR/ARSampleUEv4_19/Content/VirtualReality/Materials/M_TeleportPreviews.uasset"
[2018.09.28-12.53.08:431][139]LogPackFactory: Copied "../../../Templates/TP_VirtualRealityBP/Content/VirtualReality/Materials/TeleportMCP.uasset" to "../../../../../../Users/Mark Thompson/Desktop/2018_UnrealTutes/AR/ARSampleUEv4_19/Content/VirtualReality/Materials/TeleportMCP.uasset"
[2018.09.28-12.53.08:432][139]LogPackFactory: Copied "../../../Templates/TP_VirtualRealityBP/Content/VirtualReality/Meshes/1x1_cube.uasset" to "../../../../../../Users/Mark Thompson/Desktop/2018_UnrealTutes/AR/ARSampleUEv4_19/Content/VirtualReality/Meshes/1x1_cube.uasset"
[2018.09.28-12.53.08:434][139]LogPackFactory: Copied "../../../Templates/TP_VirtualRealityBP/Content/VirtualReality/Meshes/BeaconDirection.uasset" to "../../../../../../Users/Mark Thompson/Desktop/2018_UnrealTutes/AR/ARSampleUEv4_19/Content/VirtualReality/Meshes/BeaconDirection.uasset"
[2018.09.28-12.53.08:436][139]LogPackFactory: Copied "../../../Templates/TP_VirtualRealityBP/Content/VirtualReality/Meshes/BeamMesh.uasset" to "../../../../../../Users/Mark Thompson/Desktop/2018_UnrealTutes/AR/ARSampleUEv4_19/Content/VirtualReality/Meshes/BeamMesh.uasset"
[2018.09.28-12.53.08:438][139]LogPackFactory: Copied "../../../Templates/TP_VirtualRealityBP/Content/VirtualReality/Meshes/GenericHMD.uasset" to "../../../../../../Users/Mark Thompson/Desktop/2018_UnrealTutes/AR/ARSampleUEv4_19/Content/VirtualReality/Meshes/GenericHMD.uasset"
[2018.09.28-12.53.08:439][139]LogPackFactory: Copied "../../../Templates/TP_VirtualRealityBP/Content/VirtualReality/Meshes/SM_FatCylinder.uasset" to "../../../../../../Users/Mark Thompson/Desktop/2018_UnrealTutes/AR/ARSampleUEv4_19/Content/VirtualReality/Meshes/SM_FatCylinder.uasset"
[2018.09.28-12.53.08:442][139]LogPackFactory: Copied "../../../Templates/TP_VirtualRealityBP/Content/VirtualRealityBP/Blueprints/BP_MotionController.uasset" to "../../../../../../Users/Mark Thompson/Desktop/2018_UnrealTutes/AR/ARSampleUEv4_19/Content/VirtualRealityBP/Blueprints/BP_MotionController.uasset"
[2018.09.28-12.53.08:443][139]LogPackFactory: Copied "../../../Templates/TP_VirtualRealityBP/Content/VirtualRealityBP/Blueprints/BP_PickupCube.uasset" to "../../../../../../Users/Mark Thompson/Desktop/2018_UnrealTutes/AR/ARSampleUEv4_19/Content/VirtualRealityBP/Blueprints/BP_PickupCube.uasset"
[2018.09.28-12.53.08:445][139]LogPackFactory: Copied "../../../Templates/TP_VirtualRealityBP/Content/VirtualRealityBP/Blueprints/GripEnum.uasset" to "../../../../../../Users/Mark Thompson/Desktop/2018_UnrealTutes/AR/ARSampleUEv4_19/Content/VirtualRealityBP/Blueprints/GripEnum.uasset"
[2018.09.28-12.53.08:447][139]LogPackFactory: Copied "../../../Templates/TP_VirtualRealityBP/Content/VirtualRealityBP/Blueprints/HMDLocomotionPawn.uasset" to "../../../../../../Users/Mark Thompson/Desktop/2018_UnrealTutes/AR/ARSampleUEv4_19/Content/VirtualRealityBP/Blueprints/HMDLocomotionPawn.uasset"
[2018.09.28-12.53.08:448][139]LogPackFactory: Copied "../../../Templates/TP_VirtualRealityBP/Content/VirtualRealityBP/Blueprints/MotionControllerHaptics.uasset" to "../../../../../../Users/Mark Thompson/Desktop/2018_UnrealTutes/AR/ARSampleUEv4_19/Content/VirtualRealityBP/Blueprints/MotionControllerHaptics.uasset"
[2018.09.28-12.53.08:450][139]LogPackFactory: Copied "../../../Templates/TP_VirtualRealityBP/Content/VirtualRealityBP/Blueprints/MotionControllerPawn.uasset" to "../../../../../../Users/Mark Thompson/Desktop/2018_UnrealTutes/AR/ARSampleUEv4_19/Content/VirtualRealityBP/Blueprints/MotionControllerPawn.uasset"
[2018.09.28-12.53.08:451][139]LogPackFactory: Copied "../../../Templates/TP_VirtualRealityBP/Content/VirtualRealityBP/Blueprints/PickupActorInterface.uasset" to "../../../../../../Users/Mark Thompson/Desktop/2018_UnrealTutes/AR/ARSampleUEv4_19/Content/VirtualRealityBP/Blueprints/PickupActorInterface.uasset"
[2018.09.28-12.53.08:453][139]LogPackFactory: Copied "../../../Templates/TP_VirtualRealityBP/Content/VirtualRealityBP/Blueprints/VirtualRealityPawn.uasset" to "../../../../../../Users/Mark Thompson/Desktop/2018_UnrealTutes/AR/ARSampleUEv4_19/Content/VirtualRealityBP/Blueprints/VirtualRealityPawn.uasset"
[2018.09.28-12.53.08:455][139]LogPackFactory: Copied "../../../Templates/TP_VirtualRealityBP/Content/VirtualRealityBP/Maps/HMDLocomotionMap.umap" to "../../../../../../Users/Mark Thompson/Desktop/2018_UnrealTutes/AR/ARSampleUEv4_19/Content/VirtualRealityBP/Maps/HMDLocomotionMap.umap"
[2018.09.28-12.53.08:459][139]LogPackFactory: Copied "../../../Templates/TP_VirtualRealityBP/Content/VirtualRealityBP/Maps/HMDLocomotionMap_BuiltData.uasset" to "../../../../../../Users/Mark Thompson/Desktop/2018_UnrealTutes/AR/ARSampleUEv4_19/Content/VirtualRealityBP/Maps/HMDLocomotionMap_BuiltData.uasset"
[2018.09.28-12.53.08:461][139]LogPackFactory: Copied "../../../Templates/TP_VirtualRealityBP/Content/VirtualRealityBP/Maps/MotionControllerMap.umap" to "../../../../../../Users/Mark Thompson/Desktop/2018_UnrealTutes/AR/ARSampleUEv4_19/Content/VirtualRealityBP/Maps/MotionControllerMap.umap"
[2018.09.28-12.53.08:465][139]LogPackFactory: Copied "../../../Templates/TP_VirtualRealityBP/Content/VirtualRealityBP/Maps/MotionControllerMap_BuiltData.uasset" to "../../../../../../Users/Mark Thompson/Desktop/2018_UnrealTutes/AR/ARSampleUEv4_19/Content/VirtualRealityBP/Maps/MotionControllerMap_BuiltData.uasset"
[2018.09.28-12.53.08:466][139]LogPackFactory: Copied "../../../Templates/TP_VirtualRealityBP/Content/VirtualRealityBP/Maps/StartupMap.umap" to "../../../../../../Users/Mark Thompson/Desktop/2018_UnrealTutes/AR/ARSampleUEv4_19/Content/VirtualRealityBP/Maps/StartupMap.umap"
[2018.09.28-12.53.08:468][139]LogPackFactory: Copied "../../../Templates/TP_VirtualRealityBP/Content/VirtualRealityBP/Maps/StartupMap_BuiltData.uasset" to "../../../../../../Users/Mark Thompson/Desktop/2018_UnrealTutes/AR/ARSampleUEv4_19/Content/VirtualRealityBP/Maps/StartupMap_BuiltData.uasset"
[2018.09.28-12.53.08:734][139]LogSkeletalMesh: Skeletal Mesh found in DDC [1.457152ms] /Game/VirtualReality/Mannequin/Character/Mesh/MannequinHand_Right.MannequinHand_Right
[2018.09.28-12.53.08:763][139]LogMaterial: Missing cached shader map for material M_HandMat, compiling. 
[2018.09.28-12.53.08:819][139]LogShaderCompilers: Display: Shaders left to compile 60
[2018.09.28-12.53.08:819][139]LogShaderCompilers: Display: Shaders left to compile 50
[2018.09.28-12.53.08:819][139]LogShaderCompilers: Display: Shaders left to compile 40
[2018.09.28-12.53.08:819][139]LogShaderCompilers: Display: Shaders left to compile 30
[2018.09.28-12.53.08:849][139]LogSavePackage: Save=8.93ms
[2018.09.28-12.53.08:849][139]LogSavePackage: Moving '../../../../../../Users/Mark Thompson/Desktop/2018_UnrealTutes/AR/ARSampleUEv4_19/Saved/MannequinHand_Right_CanGrab233620F84966A9643A1F999E26BB1D1F.tmp' to '../../../../../../Users/Mark Thompson/Desktop/2018_UnrealTutes/AR/ARSampleUEv4_19/Content/VirtualReality/Mannequin/Animations/MannequinHand_Right_CanGrab.uasset'
[2018.09.28-12.53.08:856][139]LogSavePackage: Display: Finished SavePackage ../../../../../../Users/Mark Thompson/Desktop/2018_UnrealTutes/AR/ARSampleUEv4_19/Content/VirtualReality/Mannequin/Animations/MannequinHand_Right_CanGrab.uasset
[2018.09.28-12.53.08:863][139]LogLinker: Warning: Can't find file '/Game/VirtualRealityBP/VirtualReality'
[2018.09.28-12.53.08:863][139]LogLinker: Warning: Can't find file '/Game/VirtualRealityBP/VirtualReality'
[2018.09.28-12.53.08:863][139]LogUObjectGlobals: Warning: Failed to find object 'Object /Game/VirtualRealityBP/VirtualReality.VirtualReality'
[2018.09.28-12.53.11:124][332]LogShaderCompilers: Display: Shaders left to compile 20
[2018.09.28-12.53.11:469][357]LogShaderCompilers: Display: Shaders left to compile 10
[2018.09.28-12.53.12:556][470]LogSlate: Window 'Add Content to the Project' being destroyed
[2018.09.28-12.53.27:544][149]LogRenderer: Reallocating scene render targets to support 1208x704 Format 10 NumSamples 1 (Frame:1).
[2018.09.28-12.53.32:258][654]LogSlate: FSceneViewport::OnFocusLost() reason 0
[2018.09.28-12.53.55:353][106]LogSlate: Window 'MarkersNFT' being destroyed
[2018.09.28-12.53.55:359][106]LogSlate: Window 'MarkersNFT' being destroyed
[2018.09.28-12.53.56:625][245]LogLinker: Warning: Can't find file '/Game/UI/HUD_Custom'
[2018.09.28-12.53.56:625][245]LogLinker: Warning: Can't find file for asset '/Game/UI/HUD_Custom' while loading ../../../../../../Users/Mark Thompson/Desktop/2018_UnrealTutes/AR/ARSampleUEv4_19/Content/Blueprints/Mouse_GameMode.uasset.
[2018.09.28-12.53.56:625][245]LoadErrors: Error: /Game/Blueprints/Mouse_GameMode : Can't find file for asset. /Game/UI/HUD_Custom
[2018.09.28-12.53.56:626][245]LogLinker: Warning: Can't find file '/Game/UI/HUD_Custom'
[2018.09.28-12.53.56:626][245]LogLinker: Warning: Can't find file for asset '/Game/UI/HUD_Custom' while loading ../../../../../../Users/Mark Thompson/Desktop/2018_UnrealTutes/AR/ARSampleUEv4_19/Content/Blueprints/Mouse_GameMode.uasset.
[2018.09.28-12.53.56:626][245]LogLinker: Warning: Can't find file '/Game/UI/HUD_Custom'
[2018.09.28-12.53.56:626][245]LogLinker: Warning: Can't find file for asset '/Game/UI/HUD_Custom' while loading NULL.
[2018.09.28-12.53.56:626][245]LogLinker: Warning: Can't find file '/Game/UI/HUD_Custom'
[2018.09.28-12.53.56:626][245]LogLinker: Warning: Can't find file for asset '/Game/UI/HUD_Custom' while loading NULL.
[2018.09.28-12.53.56:627][245]LogLinker: Warning: Can't find file '/Game/UI/HUD_Custom'
[2018.09.28-12.53.56:627][245]LoadErrors: Failed to load /Game/UI/HUD_Custom.HUD_Custom_C Referenced by Default__Mouse_GameMode_C
[2018.09.28-12.53.56:627][245]LogLinker: Warning: Can't find file for asset '/Game/UI/HUD_Custom' while loading NULL.
[2018.09.28-12.54.00:513][670]LogSlate: Window 'Mouse_GameMode' being destroyed
[2018.09.28-12.54.00:518][670]LogSlate: Window 'Mouse_GameMode' being destroyed
[2018.09.28-12.54.15:632][419]LogSlate: Window 'Mouse_PlayerController' being destroyed
[2018.09.28-12.54.35:019][589]LogSlate: Window 'Save Content' being destroyed
[2018.09.28-12.54.35:069][589]LogSlate: Window 'ARSample - Unreal Editor' being destroyed
[2018.09.28-12.54.35:239][590]Cmd: QUIT_EDITOR
[2018.09.28-12.54.35:253][590]LogWindowsTextInputMethodSystem: Display: IME system now deactivated.
[2018.09.28-12.54.35:265][590]LogSlate: Slate User Destroyed.  User Index 0, Is Virtual User: 0
[2018.09.28-12.54.35:265][590]LogExit: Preparing to exit.
[2018.09.28-12.54.36:028][590]LogDirectoryWatcher: A directory notification for 'C:/Users/Mark Thompson/Desktop/2018_UnrealTutes/AR/ARSampleUEv4_19/Content/' was aborted.
[2018.09.28-12.54.36:066][590]LogExit: Editor shut down
[2018.09.28-12.54.36:070][590]LogExit: Transaction tracking system shut down
[2018.09.28-12.54.36:070][590]LogUObjectGlobals: Destroyed PersistentFrame Addr=0x0000022348bf96c0, Size=264
[2018.09.28-12.54.36:071][590]LogUObjectGlobals: Destroyed PersistentFrame Addr=0x00000223285e6e00, Size=648
[2018.09.28-12.54.36:072][590]LogUObjectGlobals: Destroyed PersistentFrame Addr=0x0000022378eacd68, Size=4
[2018.09.28-12.54.36:073][590]LogUObjectGlobals: Destroyed PersistentFrame Addr=0x0000022378eacd60, Size=4
[2018.09.28-12.54.36:119][590]LogDirectoryWatcher: A directory notification for '../../Plugins/2D/Paper2D/Content/' was aborted.
[2018.09.28-12.54.36:119][590]LogDirectoryWatcher: A directory notification for '../../Plugins/Enterprise/DatasmithContent/Content/' was aborted.
[2018.09.28-12.54.36:119][590]LogDirectoryWatcher: A directory notification for '../../Plugins/Media/MediaCompositing/Content/' was aborted.
[2018.09.28-12.54.36:119][590]LogDirectoryWatcher: A directory notification for '../../Plugins/Runtime/AppleARKit/Content/' was aborted.
[2018.09.28-12.54.36:119][590]LogDirectoryWatcher: A directory notification for '../../Plugins/Runtime/Oculus/OculusVR/Content/' was aborted.
[2018.09.28-12.54.36:119][590]LogDirectoryWatcher: A directory notification for '../../Plugins/Runtime/Steam/SteamVR/Content/' was aborted.
[2018.09.28-12.54.36:203][590]LogExit: Object subsystem successfully closed.
[2018.09.28-12.54.36:222][590]LogShaderCompilers: Display: Shaders left to compile 0
[2018.09.28-12.54.36:225][590]LogD3D11RHI: Shutdown
[2018.09.28-12.54.36:225][590]LogD3D11RHI: CleanupD3DDevice
[2018.09.28-12.54.36:226][590]LogD3D11RHI: ~FD3D11DynamicRHI
[2018.09.28-12.54.36:240][590]LogModuleManager: Shutting down and abandoning module BlueprintGraph (578)
[2018.09.28-12.54.36:240][590]LogModuleManager: Shutting down and abandoning module HierarchicalLODOutliner (576)
[2018.09.28-12.54.36:240][590]LogModuleManager: Shutting down and abandoning module SceneOutliner (574)
[2018.09.28-12.54.36:240][590]LogModuleManager: Shutting down and abandoning module AddContentDialog (572)
[2018.09.28-12.54.36:240][590]LogDirectoryWatcher: A directory notification for 'C:/Program Files/Epic Games/UE_4.19/FeaturePacks/' was aborted.
[2018.09.28-12.54.36:241][590]LogModuleManager: Shutting down and abandoning module WidgetCarousel (571)
[2018.09.28-12.54.36:241][590]LogModuleManager: Shutting down and abandoning module EditorWidgets (568)
[2018.09.28-12.54.36:241][590]LogModuleManager: Shutting down and abandoning module CollectionManager (566)
[2018.09.28-12.54.36:241][590]LogDirectoryWatcher: A directory notification for 'C:/Users/Mark Thompson/Desktop/2018_UnrealTutes/AR/ARSampleUEv4_19/Content/Collections/' was aborted.
[2018.09.28-12.54.36:241][590]LogDirectoryWatcher: A directory notification for 'C:/Users/Mark Thompson/Desktop/2018_UnrealTutes/AR/ARSampleUEv4_19/Content/Developers/MarkThompson/Collections/' was aborted.
[2018.09.28-12.54.36:241][590]LogDirectoryWatcher: A directory notification for 'C:/Users/Mark Thompson/Desktop/2018_UnrealTutes/AR/ARSampleUEv4_19/Saved/Collections/' was aborted.
[2018.09.28-12.54.36:241][590]LogModuleManager: Shutting down and abandoning module StatsViewer (564)
[2018.09.28-12.54.36:241][590]LogModuleManager: Shutting down and abandoning module FoliageEdit (562)
[2018.09.28-12.54.36:241][590]LogModuleManager: Shutting down and abandoning module LandscapeEditor (560)
[2018.09.28-12.54.36:241][590]LogModuleManager: Shutting down and abandoning module MeshPaintMode (558)
[2018.09.28-12.54.36:241][590]LogModuleManager: Shutting down and abandoning module SceneDepthPickerMode (556)
[2018.09.28-12.54.36:241][590]LogModuleManager: Shutting down and abandoning module ActorPickerMode (554)
[2018.09.28-12.54.36:241][590]LogModuleManager: Shutting down and abandoning module GeometryMode (552)
[2018.09.28-12.54.36:241][590]LogModuleManager: Shutting down and abandoning module TextureAlignMode (550)
[2018.09.28-12.54.36:241][590]LogModuleManager: Shutting down and abandoning module BspMode (548)
[2018.09.28-12.54.36:241][590]LogModuleManager: Shutting down and abandoning module PIEPreviewDeviceProfileSelector (546)
[2018.09.28-12.54.36:241][590]LogModuleManager: Shutting down and abandoning module HardwareSurvey (544)
[2018.09.28-12.54.36:241][590]LogModuleManager: Shutting down and abandoning module SequenceRecorderSections (542)
[2018.09.28-12.54.36:241][590]LogModuleManager: Shutting down and abandoning module AutomationWorker (540)
[2018.09.28-12.54.36:241][590]LogModuleManager: Shutting down and abandoning module AudioCaptureEditor (538)
[2018.09.28-12.54.36:241][590]LogModuleManager: Shutting down and abandoning module SequenceRecorder (537)
[2018.09.28-12.54.36:241][590]LogModuleManager: Shutting down and abandoning module MatineeToLevelSequence (534)
[2018.09.28-12.54.36:241][590]LogModuleManager: Shutting down and abandoning module LevelSequenceEditor (532)
[2018.09.28-12.54.36:241][590]LogModuleManager: Shutting down and abandoning module PlacementMode (531)
[2018.09.28-12.54.36:241][590]LogModuleManager: Shutting down and abandoning module MaterialEditor (530)
[2018.09.28-12.54.36:241][590]LogModuleManager: Shutting down and abandoning module WmfMediaFactory (526)
[2018.09.28-12.54.36:241][590]LogModuleManager: Shutting down and abandoning module WmfMediaEditor (524)
[2018.09.28-12.54.36:241][590]LogModuleManager: Shutting down and abandoning module MediaPlayerEditor (522)
[2018.09.28-12.54.36:241][590]LogModuleManager: Shutting down and abandoning module OpenExrWrapper (520)
[2018.09.28-12.54.36:241][590]LogModuleManager: Shutting down and abandoning module ImgMediaFactory (518)
[2018.09.28-12.54.36:241][590]LogModuleManager: Shutting down and abandoning module ImgMediaEditor (516)
[2018.09.28-12.54.36:241][590]LogModuleManager: Shutting down and abandoning module AvfMediaFactory (514)
[2018.09.28-12.54.36:241][590]LogModuleManager: Shutting down and abandoning module AvfMediaEditor (512)
[2018.09.28-12.54.36:241][590]LogModuleManager: Shutting down and abandoning module AndroidMediaFactory (510)
[2018.09.28-12.54.36:241][590]LogModuleManager: Shutting down and abandoning module AndroidMediaEditor (508)
[2018.09.28-12.54.36:241][590]LogModuleManager: Shutting down and abandoning module CharacterAI (506)
[2018.09.28-12.54.36:241][590]LogModuleManager: Shutting down and abandoning module SmartSnapping (504)
[2018.09.28-12.54.36:241][590]LogModuleManager: Shutting down and abandoning module SessionServices (502)
[2018.09.28-12.54.36:241][590]LogModuleManager: Shutting down and abandoning module ViewportSnapping (500)
[2018.09.28-12.54.36:241][590]LogModuleManager: Shutting down and abandoning module ViewportInteraction (498)
[2018.09.28-12.54.36:241][590]LogModuleManager: Shutting down and abandoning module ClothPainter (496)
[2018.09.28-12.54.36:241][590]LogModuleManager: Shutting down and abandoning module SkeletalMeshEditor (495)
[2018.09.28-12.54.36:242][590]LogModuleManager: Shutting down and abandoning module LogVisualizer (492)
[2018.09.28-12.54.36:242][590]LogModuleManager: Shutting down and abandoning module IntroTutorials (490)
[2018.09.28-12.54.36:242][590]LogModuleManager: Shutting down and abandoning module GameProjectGeneration (489)
[2018.09.28-12.54.36:242][590]LogModuleManager: Shutting down and abandoning module IOSPlatformEditor (486)
[2018.09.28-12.54.36:242][590]LogModuleManager: Shutting down and abandoning module HTML5PlatformEditor (484)
[2018.09.28-12.54.36:242][590]LogModuleManager: Shutting down and abandoning module AndroidPlatformEditor (482)
[2018.09.28-12.54.36:242][590]LogModuleManager: Shutting down and abandoning module AndroidDeviceDetection (481)
[2018.09.28-12.54.36:546][590]LogModuleManager: Shutting down and abandoning module WindowsPlatformEditor (478)
[2018.09.28-12.54.36:546][590]LogModuleManager: Shutting down and abandoning module IOSRuntimeSettings (476)
[2018.09.28-12.54.36:546][590]LogModuleManager: Shutting down and abandoning module AndroidRuntimeSettings (474)
[2018.09.28-12.54.36:546][590]LogModuleManager: Shutting down and abandoning module InputBindingEditor (472)
[2018.09.28-12.54.36:546][590]LogModuleManager: Shutting down and abandoning module MergeActors (470)
[2018.09.28-12.54.36:546][590]LogModuleManager: Shutting down and abandoning module LocalizationDashboard (468)
[2018.09.28-12.54.36:546][590]LogModuleManager: Shutting down and abandoning module LocalizationService (467)
[2018.09.28-12.54.36:546][590]LogModuleManager: Shutting down and abandoning module HardwareTargeting (464)
[2018.09.28-12.54.36:546][590]LogModuleManager: Shutting down and abandoning module DeviceProfileEditor (462)
[2018.09.28-12.54.36:546][590]LogModuleManager: Shutting down and abandoning module UndoHistory (460)
[2018.09.28-12.54.36:546][590]LogModuleManager: Shutting down and abandoning module XmlParser (458)
[2018.09.28-12.54.36:546][590]LogModuleManager: Shutting down and abandoning module Blutility (456)
[2018.09.28-12.54.36:546][590]LogModuleManager: Shutting down and abandoning module ProjectSettingsViewer (454)
[2018.09.28-12.54.36:546][590]LogModuleManager: Shutting down and abandoning module ProjectTargetPlatformEditor (453)
[2018.09.28-12.54.36:547][590]LogModuleManager: Shutting down and abandoning module EditorSettingsViewer (450)
[2018.09.28-12.54.36:547][590]LogModuleManager: Shutting down and abandoning module SettingsEditor (448)
[2018.09.28-12.54.36:547][590]LogModuleManager: Shutting down and abandoning module ProjectLauncher (446)
[2018.09.28-12.54.36:547][590]LogModuleManager: Shutting down and abandoning module SessionFrontend (444)
[2018.09.28-12.54.36:547][590]LogModuleManager: Shutting down and abandoning module ProfilerClient (442)
[2018.09.28-12.54.36:547][590]LogModuleManager: Shutting down and abandoning module DeviceManager (440)
[2018.09.28-12.54.36:547][590]LogModuleManager: Shutting down and abandoning module TargetDeviceServices (439)
[2018.09.28-12.54.36:602][590]LogModuleManager: Shutting down and abandoning module AutomationController (436)
[2018.09.28-12.54.36:602][590]LogModuleManager: Shutting down and abandoning module AutomationWindow (434)
[2018.09.28-12.54.36:602][590]LogModuleManager: Shutting down and abandoning module Layers (432)
[2018.09.28-12.54.36:602][590]LogModuleManager: Shutting down and abandoning module ComponentVisualizers (430)
[2018.09.28-12.54.36:602][590]LogModuleManager: Shutting down and abandoning module DetailCustomizations (428)
[2018.09.28-12.54.36:602][590]LogModuleManager: Shutting down and abandoning module PackagesDialog (426)
[2018.09.28-12.54.36:602][590]LogModuleManager: Shutting down and abandoning module Persona (424)
[2018.09.28-12.54.36:602][590]LogModuleManager: Shutting down and abandoning module AdvancedPreviewScene (423)
[2018.09.28-12.54.36:602][590]LogModuleManager: Shutting down and abandoning module AnimGraph (421)
[2018.09.28-12.54.36:602][590]LogModuleManager: Shutting down and abandoning module Kismet (418)
[2018.09.28-12.54.36:606][590]LogModuleManager: Shutting down and abandoning module GraphEditor (416)
[2018.09.28-12.54.36:606][590]LogModuleManager: Shutting down and abandoning module ClassViewer (414)
[2018.09.28-12.54.36:606][590]LogModuleManager: Shutting down and abandoning module Toolbox (412)
[2018.09.28-12.54.36:606][590]LogModuleManager: Shutting down and abandoning module ModuleUI (410)
[2018.09.28-12.54.36:606][590]LogModuleManager: Shutting down and abandoning module MovieSceneTools (408)
[2018.09.28-12.54.36:606][590]LogModuleManager: Shutting down and abandoning module OutputLog (406)
[2018.09.28-12.54.36:606][590]LogModuleManager: Shutting down and abandoning module GammaUI (404)
[2018.09.28-12.54.36:606][590]LogModuleManager: Shutting down and abandoning module Documentation (402)
[2018.09.28-12.54.36:606][590]LogModuleManager: Shutting down and abandoning module MovieSceneTracks (400)
[2018.09.28-12.54.36:606][590]LogModuleManager: Shutting down and abandoning module MovieScene (398)
[2018.09.28-12.54.36:606][590]LogModuleManager: Shutting down and abandoning module StreamingPauseRendering (396)
[2018.09.28-12.54.36:606][590]LogModuleManager: Shutting down and abandoning module LauncherPlatform (394)
[2018.09.28-12.54.36:606][590]LogModuleManager: Shutting down and abandoning module AnalyticsET (392)
[2018.09.28-12.54.36:606][590]LogModuleManager: Shutting down and abandoning module PortalServices (390)
[2018.09.28-12.54.36:606][590]LogModuleManager: Shutting down and abandoning module PortalRpc (388)
[2018.09.28-12.54.36:607][590]LogModuleManager: Shutting down and abandoning module MessagingRpc (386)
[2018.09.28-12.54.36:607][590]LogModuleManager: Shutting down and abandoning module AIModule (384)
[2018.09.28-12.54.36:607][590]LogModuleManager: Shutting down and abandoning module GameplayDebugger (383)
[2018.09.28-12.54.36:607][590]LogModuleManager: Shutting down and abandoning module AITestSuite (381)
[2018.09.28-12.54.36:607][590]LogModuleManager: Shutting down and abandoning module DesktopPlatform (378)
[2018.09.28-12.54.36:607][590]LogModuleManager: Shutting down and abandoning module ProfilerService (376)
[2018.09.28-12.54.36:721][590]LogModuleManager: Shutting down and abandoning module TaskGraph (374)
[2018.09.28-12.54.36:721][590]LogModuleManager: Shutting down and abandoning module ARToolkitPlugin (372)
[2018.09.28-12.54.36:721][590]ARToolkit: Device shutdown
[2018.09.28-12.54.36:721][590]LogModuleManager: Shutting down and abandoning module SteamVRController (370)
[2018.09.28-12.54.36:721][590]LogModuleManager: Shutting down and abandoning module ProceduralMeshComponentEditor (368)
[2018.09.28-12.54.36:721][590]LogModuleManager: Shutting down and abandoning module ProceduralMeshComponent (366)
[2018.09.28-12.54.36:721][590]LogModuleManager: Shutting down and abandoning module OculusInput (364)
[2018.09.28-12.54.36:721][590]LogModuleManager: Shutting down and abandoning module MobilePatchingUtils (362)
[2018.09.28-12.54.36:721][590]LogModuleManager: Shutting down and abandoning module CustomMeshComponent (360)
[2018.09.28-12.54.36:721][590]LogModuleManager: Shutting down and abandoning module CableComponent (358)
[2018.09.28-12.54.36:721][590]LogModuleManager: Shutting down and abandoning module AudioCapture (356)
[2018.09.28-12.54.36:721][590]LogModuleManager: Shutting down and abandoning module ArchVisCharacter (354)
[2018.09.28-12.54.36:721][590]LogModuleManager: Shutting down and abandoning module AndroidPermission (352)
[2018.09.28-12.54.36:721][590]LogModuleManager: Shutting down and abandoning module NUTUnrealEngine4 (348)
[2018.09.28-12.54.36:721][590]LogModuleManager: Shutting down and abandoning module NetcodeUnitTest (346)
[2018.09.28-12.54.36:721][590]LogModuleManager: Shutting down and abandoning module MediaCompositingEditor (344)
[2018.09.28-12.54.36:721][590]LogModuleManager: Shutting down and abandoning module MediaCompositing (342)
[2018.09.28-12.54.36:721][590]LogModuleManager: Shutting down and abandoning module LinearTimecode (340)
[2018.09.28-12.54.36:721][590]LogModuleManager: Shutting down and abandoning module ImgMedia (338)
[2018.09.28-12.54.36:724][590]LogModuleManager: Shutting down and abandoning module HTML5Networking (336)
[2018.09.28-12.54.36:724][590]LogModuleManager: Shutting down and abandoning module AlembicImporter (334)
[2018.09.28-12.54.36:724][590]LogModuleManager: Shutting down and abandoning module AlembicLibrary (333)
[2018.09.28-12.54.36:724][590]LogModuleManager: Shutting down and abandoning module GeometryCache (332)
[2018.09.28-12.54.36:724][590]LogModuleManager: Shutting down and abandoning module GeometryCacheEd (331)
[2018.09.28-12.54.36:724][590]LogModuleManager: Shutting down and abandoning module DatasmithContent (326)
[2018.09.28-12.54.36:724][590]LogModuleManager: Shutting down and abandoning module SpeedTreeImporter (324)
[2018.09.28-12.54.36:724][590]LogModuleManager: Shutting down and abandoning module PluginBrowser (322)
[2018.09.28-12.54.36:724][590]LogModuleManager: Shutting down and abandoning module MobileLauncherProfileWizard (320)
[2018.09.28-12.54.36:724][590]LogModuleManager: Shutting down and abandoning module CryptoKeysOpenSSL (318)
[2018.09.28-12.54.36:724][590]LogModuleManager: Shutting down and abandoning module CryptoKeys (316)
[2018.09.28-12.54.36:724][590]LogModuleManager: Shutting down and abandoning module VisualStudioSourceCodeAccess (314)
[2018.09.28-12.54.36:724][590]LogModuleManager: Shutting down and abandoning module VisualStudioCodeSourceCodeAccess (312)
[2018.09.28-12.54.36:724][590]LogModuleManager: Shutting down and abandoning module UObjectPlugin (310)
[2018.09.28-12.54.36:724][590]LogModuleManager: Shutting down and abandoning module SubversionSourceControl (308)
[2018.09.28-12.54.36:724][590]LogModuleManager: Shutting down and abandoning module PerforceSourceControl (306)
[2018.09.28-12.54.36:724][590]LogModuleManager: Shutting down and abandoning module GitSourceControl (304)
[2018.09.28-12.54.36:724][590]LogModuleManager: Shutting down and abandoning module SourceControl (303)
[2018.09.28-12.54.36:724][590]LogModuleManager: Shutting down and abandoning module CLionSourceCodeAccess (300)
[2018.09.28-12.54.36:724][590]LogModuleManager: Shutting down and abandoning module LightPropagationVolumeEditor (298)
[2018.09.28-12.54.36:724][590]LogModuleManager: Shutting down and abandoning module PaperTiledImporter (296)
[2018.09.28-12.54.36:724][590]LogModuleManager: Shutting down and abandoning module PaperSpriteSheetImporter (294)
[2018.09.28-12.54.36:724][590]LogModuleManager: Shutting down and abandoning module Paper2DEditor (292)
[2018.09.28-12.54.36:724][590]LogModuleManager: Shutting down and abandoning module MeshPaint (291)
[2018.09.28-12.54.36:724][590]LogModuleManager: Shutting down and abandoning module RuntimePhysXCooking (288)
[2018.09.28-12.54.36:724][590]LogModuleManager: Shutting down and abandoning module PhysXVehiclesEditor (286)
[2018.09.28-12.54.36:724][590]LogModuleManager: Shutting down and abandoning module PhysXVehicles (284)
[2018.09.28-12.54.36:724][590]LogModuleManager: Shutting down and abandoning module OculusEditor (282)
[2018.09.28-12.54.36:724][590]LogModuleManager: Shutting down and abandoning module LocationServicesBPLibrary (280)
[2018.09.28-12.54.36:724][590]LogModuleManager: Shutting down and abandoning module ImmediatePhysicsEditor (278)
[2018.09.28-12.54.36:724][590]LogModuleManager: Shutting down and abandoning module ImmediatePhysics (276)
[2018.09.28-12.54.36:724][590]LogModuleManager: Shutting down and abandoning module ActorSequence (274)
[2018.09.28-12.54.36:724][590]LogModuleManager: Shutting down and abandoning module UdpMessaging (272)
[2018.09.28-12.54.36:825][590]LogModuleManager: Shutting down and abandoning module TcpMessaging (270)
[2018.09.28-12.54.36:963][590]LogModuleManager: Shutting down and abandoning module GameplayTagsEditor (268)
[2018.09.28-12.54.36:963][590]LogModuleManager: Shutting down and abandoning module FacialAnimationEditor (266)
[2018.09.28-12.54.36:963][590]LogModuleManager: Shutting down and abandoning module FacialAnimation (264)
[2018.09.28-12.54.36:963][590]LogModuleManager: Shutting down and abandoning module DataValidation (262)
[2018.09.28-12.54.36:963][590]LogModuleManager: Shutting down and abandoning module AssetManagerEditor (260)
[2018.09.28-12.54.36:963][590]LogModuleManager: Shutting down and abandoning module LevelEditor (259)
[2018.09.28-12.54.36:964][590]LogModuleManager: Shutting down and abandoning module PixelInspectorModule (258)
[2018.09.28-12.54.36:964][590]LogModuleManager: Shutting down and abandoning module CommonMenuExtensions (256)
[2018.09.28-12.54.36:964][590]LogModuleManager: Shutting down and abandoning module MainFrame (254)
[2018.09.28-12.54.36:964][590]LogModuleManager: Shutting down and abandoning module HotReload (253)
[2018.09.28-12.54.36:964][590]LogDirectoryWatcher: A directory notification for 'C:/Users/Mark Thompson/Desktop/2018_UnrealTutes/AR/ARSampleUEv4_19/Binaries/Win64' was aborted.
[2018.09.28-12.54.36:964][590]LogDirectoryWatcher: A directory notification for 'C:/Users/Mark Thompson/Desktop/2018_UnrealTutes/AR/ARSampleUEv4_19/Plugins/ARToolkitPlugin/Binaries/Win64' was aborted.
[2018.09.28-12.54.36:965][590]LogModuleManager: Shutting down and abandoning module ContentBrowser (249)
[2018.09.28-12.54.36:966][590]LogModuleManager: Shutting down and abandoning module TreeMap (247)
[2018.09.28-12.54.36:966][590]LogModuleManager: Shutting down and abandoning module LightPropagationVolumeRuntime (244)
[2018.09.28-12.54.36:966][590]LogModuleManager: Shutting down and abandoning module LiveLinkEditor (242)
[2018.09.28-12.54.36:966][590]LogModuleManager: Shutting down and abandoning module LiveLink (240)
[2018.09.28-12.54.37:360][590]LogModuleManager: Shutting down and abandoning module Paper2D (238)
[2018.09.28-12.54.37:360][590]LogModuleManager: Shutting down and abandoning module WindowsMoviePlayer (236)
[2018.09.28-12.54.37:360][590]LogModuleManager: Shutting down and abandoning module WmfMedia (234)
[2018.09.28-12.54.37:361][590]LogModuleManager: Shutting down and abandoning module Media (233)
[2018.09.28-12.54.37:367][590]LogModuleManager: Shutting down and abandoning module PacketHandler (230)
[2018.09.28-12.54.37:367][590]LogModuleManager: Shutting down and abandoning module ClothingSystemEditor (228)
[2018.09.28-12.54.37:367][590]LogModuleManager: Shutting down and abandoning module ClothingSystemRuntime (226)
[2018.09.28-12.54.37:367][590]LogModuleManager: Shutting down and abandoning module MediaAssets (224)
[2018.09.28-12.54.37:367][590]LogModuleManager: Shutting down and abandoning module Overlay (222)
[2018.09.28-12.54.37:367][590]LogModuleManager: Shutting down and abandoning module OverlayEditor (221)
[2018.09.28-12.54.37:367][590]LogModuleManager: Shutting down and abandoning module VREditor (218)
[2018.09.28-12.54.37:367][590]LogModuleManager: Shutting down and abandoning module StringTableEditor (216)
[2018.09.28-12.54.37:367][590]LogModuleManager: Shutting down and abandoning module GameplayTasksEditor (214)
[2018.09.28-12.54.37:367][590]LogModuleManager: Shutting down and abandoning module BehaviorTreeEditor (212)
[2018.09.28-12.54.37:367][590]LogModuleManager: Shutting down and abandoning module FunctionalTesting (210)
[2018.09.28-12.54.37:367][590]LogModuleManager: Shutting down and abandoning module CollisionAnalyzer (208)
[2018.09.28-12.54.37:367][590]LogModuleManager: Shutting down and abandoning module WorkspaceMenuStructure (207)
[2018.09.28-12.54.37:367][590]LogModuleManager: Shutting down and abandoning module UMG (204)
[2018.09.28-12.54.37:367][590]LogModuleManager: Shutting down and abandoning module UMGEditor (203)
[2018.09.28-12.54.37:367][590]LogModuleManager: Shutting down and abandoning module Sequencer (202)
[2018.09.28-12.54.37:367][590]LogModuleManager: Shutting down and abandoning module MessageLog (199)
[2018.09.28-12.54.37:367][590]LogModuleManager: Shutting down and abandoning module SlateReflector (194)
[2018.09.28-12.54.37:367][590]LogModuleManager: Shutting down and abandoning module Slate (192)
[2018.09.28-12.54.37:367][590]LogModuleManager: Shutting down and abandoning module EditorStyle (190)
[2018.09.28-12.54.37:369][590]LogModuleManager: Shutting down and abandoning module MRMesh (188)
[2018.09.28-12.54.37:369][590]LogModuleManager: Shutting down and abandoning module SourceCodeAccess (186)
[2018.09.28-12.54.37:369][590]LogModuleManager: Shutting down and abandoning module HeadMountedDisplay (184)
[2018.09.28-12.54.37:369][590]LogModuleManager: Shutting down and abandoning module XAudio2 (182)
[2018.09.28-12.54.37:369][590]LogModuleManager: Shutting down and abandoning module Networking (180)
[2018.09.28-12.54.37:369][590]LogModuleManager: Shutting down and abandoning module Core (178)
[2018.09.28-12.54.37:369][590]LogModuleManager: Shutting down and abandoning module LevelSequence (176)
[2018.09.28-12.54.37:369][590]LogModuleManager: Shutting down and abandoning module KismetCompiler (174)
[2018.09.28-12.54.37:369][590]LogModuleManager: Shutting down and abandoning module MeshUtilities (172)
[2018.09.28-12.54.37:369][590]LogModuleManager: Shutting down and abandoning module MeshMergeUtilities (171)
[2018.09.28-12.54.37:369][590]LogModuleManager: Shutting down and abandoning module MeshReductionInterface (170)
[2018.09.28-12.54.37:369][590]LogModuleManager: Shutting down and abandoning module SimplygonSwarm (169)
[2018.09.28-12.54.37:369][590]LogModuleManager: Shutting down and abandoning module SimplygonMeshReduction (167)
[2018.09.28-12.54.37:369][590]LogModuleManager: Shutting down and abandoning module QuadricMeshReduction (165)
[2018.09.28-12.54.37:369][590]LogModuleManager: Shutting down and abandoning module MaterialBaking (161)
[2018.09.28-12.54.37:369][590]LogModuleManager: Shutting down and abandoning module DirectoryWatcher (157)
[2018.09.28-12.54.37:369][590]LogDirectoryWatcher: A directory notification for '../../../Engine/Content/' was aborted.
[2018.09.28-12.54.37:369][590]LogDirectoryWatcher: A directory notification for '../../../../../../Users/Mark Thompson/Desktop/2018_UnrealTutes/AR/ARSampleUEv4_19/Content/' was aborted.
[2018.09.28-12.54.37:370][590]LogModuleManager: Shutting down and abandoning module DerivedDataCache (154)
[2018.09.28-12.54.37:419][590]LogDerivedDataCache: Shutdown
[2018.09.28-12.54.37:419][590]LogModuleManager: Shutting down and abandoning module XGEController (152)
[2018.09.28-12.54.37:419][590]LogModuleManager: Shutting down and abandoning module TargetPlatform (150)
[2018.09.28-12.54.37:419][590]LogModuleManager: Shutting down and abandoning module VulkanShaderFormat (149)
[2018.09.28-12.54.37:419][590]LogModuleManager: Shutting down and abandoning module ShaderFormatVectorVM (147)
[2018.09.28-12.54.37:419][590]LogModuleManager: Shutting down and abandoning module ShaderFormatOpenGL (145)
[2018.09.28-12.54.37:419][590]LogModuleManager: Shutting down and abandoning module ShaderFormatD3D (143)
[2018.09.28-12.54.37:419][590]LogModuleManager: Shutting down and abandoning module MetalShaderFormat (141)
[2018.09.28-12.54.37:419][590]LogModuleManager: Shutting down and abandoning module TextureFormatUncompressed (139)
[2018.09.28-12.54.37:419][590]LogModuleManager: Shutting down and abandoning module TextureFormatPVR (137)
[2018.09.28-12.54.37:419][590]LogModuleManager: Shutting down and abandoning module TextureFormatDXT (135)
[2018.09.28-12.54.37:419][590]LogModuleManager: Shutting down and abandoning module TextureFormatIntelISPCTexComp (133)
[2018.09.28-12.54.37:419][590]LogModuleManager: Shutting down and abandoning module TextureFormatASTC (131)
[2018.09.28-12.54.37:419][590]LogModuleManager: Shutting down and abandoning module ImageWrapper (130)
[2018.09.28-12.54.37:419][590]LogModuleManager: Shutting down and abandoning module TextureFormatAndroid (127)
[2018.09.28-12.54.37:419][590]LogModuleManager: Shutting down and abandoning module AudioFormatOpus (125)
[2018.09.28-12.54.37:419][590]LogModuleManager: Shutting down and abandoning module AudioFormatOgg (123)
[2018.09.28-12.54.37:419][590]LogModuleManager: Shutting down and abandoning module AudioFormatADPCM (121)
[2018.09.28-12.54.37:419][590]LogModuleManager: Shutting down and abandoning module LinuxTargetPlatform (119)
[2018.09.28-12.54.37:419][590]LogModuleManager: Shutting down and abandoning module LinuxServerTargetPlatform (117)
[2018.09.28-12.54.37:420][590]LogModuleManager: Shutting down and abandoning module LinuxNoEditorTargetPlatform (115)
[2018.09.28-12.54.37:420][590]LogModuleManager: Shutting down and abandoning module LinuxClientTargetPlatform (113)
[2018.09.28-12.54.37:420][590]LogModuleManager: Shutting down and abandoning module TVOSTargetPlatform (111)
[2018.09.28-12.54.37:420][590]LogModuleManager: Shutting down and abandoning module Messaging (109)
[2018.09.28-12.54.37:420][590]LogModuleManager: Shutting down and abandoning module IOSTargetPlatform (107)
[2018.09.28-12.54.37:420][590]LogModuleManager: Shutting down and abandoning module HTML5TargetPlatform (105)
[2018.09.28-12.54.37:420][590]LogModuleManager: Shutting down and abandoning module AndroidTargetPlatform (103)
[2018.09.28-12.54.37:420][590]LogModuleManager: Shutting down and abandoning module Android_PVRTCTargetPlatform (101)
[2018.09.28-12.54.37:420][590]LogModuleManager: Shutting down and abandoning module Android_MultiTargetPlatform (99)
[2018.09.28-12.54.37:420][590]LogModuleManager: Shutting down and abandoning module Android_ETC2TargetPlatform (97)
[2018.09.28-12.54.37:420][590]LogModuleManager: Shutting down and abandoning module Android_ETC1TargetPlatform (95)
[2018.09.28-12.54.37:420][590]LogModuleManager: Shutting down and abandoning module Android_ETC1aTargetPlatform (93)
[2018.09.28-12.54.37:420][590]LogModuleManager: Shutting down and abandoning module Android_DXTTargetPlatform (91)
[2018.09.28-12.54.37:420][590]LogModuleManager: Shutting down and abandoning module Android_ATCTargetPlatform (89)
[2018.09.28-12.54.37:420][590]LogModuleManager: Shutting down and abandoning module Android_ASTCTargetPlatform (87)
[2018.09.28-12.54.37:420][590]LogModuleManager: Shutting down and abandoning module WindowsTargetPlatform (85)
[2018.09.28-12.54.37:420][590]LogModuleManager: Shutting down and abandoning module WindowsServerTargetPlatform (83)
[2018.09.28-12.54.37:420][590]LogModuleManager: Shutting down and abandoning module WindowsNoEditorTargetPlatform (81)
[2018.09.28-12.54.37:420][590]LogModuleManager: Shutting down and abandoning module WindowsClientTargetPlatform (79)
[2018.09.28-12.54.37:420][590]LogModuleManager: Shutting down and abandoning module MacTargetPlatform (77)
[2018.09.28-12.54.37:420][590]LogModuleManager: Shutting down and abandoning module MacServerTargetPlatform (75)
[2018.09.28-12.54.37:420][590]LogModuleManager: Shutting down and abandoning module MacNoEditorTargetPlatform (73)
[2018.09.28-12.54.37:420][590]LogModuleManager: Shutting down and abandoning module MacClientTargetPlatform (71)
[2018.09.28-12.54.37:420][590]LogModuleManager: Shutting down and abandoning module AllDesktopTargetPlatform (69)
[2018.09.28-12.54.37:420][590]LogModuleManager: Shutting down and abandoning module InputCore (66)
[2018.09.28-12.54.37:420][590]LogModuleManager: Shutting down and abandoning module Settings (64)
[2018.09.28-12.54.37:420][590]LogModuleManager: Shutting down and abandoning module PhysXCooking (62)
[2018.09.28-12.54.37:420][590]LogModuleManager: Shutting down and abandoning module SteamVR (60)
[2018.09.28-12.54.37:420][590]LogModuleManager: Shutting down and abandoning module OculusHMD (58)
[2018.09.28-12.54.37:420][590]LogModuleManager: Shutting down and abandoning module ExampleDeviceProfileSelector (56)
[2018.09.28-12.54.37:420][590]LogModuleManager: Shutting down and abandoning module AppleARKit (54)
[2018.09.28-12.54.37:420][590]LogModuleManager: Shutting down and abandoning module AugmentedReality (51)
[2018.09.28-12.54.37:420][590]LogModuleManager: Shutting down and abandoning module OnlineBlueprintSupport (48)
[2018.09.28-12.54.37:420][590]LogModuleManager: Shutting down and abandoning module OnlineSubsystem (44)
[2018.09.28-12.54.37:420][590]LogModuleManager: Shutting down and abandoning module XMPP (43)
[2018.09.28-12.54.37:420][590]LogModuleManager: Shutting down and abandoning module HTTP (41)
[2018.09.28-12.54.37:420][590]LogHttp: Display: Http module shutting down, but needs to wait on 1 outstanding Http requests:
[2018.09.28-12.54.37:420][590]LogHttp: Display: 	verb=[POST] url=[https://datarouter.ol.epicgames.com/datarouter/api/v1/public/data?SessionID=%7B03F1A99A-45F6-D03E-1E06-1D9A3F91CB13%7D&AppID=UEEditor.Rocket.Release&AppVersion=4.19.2-4033788%2B%2B%2BUE4%2BRelease-4.19&UserID=ebc2ca4742896e9b04cfb883f8f0c02f%7Ce5ea091547074691982386786c0d9687%7C9815fec9-b642-44fe-8f48-0fd058b58044&AppEnvironment=datacollector-binary&UploadType=eteventstream] status=Processing
[2018.09.28-12.54.37:453][590]LogModuleManager: Shutting down and abandoning module SSL (40)
[2018.09.28-12.54.37:454][590]LogModuleManager: Shutting down and abandoning module AnimationModifiers (36)
[2018.09.28-12.54.37:454][590]LogModuleManager: Shutting down and abandoning module PropertyEditor (35)
[2018.09.28-12.54.37:454][590]LogModuleManager: Shutting down and abandoning module AudioEditor (32)
[2018.09.28-12.54.37:454][590]LogModuleManager: Shutting down and abandoning module TextureCompressor (30)
[2018.09.28-12.54.37:454][590]LogModuleManager: Shutting down and abandoning module ShaderCore (28)
[2018.09.28-12.54.37:454][590]LogModuleManager: Shutting down and abandoning module Landscape (26)
[2018.09.28-12.54.37:454][590]LogModuleManager: Shutting down and abandoning module SlateRHIRenderer (24)
[2018.09.28-12.54.37:455][590]LogModuleManager: Shutting down and abandoning module OpenGLDrv (22)
[2018.09.28-12.54.37:455][590]LogModuleManager: Shutting down and abandoning module D3D11RHI (20)
[2018.09.28-12.54.37:455][590]LogModuleManager: Shutting down and abandoning module AnimGraphRuntime (18)
[2018.09.28-12.54.37:455][590]LogModuleManager: Shutting down and abandoning module Renderer (16)
[2018.09.28-12.54.37:455][590]LogModuleManager: Shutting down and abandoning module Engine (14)
[2018.09.28-12.54.37:455][590]LogModuleManager: Shutting down and abandoning module CoreUObject (12)
[2018.09.28-12.54.37:455][590]LogModuleManager: Shutting down and abandoning module NetworkFile (10)
[2018.09.28-12.54.37:455][590]LogModuleManager: Shutting down and abandoning module CookedIterativeFile (8)
[2018.09.28-12.54.37:455][590]LogModuleManager: Shutting down and abandoning module StreamingFile (6)
[2018.09.28-12.54.37:455][590]LogModuleManager: Shutting down and abandoning module SandboxFile (4)
[2018.09.28-12.54.37:455][590]LogModuleManager: Shutting down and abandoning module PakFile (2)
[2018.09.28-12.54.37:461][590]LogExit: Exiting.
[2018.09.28-12.54.37:468][590]Log file closed, 09/28/18 20:54:37
