Log file open, 10/03/18 08:51:55
LogWindows: Failed to load 'aqProf.dll' (GetLastError=126)
LogWindows: File 'aqProf.dll' does not exist
LogWindows: Failed to load 'VtuneApi.dll' (GetLastError=126)
LogWindows: File 'VtuneApi.dll' does not exist
LogWindows: Failed to load 'VtuneApi32e.dll' (GetLastError=126)
LogWindows: File 'VtuneApi32e.dll' does not exist
LogInit: Display: Running engine for game: Archive_Frame
LogPlatformFile: Not using cached read wrapper
LogInit: Display: RandInit(1838056257) SRandInit(1838056257).
LogInit: Read version file with build ID '3944462'
LogInit: Overriding engine version to CL 4033788, compatible CL 3944462
LogInit: Registered custom module enumerator with build ID '3944462'
LogTaskGraph: Started task graph with 5 named threads and 23 total threads with 3 sets of task threads.
LogStats: Stats thread started at 0.267428
LogD3D11RHI: Aftermath initialized
LogICUInternationalization: Display: ICU TimeZone Detection - Raw Offset: +8:00, Platform Override: ''
LogModuleManager: Display: Found up-to-date module file ../../../Engine/Plugins/Marketplace/LowEntryExtStdLib/Binaries/Win64/UE4Editor-LowEntryExtendedStandardLibrary.dll (API version 3944462).
LogModuleManager: Display: Found up-to-date module file ../../../Engine/Plugins/Marketplace/LowEntryExtStdLib/Binaries/Win64/UE4Editor-LowEntryExtendedStandardLibraryEditor.dll (API version 3944462).
LogModuleManager: Display: Found up-to-date module file ../../../Engine/Plugins/2D/Paper2D/Binaries/Win64/UE4Editor-Paper2D.dll (API version 3944462).
LogModuleManager: Display: Found up-to-date module file ../../../Engine/Plugins/2D/Paper2D/Binaries/Win64/UE4Editor-Paper2DEditor.dll (API version 3944462).
LogModuleManager: Display: Found up-to-date module file ../../../Engine/Plugins/2D/Paper2D/Binaries/Win64/UE4Editor-PaperSpriteSheetImporter.dll (API version 3944462).
LogModuleManager: Display: Found up-to-date module file ../../../Engine/Plugins/2D/Paper2D/Binaries/Win64/UE4Editor-PaperTiledImporter.dll (API version 3944462).
LogModuleManager: Display: Found up-to-date module file ../../../Engine/Plugins/2D/Paper2D/Binaries/Win64/UE4Editor-SmartSnapping.dll (API version 3944462).
LogModuleManager: Display: Found up-to-date module file ../../../Engine/Plugins/Blendables/LightPropagationVolume/Binaries/Win64/UE4Editor-LightPropagationVolumeRuntime.dll (API version 3944462).
LogModuleManager: Display: Found up-to-date module file ../../../Engine/Plugins/Blendables/LightPropagationVolume/Binaries/Win64/UE4Editor-LightPropagationVolumeEditor.dll (API version 3944462).
LogModuleManager: Display: Found up-to-date module file ../../../Engine/Plugins/Developer/CLionSourceCodeAccess/Binaries/Win64/UE4Editor-CLionSourceCodeAccess.dll (API version 3944462).
LogModuleManager: Display: Found up-to-date module file ../../../Engine/Plugins/Developer/GitSourceControl/Binaries/Win64/UE4Editor-GitSourceControl.dll (API version 3944462).
LogModuleManager: Display: Found up-to-date module file ../../../Engine/Plugins/Developer/PerforceSourceControl/Binaries/Win64/UE4Editor-PerforceSourceControl.dll (API version 3944462).
LogModuleManager: Display: Found up-to-date module file ../../../Engine/Plugins/Developer/SubversionSourceControl/Binaries/Win64/UE4Editor-SubversionSourceControl.dll (API version 3944462).
LogModuleManager: Display: Found up-to-date module file ../../../Engine/Plugins/Developer/UObjectPlugin/Binaries/Win64/UE4Editor-UObjectPlugin.dll (API version 3944462).
LogModuleManager: Display: Found up-to-date module file ../../../Engine/Plugins/Developer/VisualStudioCodeSourceCodeAccess/Binaries/Win64/UE4Editor-VisualStudioCodeSourceCodeAccess.dll (API version 3944462).
LogModuleManager: Display: Found up-to-date module file ../../../Engine/Plugins/Developer/VisualStudioSourceCodeAccess/Binaries/Win64/UE4Editor-VisualStudioSourceCodeAccess.dll (API version 3944462).
LogModuleManager: Display: Found up-to-date module file ../../../Engine/Plugins/Editor/AssetManagerEditor/Binaries/Win64/UE4Editor-AssetManagerEditor.dll (API version 3944462).
LogModuleManager: Display: Found up-to-date module file ../../../Engine/Plugins/Editor/CryptoKeys/Binaries/Win64/UE4Editor-CryptoKeys.dll (API version 3944462).
LogModuleManager: Display: Found up-to-date module file ../../../Engine/Plugins/Editor/CryptoKeys/Binaries/Win64/UE4Editor-CryptoKeysOpenSSL.dll (API version 3944462).
LogModuleManager: Display: Found up-to-date module file ../../../Engine/Plugins/Editor/DataValidation/Binaries/Win64/UE4Editor-DataValidation.dll (API version 3944462).
LogModuleManager: Display: Found up-to-date module file ../../../Engine/Plugins/Editor/FacialAnimation/Binaries/Win64/UE4Editor-FacialAnimation.dll (API version 3944462).
LogModuleManager: Display: Found up-to-date module file ../../../Engine/Plugins/Editor/FacialAnimation/Binaries/Win64/UE4Editor-FacialAnimationEditor.dll (API version 3944462).
LogModuleManager: Display: Found up-to-date module file ../../../Engine/Plugins/Editor/GameplayTagsEditor/Binaries/Win64/UE4Editor-GameplayTagsEditor.dll (API version 3944462).
LogModuleManager: Display: Found up-to-date module file ../../../Engine/Plugins/Editor/MobileLauncherProfileWizard/Binaries/Win64/UE4Editor-MobileLauncherProfileWizard.dll (API version 3944462).
LogModuleManager: Display: Found up-to-date module file ../../../Engine/Plugins/Editor/PluginBrowser/Binaries/Win64/UE4Editor-PluginBrowser.dll (API version 3944462).
LogModuleManager: Display: Found up-to-date module file ../../../Engine/Plugins/Editor/SpeedTreeImporter/Binaries/Win64/UE4Editor-SpeedTreeImporter.dll (API version 3944462).
LogModuleManager: Display: Found up-to-date module file ../../../Engine/Plugins/Enterprise/DatasmithContent/Binaries/Win64/UE4Editor-DatasmithContent.dll (API version 3944462).
LogModuleManager: Display: Found up-to-date module file ../../../Engine/Plugins/Experimental/AlembicImporter/Binaries/Win64/UE4Editor-AlembicImporter.dll (API version 3944462).
LogModuleManager: Display: Found up-to-date module file ../../../Engine/Plugins/Experimental/AlembicImporter/Binaries/Win64/UE4Editor-AlembicLibrary.dll (API version 3944462).
LogModuleManager: Display: Found up-to-date module file ../../../Engine/Plugins/Experimental/CharacterAI/Binaries/Win64/UE4Editor-CharacterAI.dll (API version 3944462).
LogModuleManager: Display: Found up-to-date module file ../../../Engine/Plugins/Experimental/HTML5Networking/Binaries/Win64/UE4Editor-HTML5Networking.dll (API version 3944462).
LogModuleManager: Display: Found up-to-date module file ../../../Engine/Plugins/Media/AndroidMedia/Binaries/Win64/UE4Editor-AndroidMediaEditor.dll (API version 3944462).
LogModuleManager: Display: Found up-to-date module file ../../../Engine/Plugins/Media/AndroidMedia/Binaries/Win64/UE4Editor-AndroidMediaFactory.dll (API version 3944462).
LogModuleManager: Display: Found up-to-date module file ../../../Engine/Plugins/Media/AvfMedia/Binaries/Win64/UE4Editor-AvfMediaEditor.dll (API version 3944462).
LogModuleManager: Display: Found up-to-date module file ../../../Engine/Plugins/Media/AvfMedia/Binaries/Win64/UE4Editor-AvfMediaFactory.dll (API version 3944462).
LogModuleManager: Display: Found up-to-date module file ../../../Engine/Plugins/Media/AvfMedia/Binaries/Win64/UE4Editor-AvfMediaFactory.dll (API version 3944462).
LogModuleManager: Display: Found up-to-date module file ../../../Engine/Plugins/Media/ImgMedia/Binaries/Win64/UE4Editor-ImgMedia.dll (API version 3944462).
LogModuleManager: Display: Found up-to-date module file ../../../Engine/Plugins/Media/ImgMedia/Binaries/Win64/UE4Editor-ImgMediaEditor.dll (API version 3944462).
LogModuleManager: Display: Found up-to-date module file ../../../Engine/Plugins/Media/ImgMedia/Binaries/Win64/UE4Editor-ImgMediaFactory.dll (API version 3944462).
LogModuleManager: Display: Found up-to-date module file ../../../Engine/Plugins/Media/ImgMedia/Binaries/Win64/UE4Editor-ImgMediaFactory.dll (API version 3944462).
LogModuleManager: Display: Found up-to-date module file ../../../Engine/Plugins/Media/ImgMedia/Binaries/Win64/UE4Editor-OpenExrWrapper.dll (API version 3944462).
LogModuleManager: Display: Found up-to-date module file ../../../Engine/Plugins/Media/LinearTimecode/Binaries/Win64/UE4Editor-LinearTimecode.dll (API version 3944462).
LogModuleManager: Display: Found up-to-date module file ../../../Engine/Plugins/Media/MediaCompositing/Binaries/Win64/UE4Editor-MediaCompositing.dll (API version 3944462).
LogModuleManager: Display: Found up-to-date module file ../../../Engine/Plugins/Media/MediaCompositing/Binaries/Win64/UE4Editor-MediaCompositingEditor.dll (API version 3944462).
LogModuleManager: Display: Found up-to-date module file ../../../Engine/Plugins/Media/MediaPlayerEditor/Binaries/Win64/UE4Editor-MediaPlayerEditor.dll (API version 3944462).
LogModuleManager: Display: Found up-to-date module file ../../../Engine/Plugins/Media/WmfMedia/Binaries/Win64/UE4Editor-WmfMedia.dll (API version 3944462).
LogModuleManager: Display: Found up-to-date module file ../../../Engine/Plugins/Media/WmfMedia/Binaries/Win64/UE4Editor-WmfMediaEditor.dll (API version 3944462).
LogModuleManager: Display: Found up-to-date module file ../../../Engine/Plugins/Media/WmfMedia/Binaries/Win64/UE4Editor-WmfMediaFactory.dll (API version 3944462).
LogModuleManager: Display: Found up-to-date module file ../../../Engine/Plugins/Media/WmfMedia/Binaries/Win64/UE4Editor-WmfMediaFactory.dll (API version 3944462).
LogModuleManager: Display: Found up-to-date module file ../../../Engine/Plugins/Messaging/TcpMessaging/Binaries/Win64/UE4Editor-TcpMessaging.dll (API version 3944462).
LogModuleManager: Display: Found up-to-date module file ../../../Engine/Plugins/Messaging/UdpMessaging/Binaries/Win64/UE4Editor-UdpMessaging.dll (API version 3944462).
LogModuleManager: Display: Found up-to-date module file ../../../Engine/Plugins/MovieScene/ActorSequence/Binaries/Win64/UE4Editor-ActorSequence.dll (API version 3944462).
LogModuleManager: Display: Found up-to-date module file ../../../Engine/Plugins/MovieScene/LevelSequenceEditor/Binaries/Win64/UE4Editor-LevelSequenceEditor.dll (API version 3944462).
LogModuleManager: Display: Found up-to-date module file ../../../Engine/Plugins/MovieScene/MatineeToLevelSequence/Binaries/Win64/UE4Editor-MatineeToLevelSequence.dll (API version 3944462).
LogModuleManager: Display: Found up-to-date module file ../../../Engine/Plugins/NetcodeUnitTest/NetcodeUnitTest/Binaries/Win64/UE4Editor-NetcodeUnitTest.dll (API version 3944462).
LogModuleManager: Display: Found up-to-date module file ../../../Engine/Plugins/NetcodeUnitTest/NUTUnrealEngine4/Binaries/Win64/UE4Editor-NUTUnrealEngine4.dll (API version 3944462).
LogModuleManager: Display: Found up-to-date module file ../../../Engine/Plugins/Online/OnlineSubsystem/Binaries/Win64/UE4Editor-OnlineSubsystem.dll (API version 3944462).
LogModuleManager: Display: Found up-to-date module file ../../../Engine/Plugins/Runtime/AndroidPermission/Binaries/Win64/UE4Editor-AndroidPermission.dll (API version 3944462).
LogModuleManager: Display: Found up-to-date module file ../../../Engine/Plugins/Online/OnlineSubsystemNull/Binaries/Win64/UE4Editor-OnlineSubsystemNull.dll (API version 3944462).
LogModuleManager: Display: Found up-to-date module file ../../../Engine/Plugins/Online/OnlineSubsystemUtils/Binaries/Win64/UE4Editor-OnlineSubsystemUtils.dll (API version 3944462).
LogModuleManager: Display: Found up-to-date module file ../../../Engine/Plugins/Online/OnlineSubsystemUtils/Binaries/Win64/UE4Editor-OnlineBlueprintSupport.dll (API version 3944462).
LogModuleManager: Display: Found up-to-date module file ../../../Engine/Plugins/Runtime/AndroidDeviceProfileSelector/Binaries/Win64/UE4Editor-AndroidDeviceProfileSelector.dll (API version 3944462).
LogModuleManager: Display: Found up-to-date module file ../../../Engine/Plugins/Runtime/AppleARKit/Binaries/Win64/UE4Editor-AppleARKit.dll (API version 3944462).
LogModuleManager: Display: Found up-to-date module file ../../../Engine/Plugins/Runtime/ProceduralMeshComponent/Binaries/Win64/UE4Editor-ProceduralMeshComponent.dll (API version 3944462).
LogModuleManager: Display: Found up-to-date module file ../../../Engine/Plugins/Runtime/ProceduralMeshComponent/Binaries/Win64/UE4Editor-ProceduralMeshComponentEditor.dll (API version 3944462).
LogModuleManager: Display: Found up-to-date module file ../../../Engine/Plugins/Animation/LiveLink/Binaries/Win64/UE4Editor-LiveLink.dll (API version 3944462).
LogModuleManager: Display: Found up-to-date module file ../../../Engine/Plugins/Animation/LiveLink/Binaries/Win64/UE4Editor-LiveLinkEditor.dll (API version 3944462).
LogModuleManager: Display: Found up-to-date module file ../../../Engine/Plugins/Runtime/ArchVisCharacter/Binaries/Win64/UE4Editor-ArchVisCharacter.dll (API version 3944462).
LogModuleManager: Display: Found up-to-date module file ../../../Engine/Plugins/Runtime/AudioCapture/Binaries/Win64/UE4Editor-AudioCapture.dll (API version 3944462).
LogModuleManager: Display: Found up-to-date module file ../../../Engine/Plugins/Runtime/AudioCapture/Binaries/Win64/UE4Editor-AudioCaptureEditor.dll (API version 3944462).
LogModuleManager: Display: Found up-to-date module file ../../../Engine/Plugins/Runtime/CableComponent/Binaries/Win64/UE4Editor-CableComponent.dll (API version 3944462).
LogModuleManager: Display: Found up-to-date module file ../../../Engine/Plugins/Runtime/CustomMeshComponent/Binaries/Win64/UE4Editor-CustomMeshComponent.dll (API version 3944462).
LogModuleManager: Display: Found up-to-date module file ../../../Engine/Plugins/Runtime/ExampleDeviceProfileSelector/Binaries/Win64/UE4Editor-ExampleDeviceProfileSelector.dll (API version 3944462).
LogModuleManager: Display: Found up-to-date module file ../../../Engine/Plugins/Runtime/ImmediatePhysics/Binaries/Win64/UE4Editor-ImmediatePhysics.dll (API version 3944462).
LogModuleManager: Display: Found up-to-date module file ../../../Engine/Plugins/Runtime/ImmediatePhysics/Binaries/Win64/UE4Editor-ImmediatePhysicsEditor.dll (API version 3944462).
LogModuleManager: Display: Found up-to-date module file ../../../Engine/Plugins/Runtime/LocationServicesBPLibrary/Binaries/Win64/UE4Editor-LocationServicesBPLibrary.dll (API version 3944462).
LogModuleManager: Display: Found up-to-date module file ../../../Engine/Plugins/Runtime/MobilePatchingUtils/Binaries/Win64/UE4Editor-MobilePatchingUtils.dll (API version 3944462).
LogModuleManager: Display: Found up-to-date module file ../../../Engine/Plugins/Runtime/Oculus/OculusVR/Binaries/Win64/UE4Editor-OculusHMD.dll (API version 3944462).
LogModuleManager: Display: Found up-to-date module file ../../../Engine/Plugins/Runtime/Oculus/OculusVR/Binaries/Win64/UE4Editor-OculusInput.dll (API version 3944462).
LogModuleManager: Display: Found up-to-date module file ../../../Engine/Plugins/Runtime/Oculus/OculusVR/Binaries/Win64/UE4Editor-OculusEditor.dll (API version 3944462).
LogModuleManager: Display: Found up-to-date module file ../../../Engine/Plugins/Runtime/PhysXVehicles/Binaries/Win64/UE4Editor-PhysXVehicles.dll (API version 3944462).
LogModuleManager: Display: Found up-to-date module file ../../../Engine/Plugins/Runtime/PhysXVehicles/Binaries/Win64/UE4Editor-PhysXVehiclesEditor.dll (API version 3944462).
LogModuleManager: Display: Found up-to-date module file ../../../Engine/Plugins/Runtime/RuntimePhysXCooking/Binaries/Win64/UE4Editor-RuntimePhysXCooking.dll (API version 3944462).
LogModuleManager: Display: Found up-to-date module file ../../../Engine/Plugins/Runtime/Steam/SteamVR/Binaries/Win64/UE4Editor-SteamVR.dll (API version 3944462).
LogModuleManager: Display: Found up-to-date module file ../../../Engine/Plugins/Runtime/Steam/SteamVR/Binaries/Win64/UE4Editor-SteamVRController.dll (API version 3944462).
LogModuleManager: Display: Found up-to-date module file ../../../Engine/Plugins/Runtime/WindowsMoviePlayer/Binaries/Win64/UE4Editor-WindowsMoviePlayer.dll (API version 3944462).
LogPluginManager: Mounting plugin Paper2D
LogPluginManager: Mounting plugin LiveLink
LogPluginManager: Mounting plugin LightPropagationVolume
LogPluginManager: Mounting plugin CLionSourceCodeAccess
LogPluginManager: Mounting plugin CodeLiteSourceCodeAccess
LogPluginManager: Mounting plugin GitSourceControl
LogPluginManager: Mounting plugin KDevelopSourceCodeAccess
LogPluginManager: Mounting plugin NullSourceCodeAccess
LogPluginManager: Mounting plugin PerforceSourceControl
LogPluginManager: Mounting plugin SubversionSourceControl
LogPluginManager: Mounting plugin UObjectPlugin
LogPluginManager: Mounting plugin VisualStudioCodeSourceCodeAccess
LogPluginManager: Mounting plugin VisualStudioSourceCodeAccess
LogPluginManager: Mounting plugin XCodeSourceCodeAccess
LogPluginManager: Mounting plugin AssetManagerEditor
LogPluginManager: Mounting plugin CryptoKeys
LogPluginManager: Mounting plugin DataValidation
LogPluginManager: Mounting plugin FacialAnimation
LogPluginManager: Mounting plugin GameplayTagsEditor
LogPluginManager: Mounting plugin MobileLauncherProfileWizard
LogPluginManager: Mounting plugin PluginBrowser
LogPluginManager: Mounting plugin SpeedTreeImporter
LogPluginManager: Mounting plugin DatasmithContent
LogPluginManager: Mounting plugin AlembicImporter
LogPluginManager: Mounting plugin CharacterAI
LogPluginManager: Mounting plugin HTML5Networking
LogPluginManager: Mounting plugin LowEntryExtStdLib
LogPluginManager: Mounting plugin AndroidMedia
LogPluginManager: Mounting plugin AvfMedia
LogPluginManager: Mounting plugin ImgMedia
LogPluginManager: Mounting plugin LinearTimecode
LogPluginManager: Mounting plugin MediaCompositing
LogPluginManager: Mounting plugin MediaPlayerEditor
LogPluginManager: Mounting plugin WmfMedia
LogPluginManager: Mounting plugin TcpMessaging
LogPluginManager: Mounting plugin UdpMessaging
LogPluginManager: Mounting plugin ActorSequence
LogPluginManager: Mounting plugin LevelSequenceEditor
LogPluginManager: Mounting plugin MatineeToLevelSequence
LogPluginManager: Mounting plugin NetcodeUnitTest
LogPluginManager: Mounting plugin NUTUnrealEngine4
LogPluginManager: Mounting plugin OnlineSubsystemGooglePlay
LogPluginManager: Mounting plugin OnlineSubsystemIOS
LogPluginManager: Mounting plugin OnlineSubsystem
LogPluginManager: Mounting plugin OnlineSubsystemNull
LogPluginManager: Mounting plugin OnlineSubsystemUtils
LogPluginManager: Mounting plugin AndroidDeviceProfileSelector
LogPluginManager: Mounting plugin AndroidMoviePlayer
LogPluginManager: Mounting plugin AndroidPermission
LogPluginManager: Mounting plugin AppleARKit
LogPluginManager: Mounting plugin AppleMoviePlayer
LogPluginManager: Mounting plugin ArchVisCharacter
LogPluginManager: Mounting plugin AudioCapture
LogPluginManager: Mounting plugin CableComponent
LogPluginManager: Mounting plugin CustomMeshComponent
LogPluginManager: Mounting plugin ExampleDeviceProfileSelector
LogPluginManager: Mounting plugin GoogleCloudMessaging
LogPluginManager: Mounting plugin ImmediatePhysics
LogPluginManager: Mounting plugin IOSDeviceProfileSelector
LogPluginManager: Mounting plugin LinuxDeviceProfileSelector
LogPluginManager: Mounting plugin LocationServicesBPLibrary
LogPluginManager: Mounting plugin MobilePatchingUtils
LogPluginManager: Mounting plugin OculusVR
LogPluginManager: Plugin shader directory ../../../Engine/Plugins/Runtime/Oculus/OculusVR/Shaders found
LogPluginManager: Mapping shader source directory ../../../Engine/Plugins/Runtime/Oculus/OculusVR/Shaders to virtual directory /Plugin/OculusVR
LogPluginManager: Mounting plugin PhysXVehicles
LogPluginManager: Mounting plugin ProceduralMeshComponent
LogPluginManager: Mounting plugin RuntimePhysXCooking
LogPluginManager: Mounting plugin SteamVR
LogPluginManager: Mounting plugin WindowsMoviePlayer
LogStreaming: Display: Took  8.331s to configure plugins.
LogInit: Using libcurl 7.47.1
LogInit:  - built for x86_64-pc-win32
LogInit:  - supports SSL with OpenSSL/1.0.2g
LogInit:  - supports HTTP deflate (compression) using libz 1.2.8
LogInit:  - other features:
LogInit:      CURL_VERSION_SSL
LogInit:      CURL_VERSION_LIBZ
LogInit:      CURL_VERSION_IPV6
LogInit:      CURL_VERSION_ASYNCHDNS
LogInit:      CURL_VERSION_LARGEFILE
LogInit:      CURL_VERSION_IDN
LogInit:  CurlRequestOptions (configurable via config and command line):
LogInit:  - bVerifyPeer = false  - Libcurl will NOT verify peer certificate
LogInit:  - bUseHttpProxy = false  - Libcurl will NOT use HTTP proxy
LogInit:  - bDontReuseConnections = false  - Libcurl will reuse connections
LogInit:  - CertBundlePath = nullptr  - Libcurl will use whatever was configured at build time.
LogInit:  - MaxHostConnections = 16  - Libcurl will limit the number of connections to a host
LogInit:  - LocalHostAddr = Default
LogInit: WinSock: version 1.1 (2.2), MaxSocks=32767, MaxUdp=65467
LogInit: WinSock: I am The-Esquire-Machine (10.1.1.124:0)
LogInit: Build: ++UE4+Release-4.19-CL-4033788
LogInit: Engine Version: 4.19.2-4033788+++UE4+Release-4.19
LogInit: Compatible Engine Version: 4.19.0-3944462+++UE4+Release-4.19
LogInit: Net CL: 3944462
LogDevObjectVersion: Number of dev versions registered: 18
LogDevObjectVersion:   Dev-Blueprints (B0D832E4-1F89-4F0D-ACCF-7EB736FD4AA2): 10
LogDevObjectVersion:   Dev-Build (E1C64328-A22C-4D53-A36C-8E866417BD8C): 0
LogDevObjectVersion:   Dev-Core (375EC13C-06E4-48FB-B500-84F0262A717E): 2
LogDevObjectVersion:   Dev-Editor (E4B068ED-F494-42E9-A231-DA0B2E46BB41): 23
LogDevObjectVersion:   Dev-Framework (CFFC743F-43B0-4480-9391-14DF171D2073): 33
LogDevObjectVersion:   Dev-Mobile (B02B49B5-BB20-44E9-A304-32B752E40360): 2
LogDevObjectVersion:   Dev-Networking (A4E4105C-59A1-49B5-A7C5-40C4547EDFEE): 0
LogDevObjectVersion:   Dev-Online (39C831C9-5AE6-47DC-9A44-9C173E1C8E7C): 0
LogDevObjectVersion:   Dev-Physics (78F01B33-EBEA-4F98-B9B4-84EACCB95AA2): 0
LogDevObjectVersion:   Dev-Platform (6631380F-2D4D-43E0-8009-CF276956A95A): 0
LogDevObjectVersion:   Dev-Rendering (12F88B9F-8875-4AFC-A67C-D90C383ABD29): 25
LogDevObjectVersion:   Dev-Sequencer (7B5AE74C-D270-4C10-A958-57980B212A5A): 6
LogDevObjectVersion:   Dev-VR (D7296918-1DD6-4BDD-9DE2-64A83CC13884): 1
LogDevObjectVersion:   Dev-LoadTimes (C2A15278-BFE7-4AFE-6C17-90FF531DF755): 1
LogDevObjectVersion:   Private-Geometry (6EACA3D4-40EC-4CC1-B786-8BED09428FC5): 2
LogDevObjectVersion:   Dev-AnimPhys (29E575DD-E0A3-4627-9D10-D276232CDCEA): 16
LogDevObjectVersion:   Dev-ReflectionCapture (6B266CEC-1EC7-4B8F-A30B-E4D90942FC07): 1
LogDevObjectVersion:   Dev-Automation (0DF73D61-A23F-47EA-B727-89E90C41499A): 1
LogInit: Compiled (64-bit): Apr 27 2018 02:06:57
LogInit: Compiled with Visual C++: 19.00.24215.01
LogInit: Build Configuration: Development
LogInit: Branch Name: ++UE4+Release-4.19
LogInit: Command Line:  
LogInit: Base Directory: C:/Program Files/Epic Games/UE_4.19/Engine/Binaries/Win64/
LogInit: Installed Engine Build: 1
LogStreaming: Display: Took  0.165s to delete old logs.
LogInit: Presizing for max 8388607 objects, including 0 objects not considered by GC, pre-allocating 0 bytes for permanent pool.
LogInit: Object subsystem initialized
[2018.10.03-00.52.05:683][  0]LogInit: Selected Device Profile: [Windows]
[2018.10.03-00.52.05:683][  0]LogInit: Applying CVar settings loaded from the selected device profile: [Windows]
[2018.10.03-00.52.05:797][  0]LogInit: Computer: THE-ESQUIRE-MAC
[2018.10.03-00.52.05:797][  0]LogInit: User: MarkThompson
[2018.10.03-00.52.05:797][  0]LogInit: CPU Page size=4096, Cores=4
[2018.10.03-00.52.05:797][  0]LogInit: High frequency timer resolution =3.906248 MHz
[2018.10.03-00.52.05:798][  0]LogMemory: Memory total: Physical=31.9GB (32GB approx)
[2018.10.03-00.52.05:798][  0]LogMemory: Platform Memory Stats for Windows
[2018.10.03-00.52.05:798][  0]LogMemory: Process Physical Memory: 275.53 MB used, 275.53 MB peak
[2018.10.03-00.52.05:798][  0]LogMemory: Process Virtual Memory: 265.06 MB used, 265.06 MB peak
[2018.10.03-00.52.05:798][  0]LogMemory: Physical Memory: 5426.94 MB used,  27283.95 MB free, 32710.89 MB total
[2018.10.03-00.52.05:798][  0]LogMemory: Virtual Memory: 4795.35 MB used,  27283.95 MB free, 134217728.00 MB total
[2018.10.03-00.52.07:364][  0]LogInit: Using OS detected language (en-US).
[2018.10.03-00.52.07:364][  0]LogInit: Using OS detected locale (en-AU).
[2018.10.03-00.52.07:826][  0]LogTextLocalizationManager: No specific localization for 'en-US' exists, so the 'en' localization will be used.
[2018.10.03-00.52.10:656][  0]LogStreaming: Display: Took  3.318s to EndInitTextLocalization.
[2018.10.03-00.52.10:678][  0]LogInit: Setting process to per monitor DPI aware
[2018.10.03-00.52.12:040][  0]LogSlate: New Slate User Created.  User Index 0, Is Virtual User: 0
[2018.10.03-00.52.12:040][  0]LogSlate: Slate User Registered.  User Index 0, Is Virtual User: 0
[2018.10.03-00.52.15:689][  0]LogD3D11RHI: D3D11 adapters:
[2018.10.03-00.52.15:789][  0]LogD3D11RHI:    0. 'NVIDIA GeForce GTX 980' (Feature Level 11_0)
[2018.10.03-00.52.15:789][  0]LogD3D11RHI:       4053/0/16355 MB DedicatedVideo/DedicatedSystem/SharedSystem, Outputs:2, VendorId:0x10de
[2018.10.03-00.52.15:791][  0]LogD3D11RHI:    1. 'Microsoft Basic Render Driver' (Feature Level 11_0)
[2018.10.03-00.52.15:791][  0]LogD3D11RHI:       0/0/16355 MB DedicatedVideo/DedicatedSystem/SharedSystem, Outputs:0, VendorId:0x1414
[2018.10.03-00.52.15:791][  0]LogD3D11RHI: Chosen D3D11 Adapter: 0
[2018.10.03-00.52.15:809][  0]LogD3D11RHI: Creating new Direct3DDevice
[2018.10.03-00.52.15:809][  0]LogD3D11RHI:     GPU DeviceId: 0x13c0 (for the marketing name, search the web for "GPU Device Id")
[2018.10.03-00.52.15:809][  0]LogWindows: EnumDisplayDevices:
[2018.10.03-00.52.15:809][  0]LogWindows:    0. 'NVIDIA GeForce GTX 980' (P:1 D:1)
[2018.10.03-00.52.15:809][  0]LogWindows:    1. 'NVIDIA GeForce GTX 980' (P:0 D:1)
[2018.10.03-00.52.15:810][  0]LogWindows:    2. 'NVIDIA GeForce GTX 980' (P:0 D:0)
[2018.10.03-00.52.15:810][  0]LogWindows:    3. 'NVIDIA GeForce GTX 980' (P:0 D:0)
[2018.10.03-00.52.15:810][  0]LogWindows: DebugString: GetVideoDriverDetailsInvalid PrimaryIsNotTheChoosenAdapter GetVideoDriverDetailsInvalid PrimaryIsNotTheChoosenAdapter GetVideoDriverDetailsInvalid PrimaryIsNotTheChoosenAdapter GetVideoDriverDetailsInvalid PrimaryIsNotTheChoosenAdapter FoundDriverCount:0 
[2018.10.03-00.52.15:810][  0]LogD3D11RHI:     Adapter Name: NVIDIA GeForce GTX 980
[2018.10.03-00.52.15:810][  0]LogD3D11RHI:   Driver Version: Unknown (internal:Unknown, unified:Unknown)
[2018.10.03-00.52.15:810][  0]LogD3D11RHI:      Driver Date: Unknown
[2018.10.03-00.52.15:810][  0]LogRHI: Texture pool is 2837 MB (70% of 4053 MB)
[2018.10.03-00.52.15:888][  0]LogD3D11RHI: [Aftermath] Aftermath enabled and primed
[2018.10.03-00.52.15:888][  0]LogD3D11RHI: [Aftermath] Aftermath enabled and primed
[2018.10.03-00.52.15:888][  0]LogD3D11RHI: Async texture creation enabled
[2018.10.03-00.52.16:058][  0]LogD3D11RHI: GPU Timing Frequency: 1000.000000 (Debug: 2 2)
[2018.10.03-00.52.16:128][  0]LogShaderCompilers: Guid format shader working directory is -28 characters bigger than the processId version (../../../../../../Users/Mark Thompson/Desktop/Frame_ArchivalProject/Archive_Frame/Intermediate/Shaders/WorkingDirectory/19508/).
[2018.10.03-00.52.16:128][  0]LogShaderCompilers: Cleaned the shader compiler working directory 'C:/Users/Mark Thompson/AppData/Local/Temp/UnrealShaderWorkingDir/59EEF9BC455F15984D3772A4ADB0E590/'.
[2018.10.03-00.52.17:114][  0]LogTemp: Display: Loaded TP AllDesktopTargetPlatform
[2018.10.03-00.52.17:125][  0]LogTemp: Display: Loaded TP MacClientTargetPlatform
[2018.10.03-00.52.17:137][  0]LogTemp: Display: Loaded TP MacNoEditorTargetPlatform
[2018.10.03-00.52.17:149][  0]LogTemp: Display: Loaded TP MacServerTargetPlatform
[2018.10.03-00.52.17:169][  0]LogTemp: Display: Loaded TP MacTargetPlatform
[2018.10.03-00.52.17:182][  0]LogTemp: Display: Loaded TP WindowsClientTargetPlatform
[2018.10.03-00.52.17:194][  0]LogTemp: Display: Loaded TP WindowsNoEditorTargetPlatform
[2018.10.03-00.52.17:237][  0]LogTemp: Display: Loaded TP WindowsServerTargetPlatform
[2018.10.03-00.52.17:243][  0]LogTemp: Display: Loaded TP WindowsTargetPlatform
[2018.10.03-00.52.17:256][  0]LogTemp: Display: Loaded TP Android_ASTCTargetPlatform
[2018.10.03-00.52.17:267][  0]LogTemp: Display: Loaded TP Android_ATCTargetPlatform
[2018.10.03-00.52.17:277][  0]LogTemp: Display: Loaded TP Android_DXTTargetPlatform
[2018.10.03-00.52.17:288][  0]LogTemp: Display: Loaded TP Android_ETC1aTargetPlatform
[2018.10.03-00.52.17:299][  0]LogTemp: Display: Loaded TP Android_ETC1TargetPlatform
[2018.10.03-00.52.17:318][  0]LogTemp: Display: Loaded TP Android_ETC2TargetPlatform
[2018.10.03-00.52.17:338][  0]LogTemp: Display: Loaded TP Android_MultiTargetPlatform
[2018.10.03-00.52.17:338][  0]LogTemp: Display: Loaded TP Android_PVRTCTargetPlatform
[2018.10.03-00.52.17:363][  0]LogTemp: Display: Loaded TP AndroidTargetPlatform
[2018.10.03-00.52.17:365][  0]LogTemp: Display: Loaded TP HTML5TargetPlatform
[2018.10.03-00.52.17:452][  0]LogTemp: Display: Loaded TP IOSTargetPlatform
[2018.10.03-00.52.17:461][  0]LogTemp: Display: Loaded TP TVOSTargetPlatform
[2018.10.03-00.52.17:472][  0]LogTemp: Display: Loaded TP LinuxClientTargetPlatform
[2018.10.03-00.52.17:516][  0]LogTemp: Display: Loaded TP LinuxNoEditorTargetPlatform
[2018.10.03-00.52.17:527][  0]LogTemp: Display: Loaded TP LinuxServerTargetPlatform
[2018.10.03-00.52.17:544][  0]LogTemp: Display: Loaded TP LinuxTargetPlatform
[2018.10.03-00.52.17:544][  0]LogTargetPlatformManager: Display: Building Assets For Windows
[2018.10.03-00.52.17:973][  0]LogXGEController: Cleaning working directory: C:/Users/Mark Thompson/AppData/Local/Temp/UnrealXGEWorkingDir/
[2018.10.03-00.52.17:974][  0]LogXGEController: Cannot use XGE Controller as Incredibuild is not installed on this machine.
[2018.10.03-00.52.17:974][  0]LogShaderCompilers: Cannot use XGE Shader Compiler as Incredibuild is not installed on this machine.
[2018.10.03-00.52.17:974][  0]LogShaderCompilers: Display: Using Local Shader Compiler.
[2018.10.03-00.52.18:830][  0]LogDerivedDataCache: Display: Max Cache Size: 512 MB
[2018.10.03-00.52.19:573][  0]LogDerivedDataCache: Loaded boot cache 0.73s 75MB C:/Users/Mark Thompson/AppData/Local/UnrealEngine/4.19/DerivedDataCache/Boot.ddc.
[2018.10.03-00.52.19:573][  0]LogDerivedDataCache: Display: Loaded Boot cache: C:/Users/Mark Thompson/AppData/Local/UnrealEngine/4.19/DerivedDataCache/Boot.ddc
[2018.10.03-00.52.19:574][  0]LogDerivedDataCache: FDerivedDataBackendGraph:  Pak pak cache file ../../../../../../Users/Mark Thompson/Desktop/Frame_ArchivalProject/Archive_Frame/DerivedDataCache/DDC.ddp not found, will not use a pak cache.
[2018.10.03-00.52.19:574][  0]LogDerivedDataCache: Unable to find inner node Pak for hierarchical cache Hierarchy.
[2018.10.03-00.52.19:574][  0]LogDerivedDataCache: FDerivedDataBackendGraph:  CompressedPak pak cache file ../../../../../../Users/Mark Thompson/Desktop/Frame_ArchivalProject/Archive_Frame/DerivedDataCache/Compressed.ddp not found, will not use a pak cache.
[2018.10.03-00.52.19:574][  0]LogDerivedDataCache: Unable to find inner node CompressedPak for hierarchical cache Hierarchy.
[2018.10.03-00.52.19:626][  0]LogDerivedDataCache: Display: Pak cache opened for reading ../../../Engine/DerivedDataCache/Compressed.ddp.
[2018.10.03-00.52.19:639][  0]LogDerivedDataCache: Using Local data cache path C:/Users/Mark Thompson/AppData/Local/UnrealEngine/Common/DerivedDataCache: Writable
[2018.10.03-00.52.19:639][  0]LogDerivedDataCache: Shared data cache path not found in *engine.ini, will not use an Shared cache.
[2018.10.03-00.52.19:639][  0]LogDerivedDataCache: Unable to find inner node Shared for hierarchical cache Hierarchy.
[2018.10.03-00.52.19:648][  0]LogMaterial: Verifying Global Shaders for PCD3D_SM5
[2018.10.03-00.52.19:675][  0]LogSlate: Using Freetype 2.6.0
[2018.10.03-00.52.19:723][  0]LogSlate: SlateFontCache - WITH_FREETYPE: 1, WITH_HARFBUZZ: 1
[2018.10.03-00.52.19:723][  0]LogSlate: SlateFontCache - WITH_FREETYPE: 1, WITH_HARFBUZZ: 1
[2018.10.03-00.52.24:029][  0]LogAssetRegistry: FAssetRegistry took 0.0249 seconds to start up
[2018.10.03-00.52.29:571][  0]LogInit: Selected Device Profile: [Windows]
[2018.10.03-00.52.30:164][  0]LogSimplygon: Simplygon DLL not present - disabling.
[2018.10.03-00.52.30:195][  0]LogMeshReduction: Using SimplygonSwarm for distributed automatic mesh merging
[2018.10.03-00.52.30:196][  0]LogMeshReduction: Using QuadricMeshReduction for automatic static mesh reduction
[2018.10.03-00.52.30:196][  0]LogMeshReduction: No automatic skeletal mesh reduction module available
[2018.10.03-00.52.30:196][  0]LogMeshReduction: No automatic mesh merging module available
[2018.10.03-00.52.30:196][  0]LogMeshMerging: No automatic mesh merging module available
[2018.10.03-00.52.30:259][  0]LogNetVersion: Archive_Frame , NetCL: 3944462, EngineNetVer: 2, GameNetVer: 0 (Checksum: 911099225)
[2018.10.03-00.52.32:189][  0]LogPackageLocalizationCache: Processed 10 localized package path(s) for 2 prioritized culture(s) in 0.109732 seconds
[2018.10.03-00.52.32:210][  0]LogUObjectArray: 36728 objects as part of root set at end of initial load.
[2018.10.03-00.52.32:210][  0]LogUObjectAllocator: 7314304 out of 0 bytes used by permanent object pool.
[2018.10.03-00.52.32:210][  0]LogUObjectArray: CloseDisregardForGC: 0/0 objects in disregard for GC pool
[2018.10.03-00.52.52:737][  0]LogTcpMessaging: Initializing TcpMessaging bridge
[2018.10.03-00.52.52:792][  0]LogUdpMessaging: Initializing bridge on interface 0.0.0.0:0 to multicast group 230.0.0.1:6666.
[2018.10.03-00.52.53:906][  0]SourceControl: Source control is disabled
[2018.10.03-00.52.57:735][  0]LogAndroidPermission: UAndroidPermissionCallbackProxy::GetInstance
[2018.10.03-00.52.57:989][  0]LogOcInput: OculusInput pre-init called
[2018.10.03-00.52.58:477][  0]LogEngine: Initializing Engine...
[2018.10.03-00.53.04:333][  0]LogHMD: Failed to initialize OpenVR with code 108
[2018.10.03-00.53.04:475][  0]LogStats: UGameplayTagsManager::ConstructGameplayTagTree: Construct from data asset -  0.000 s
[2018.10.03-00.53.04:607][  0]LogStats: UGameplayTagsManager::ConstructGameplayTagTree: GameplayTagTreeChangedEvent.Broadcast -  0.043 s
[2018.10.03-00.53.06:088][  0]LogAIModule: Creating AISystem for world Untitled
[2018.10.03-00.53.06:121][  0]LogInit: XAudio2 using 'Speakers (Realtek High Definition Audio)' : 2 channels at 48 kHz using 32 bits per sample (channel mask 0x3)
[2018.10.03-00.53.06:150][  0]LogInit: FAudioDevice initialized.
[2018.10.03-00.53.06:323][  0]LogDerivedDataCache: Saved boot cache 0.17s 75MB C:/Users/Mark Thompson/AppData/Local/UnrealEngine/4.19/DerivedDataCache/Boot.ddc.
[2018.10.03-00.53.06:339][  0]LogInit: Texture streaming: Enabled
[2018.10.03-00.53.06:410][  0]LogEngineSessionManager: EngineSessionManager initialized
[2018.10.03-00.53.06:497][  0]LogInit: Transaction tracking system initialized
[2018.10.03-00.53.06:686][  0]BlueprintLog: New page: Editor Load
[2018.10.03-00.53.07:704][  0]LocalizationService: Localization service is disabled
[2018.10.03-00.53.08:085][  0]LogLinker: Warning: Can't find file '/Game/ThirdPersonBP/ThirdPersonOverview'
[2018.10.03-00.53.08:085][  0]LogLinker: Warning: Can't find file '/Game/ThirdPersonBP/ThirdPersonOverview'
[2018.10.03-00.53.08:085][  0]LogUObjectGlobals: Warning: Failed to find object 'Class /Game/ThirdPersonBP/ThirdPersonOverview.ThirdPersonOverview_C'
[2018.10.03-00.53.08:472][  0]LogConsoleResponse: Display: 
[2018.10.03-00.53.11:022][  0]LogFileCache: Scanning file cache for directory 'C:/Users/Mark Thompson/Desktop/Frame_ArchivalProject/Archive_Frame/Content/' took 0.01s
[2018.10.03-00.53.11:022][  0]LogCook: Display: Max memory allowance for cook 16384mb min free memory 0mb
[2018.10.03-00.53.11:042][  0]LogCook: Display: Mobile HDR setting 1
[2018.10.03-00.53.11:063][  0]LogGameplayTags: Display: UGameplayTagsManager::DoneAddingNativeTags. DelegateIsBound: 0
[2018.10.03-00.53.11:063][  0]LogStats: UGameplayTagsManager::ConstructGameplayTagTree: Construct from data asset -  0.000 s
[2018.10.03-00.53.11:063][  0]LogStats: UGameplayTagsManager::ConstructGameplayTagTree: GameplayTagTreeChangedEvent.Broadcast -  0.000 s
[2018.10.03-00.53.17:922][  0]Cmd: MAP LOAD FILE="../../../../../../Users/Mark Thompson/Desktop/Frame_ArchivalProject/Archive_Frame/Content/Maps/MotionControllerMap.umap" TEMPLATE=0 SHOWPROGRESS=1 FEATURELEVEL=3
[2018.10.03-00.53.18:030][  0]LogSlate: Took 0.021853 seconds to synchronously load lazily loaded font '../../../Engine/Content/Slate/Fonts/Roboto-Regular.ttf' (155K)
[2018.10.03-00.53.24:672][  0]LogSlate: Window 'Message' being destroyed
[2018.10.03-00.53.24:672][  0]LogWindowsTextInputMethodSystem: Display: IME system now deactivated.
[2018.10.03-00.53.24:674][  0]LogWindowsTextInputMethodSystem: Display: IME system now deactivated.
[2018.10.03-00.53.24:675][  0]LightingResults: New page: Lighting Build
[2018.10.03-00.53.24:737][  0]MapCheck: New page: Map Check
[2018.10.03-00.53.24:738][  0]LightingResults: New page: Lighting Build
[2018.10.03-00.53.24:756][  0]LogAIModule: Creating AISystem for world Untitled
[2018.10.03-00.53.24:758][  0]LoadErrors: New page: New Map
[2018.10.03-00.53.25:069][  0]LogCollectionManager: Loaded 0 collections in 0.001575 seconds
[2018.10.03-00.53.25:311][  0]LogFileCache: Scanning file cache for directory 'C:/Users/Mark Thompson/Desktop/Frame_ArchivalProject/Archive_Frame/Saved/Collections/' took 0.01s
[2018.10.03-00.53.25:311][  0]LogFileCache: Scanning file cache for directory 'C:/Users/Mark Thompson/Desktop/Frame_ArchivalProject/Archive_Frame/Content/Developers/MarkThompson/Collections/' took 0.01s
[2018.10.03-00.53.25:311][  0]LogFileCache: Scanning file cache for directory 'C:/Users/Mark Thompson/Desktop/Frame_ArchivalProject/Archive_Frame/Content/Collections/' took 0.01s
[2018.10.03-00.53.25:311][  0]LogCollectionManager: Rebuilt the GUID cache for 0 collections in 0.000000 seconds
[2018.10.03-00.53.25:319][  0]LogContentBrowser: Native class hierarchy populated in 0.0077 seconds. Added 2477 classes and 567 folders.
[2018.10.03-00.53.25:513][  0]LogContentBrowser: Native class hierarchy updated for 'WidgetCarousel' in 0.0002 seconds. Added 0 classes and 0 folders.
[2018.10.03-00.53.27:172][  0]LogContentBrowser: Native class hierarchy updated for 'AddContentDialog' in 0.0002 seconds. Added 0 classes and 0 folders.
[2018.10.03-00.53.27:219][  0]LogContentBrowser: Native class hierarchy updated for 'SceneOutliner' in 0.0003 seconds. Added 1 classes and 2 folders.
[2018.10.03-00.53.27:471][  0]LogSlate: Took 0.013539 seconds to synchronously load lazily loaded font '../../../Engine/Content/Slate/Fonts/Roboto-Bold.ttf' (160K)
[2018.10.03-00.53.27:482][  0]LogSlate: Took 0.006471 seconds to synchronously load lazily loaded font '../../../Engine/Content/Editor/Slate/Fonts/FontAwesome.ttf' (139K)
[2018.10.03-00.53.27:641][  0]LogRenderer: Reallocating scene render targets to support 1208x580 Format 26 NumSamples 1 (Frame:1).
[2018.10.03-00.53.27:886][  0]LogContentBrowser: Native class hierarchy updated for 'HierarchicalLODOutliner' in 0.0002 seconds. Added 0 classes and 0 folders.
[2018.10.03-00.53.27:886][  0]LogLoad: (Engine Initialization) Total time: 111.22 seconds
[2018.10.03-00.53.27:886][  0]LogLoad: (Engine Initialization) Total Blueprint compile time: 0.00 seconds
[2018.10.03-00.53.27:953][  0]LogContentStreaming: Texture pool size now 1000 MB
[2018.10.03-00.53.28:017][  1]LogAssetRegistry: Asset discovery search completed in 64.0099 seconds
[2018.10.03-00.53.28:019][  1]LogCollectionManager: Rebuilt the object cache for 0 collections in 0.000000 seconds (found 0 objects)
[2018.10.03-00.53.28:019][  1]LogCollectionManager: Fixed up redirectors for 0 collections in 0.000036 seconds (updated 0 objects)
[2018.10.03-00.53.29:818][212]LogSlate: FSceneViewport::OnFocusLost() reason 0
[2018.10.03-00.53.29:950][223]LogSlate: Took 0.005163 seconds to synchronously load lazily loaded font '../../../Engine/Content/Slate/Fonts/Roboto-Light.ttf' (167K)
[2018.10.03-00.53.34:214][731]LogSlate: Took 0.000200 seconds to synchronously load lazily loaded font '../../../Engine/Content/Slate/Fonts/Roboto-Light.ttf' (167K)
[2018.10.03-00.53.34:404][731]LogUObjectGlobals: Created PersistentFrame Addr=0x000001ff44ad5630, Size=24, Default__RightHand_AnimBP_C Function /Game/VR_Assets/Character/Animations/RightHand_AnimBP.RightHand_AnimBP_C:ExecuteUbergraph_RightHand_AnimBP
[2018.10.03-00.53.34:429][731]LogUObjectGlobals: Destroyed PersistentFrame Addr=0x000001ff44ad5630, Size=24
[2018.10.03-00.53.34:429][731]LogUObjectGlobals: Created PersistentFrame Addr=0x000001ff44ad5630, Size=24, Default__RightHand_AnimBP_C Function /Engine/Transient.REINST_RightHand_AnimBP_C_0:ExecuteUbergraph_RightHand_AnimBP
[2018.10.03-00.53.34:450][731]LogUObjectGlobals: Created PersistentFrame Addr=0x000001ff44ad64a0, Size=24, Default__RightHand_AnimBP_C Function /Game/VR_Assets/Character/Animations/RightHand_AnimBP.RightHand_AnimBP_C:ExecuteUbergraph_RightHand_AnimBP
[2018.10.03-00.53.34:604][731]LogUObjectGlobals: Created PersistentFrame Addr=0x000001ff6da4c600, Size=64, Default__BP_MotionController_C Function /Game/Blueprints/Player/BP_MotionController.BP_MotionController_C:ExecuteUbergraph_BP_MotionController
[2018.10.03-00.53.34:622][731]LogUObjectGlobals: Destroyed PersistentFrame Addr=0x000001ff6da4c600, Size=64
[2018.10.03-00.53.34:622][731]LogUObjectGlobals: Created PersistentFrame Addr=0x000001ff441f7fc0, Size=64, Default__BP_MotionController_C Function /Engine/Transient.REINST_BP_MotionController_C_6:ExecuteUbergraph_BP_MotionController
[2018.10.03-00.53.34:628][731]LogUObjectGlobals: Created PersistentFrame Addr=0x000001ff7791da80, Size=64, Default__BP_MotionController_C Function /Game/Blueprints/Player/BP_MotionController.BP_MotionController_C:ExecuteUbergraph_BP_MotionController
[2018.10.03-00.53.34:716][731]LogUObjectGlobals: Created PersistentFrame Addr=0x000001ff7793e780, Size=408, Default__MotionControllerPawn_C Function /Game/Blueprints/Player/MotionControllerPawn.MotionControllerPawn_C:ExecuteUbergraph_MotionControllerPawn
[2018.10.03-00.53.34:719][731]LogUObjectGlobals: Destroyed PersistentFrame Addr=0x000001ff7793e780, Size=408
[2018.10.03-00.53.34:720][731]LogUObjectGlobals: Created PersistentFrame Addr=0x000001ff778bb580, Size=408, Default__MotionControllerPawn_C Function /Engine/Transient.REINST_MotionControllerPawn_C_8:ExecuteUbergraph_MotionControllerPawn
[2018.10.03-00.53.34:723][731]LogUObjectGlobals: Created PersistentFrame Addr=0x000001ff778ba5c0, Size=408, Default__MotionControllerPawn_C Function /Game/Blueprints/Player/MotionControllerPawn.MotionControllerPawn_C:ExecuteUbergraph_MotionControllerPawn
[2018.10.03-00.53.34:743][731]LogUObjectGlobals: Created PersistentFrame Addr=0x000001ff77867600, Size=544, Default__ChaperoneVolume1_C Function /Game/Blueprints/Environment/Chaperone/ChaperoneVolume1.ChaperoneVolume1_C:ExecuteUbergraph_ChaperoneVolume1
[2018.10.03-00.53.34:759][731]LogUObjectGlobals: Destroyed PersistentFrame Addr=0x000001ff77867600, Size=544
[2018.10.03-00.53.34:759][731]LogUObjectGlobals: Created PersistentFrame Addr=0x000001ff77867600, Size=544, Default__ChaperoneVolume1_C Function /Engine/Transient.REINST_ChaperoneVolume1_C_10:ExecuteUbergraph_ChaperoneVolume1
[2018.10.03-00.53.34:772][731]LogUObjectGlobals: Created PersistentFrame Addr=0x000001ff7761e480, Size=544, Default__ChaperoneVolume1_C Function /Game/Blueprints/Environment/Chaperone/ChaperoneVolume1.ChaperoneVolume1_C:ExecuteUbergraph_ChaperoneVolume1
[2018.10.03-00.53.34:989][731]LogUObjectGlobals: Created PersistentFrame Addr=0x000001ff774c3c60, Size=32, Default__BP_PickupCube_C Function /Game/Blueprints/Player/BP_PickupCube.BP_PickupCube_C:ExecuteUbergraph_BP_PickupCube
[2018.10.03-00.53.34:991][731]LogUObjectGlobals: Destroyed PersistentFrame Addr=0x000001ff774c3c60, Size=32
[2018.10.03-00.53.34:991][731]LogUObjectGlobals: Created PersistentFrame Addr=0x000001ff774c3c60, Size=32, Default__BP_PickupCube_C Function /Engine/Transient.REINST_BP_PickupCube_C_14:ExecuteUbergraph_BP_PickupCube
[2018.10.03-00.53.34:992][731]LogUObjectGlobals: Created PersistentFrame Addr=0x000001ff774c2e40, Size=32, Default__BP_PickupCube_C Function /Game/Blueprints/Player/BP_PickupCube.BP_PickupCube_C:ExecuteUbergraph_BP_PickupCube
[2018.10.03-00.53.35:261][731]LogSkeletalMesh: Skeletal Mesh found in DDC [16.355080ms] /Game/VR_Assets/Character/Mesh/MannequinHand_Right.MannequinHand_Right
[2018.10.03-00.53.35:466][731]LogAIModule: Creating AISystem for world TestLair
[2018.10.03-00.53.35:529][731]LogUObjectGlobals: Destroyed PersistentFrame Addr=0x000001ff44ad5630, Size=24
[2018.10.03-00.53.35:529][731]LogUObjectGlobals: Destroyed PersistentFrame Addr=0x000001ff441f7fc0, Size=64
[2018.10.03-00.53.35:529][731]LogUObjectGlobals: Destroyed PersistentFrame Addr=0x000001ff778bb580, Size=408
[2018.10.03-00.53.35:529][731]LogUObjectGlobals: Destroyed PersistentFrame Addr=0x000001ff77867600, Size=544
[2018.10.03-00.53.35:529][731]LogUObjectGlobals: Destroyed PersistentFrame Addr=0x000001ff774c3c60, Size=32
[2018.10.03-00.53.35:531][731]Cmd: MAP LOAD FILE="../../../../../../Users/Mark Thompson/Desktop/Frame_ArchivalProject/Archive_Frame/Content/Maps/TestLair.umap" TEMPLATE=0 SHOWPROGRESS=1 FEATURELEVEL=3
[2018.10.03-00.53.35:531][731]LightingResults: New page: Lighting Build
[2018.10.03-00.53.35:532][731]LoadErrors: New page: Loading map: TestLair.umap
[2018.10.03-00.53.35:532][731]MapCheck: New page: Map Check
[2018.10.03-00.53.35:532][731]LightingResults: New page: Lighting Build
[2018.10.03-00.53.35:620][731]LogEditorServer: Finished looking for orphan Actors (0.000 secs)
[2018.10.03-00.53.35:660][731]Cmd: MAP CHECKDEP NOCLEARLOG
[2018.10.03-00.53.35:702][731]MapCheck: Map check complete: 0 Error(s), 0 Warning(s), took 41.109ms to complete.
[2018.10.03-00.53.35:703][731]LogFileHelpers: Loading map 'TestLair' took 0.172
[2018.10.03-00.53.39:303][143]LogSlate: FSceneViewport::OnFocusLost() reason 0
[2018.10.03-00.53.45:974][638]LogSlate: Window 'Delete Assets' being destroyed
[2018.10.03-00.53.46:262][638]SourceControl: rm 'Archive_Frame/Content/Blueprints/Environment/Chaperone/BarrierActor.uasset'
[2018.10.03-00.53.47:476][718]LogContentBrowser: Native class hierarchy updated for 'BlueprintGraph' in 0.0005 seconds. Added 116 classes and 0 folders.
[2018.10.03-00.53.47:753][718]LogUObjectGlobals: Created PersistentFrame Addr=0x000001ff063c1a68, Size=4, Default__SKEL_PROTO_BP_AnimBlueprint_0_C Function /Engine/Transient.SKEL_PROTO_BP_AnimBlueprint_0_C:ExecuteUbergraph_PROTO_BP_AnimBlueprint_0
[2018.10.03-00.53.47:754][718]LogUObjectGlobals: Created PersistentFrame Addr=0x000001ff063c1a60, Size=4, Default__PROTO_BP_AnimBlueprint_0_C Function /Engine/Transient.PROTO_BP_AnimBlueprint_0_C:ExecuteUbergraph_PROTO_BP_AnimBlueprint_0
[2018.10.03-00.53.48:426][718]LogSlate: Took 0.020935 seconds to synchronously load lazily loaded font '../../../Engine/Content/Slate/Fonts/Roboto-BoldCondensed.ttf' (158K)
[2018.10.03-00.53.48:778][719]LogSlate: Took 0.047199 seconds to synchronously load lazily loaded font '../../../Engine/Content/Slate/Fonts/Roboto-Italic.ttf' (157K)
[2018.10.03-00.53.54:354][332]LogMaterial: Missing cached shader map for material BaseBarrier_Mat, compiling. 
[2018.10.03-00.53.54:925][332]LogMaterial: Missing cached shader map for material FMatExpressionPreview MaterialExpressionTextureSample_0, compiling. 
[2018.10.03-00.53.54:942][332]LogShaderCompilers: Display: Shaders left to compile 2
[2018.10.03-00.53.54:942][332]LogShaderCompilers: Display: Shaders left to compile 1
[2018.10.03-00.53.54:942][332]LogMaterial: Missing cached shader map for material BaseBarrier_Mat, compiling. 
[2018.10.03-00.53.54:951][332]LogMaterial: Missing cached shader map for material BaseBarrier_Mat, compiling. 
[2018.10.03-00.53.54:998][332]LogShaderCompilers: Display: Shaders left to compile 22
[2018.10.03-00.53.54:998][332]LogShaderCompilers: Display: Shaders left to compile 21
[2018.10.03-00.53.54:998][332]LogMaterial: Missing cached shader map for material FMatExpressionPreview MaterialExpressionTextureSample_0, compiling. 
[2018.10.03-00.53.55:454][363]LogShaderCompilers: Display: Shaders left to compile 22
[2018.10.03-00.53.55:455][363]LogShaderCompilers: Display: Shaders left to compile 21
[2018.10.03-00.53.55:546][369]LogShaderCompilers: Display: Shaders left to compile 20
[2018.10.03-00.53.55:622][374]LogShaderCompilers: Display: Shaders left to compile 19
[2018.10.03-00.53.55:622][374]LogShaderCompilers: Display: Shaders left to compile 18
[2018.10.03-00.53.55:639][375]LogShaderCompilers: Display: Shaders left to compile 17
[2018.10.03-00.53.55:914][392]LogShaderCompilers: Display: Shaders left to compile 16
[2018.10.03-00.53.55:969][396]LogShaderCompilers: Display: Shaders left to compile 15
[2018.10.03-00.53.56:050][402]LogShaderCompilers: Display: Shaders left to compile 14
[2018.10.03-00.53.56:466][417]LogShaderCompilers: Display: Shaders left to compile 13
[2018.10.03-00.53.56:466][417]LogShaderCompilers: Display: Shaders left to compile 12
[2018.10.03-00.53.56:466][417]LogShaderCompilers: Display: Shaders left to compile 11
[2018.10.03-00.53.57:434][417]LogShaderCompilers: Display: Shaders left to compile 10
[2018.10.03-00.53.57:434][417]LogShaderCompilers: Display: Shaders left to compile 9
[2018.10.03-00.53.57:434][417]LogShaderCompilers: Display: Shaders left to compile 8
[2018.10.03-00.53.57:434][417]LogShaderCompilers: Display: Shaders left to compile 7
[2018.10.03-00.53.57:434][417]LogShaderCompilers: Display: Shaders left to compile 6
[2018.10.03-00.53.57:434][417]LogShaderCompilers: Display: Shaders left to compile 5
[2018.10.03-00.53.57:434][417]LogShaderCompilers: Display: Shaders left to compile 4
[2018.10.03-00.53.57:434][417]LogShaderCompilers: Display: Shaders left to compile 3
[2018.10.03-00.53.57:434][417]LogShaderCompilers: Display: Shaders left to compile 2
[2018.10.03-00.53.57:434][417]LogShaderCompilers: Display: Shaders left to compile 1
[2018.10.03-00.53.57:492][418]MaterialEditorStats: Base pass shader: 134 instructions
[2018.10.03-00.53.57:492][418]MaterialEditorStats: Base pass shader with Volumetric Lightmap: 161 instructions
[2018.10.03-00.53.57:492][418]MaterialEditorStats: Vertex shader: 171 instructions
[2018.10.03-00.53.57:492][418]MaterialEditorStats: Texture samplers: 3/16
[2018.10.03-00.53.57:492][418]MaterialEditorStats: User interpolators: 2/4 Scalars (1/4 Vectors) (TexCoords: 2, Custom: 0)
[2018.10.03-00.54.28:500][592]LogRenderer: Reallocating scene render targets to support 1208x704 Format 26 NumSamples 1 (Frame:1).
[2018.10.03-00.59.41:710][167]BlueprintLog: New page: Compile ChaperoneVolume1
[2018.10.03-00.59.41:784][167]LogUObjectGlobals: Destroyed PersistentFrame Addr=0x000001ff7761e480, Size=544
[2018.10.03-00.59.41:784][167]LogUObjectGlobals: Created PersistentFrame Addr=0x000001ff90025f80, Size=544, Default__ChaperoneVolume1_C Function /Engine/Transient.REINST_ChaperoneVolume1_C_36:ExecuteUbergraph_ChaperoneVolume1
[2018.10.03-00.59.41:797][167]LogUObjectGlobals: Created PersistentFrame Addr=0x000001ff7a7fdd00, Size=544, Default__ChaperoneVolume1_C Function /Game/Blueprints/Environment/Chaperone/ChaperoneVolume1.ChaperoneVolume1_C:ExecuteUbergraph_ChaperoneVolume1
[2018.10.03-00.59.42:700][201]LogSavePackage: Save=108.76ms
[2018.10.03-00.59.42:700][201]LogSavePackage: Moving '../../../../../../Users/Mark Thompson/Desktop/Frame_ArchivalProject/Archive_Frame/Saved/ChaperoneVolume1AC48B2AA42CD745224D1F5AABABC4122.tmp' to '../../../../../../Users/Mark Thompson/Desktop/Frame_ArchivalProject/Archive_Frame/Content/Blueprints/Environment/Chaperone/ChaperoneVolume1.uasset'
[2018.10.03-00.59.42:705][201]LogSavePackage: Display: Finished SavePackage ../../../../../../Users/Mark Thompson/Desktop/Frame_ArchivalProject/Archive_Frame/Content/Blueprints/Environment/Chaperone/ChaperoneVolume1.uasset
[2018.10.03-01.00.02:815][553]LogSlate: FSceneViewport::OnFocusLost() reason 0
[2018.10.03-01.00.02:881][561]LogTemp: Repeating last play command: Selected Viewport
[2018.10.03-01.00.02:902][561]LogBlueprintUserMessages: Early PlayInEditor Detection: Level '/Game/Maps/TestLair.TestLair:PersistentLevel' has LevelScriptBlueprint '/Game/Maps/TestLair.TestLair:PersistentLevel.TestLair' with GeneratedClass '/Game/Maps/TestLair.TestLair_C' with ClassGeneratedBy '/Game/Maps/TestLair.TestLair:PersistentLevel.TestLair'
[2018.10.03-01.00.02:902][561]LogPlayLevel: PlayLevel: No blueprints needed recompiling
[2018.10.03-01.00.02:934][561]PIE: New page: PIE session: TestLair (3 Oct 2018 5:00:02 pm)
[2018.10.03-01.00.02:934][561]LogPlayLevel: Creating play world package: /Game/Maps/UEDPIE_0_TestLair
[2018.10.03-01.00.02:941][561]LogPlayLevel: PIE: StaticDuplicateObject took: (0.006970s)
[2018.10.03-01.00.02:941][561]LogAIModule: Creating AISystem for world TestLair
[2018.10.03-01.00.02:941][561]LogPlayLevel: PIE: World Init took: (0.000537s)
[2018.10.03-01.00.02:941][561]LogPlayLevel: PIE: Created PIE world by copying editor world from /Game/Maps/TestLair.TestLair to /Game/Maps/UEDPIE_0_TestLair.TestLair (0.007642s)
[2018.10.03-01.00.02:956][561]LogUObjectGlobals: Destroyed PersistentFrame Addr=0x000001ff90025f80, Size=544
[2018.10.03-01.00.02:974][561]LogInit: XAudio2 using 'Speakers (Realtek High Definition Audio)' : 2 channels at 48 kHz using 32 bits per sample (channel mask 0x3)
[2018.10.03-01.00.02:986][561]LogInit: FAudioDevice initialized.
[2018.10.03-01.00.03:026][561]LogLoad: Game class is 'MyGameMode_C'
[2018.10.03-01.00.03:029][561]LogWorld: Bringing World /Game/Maps/UEDPIE_0_TestLair.TestLair up for play (max tick rate 0) at 2018.10.03-09.00.03
[2018.10.03-01.00.03:029][561]LogWorld: Bringing up level for play took: 0.002019
[2018.10.03-01.00.03:059][561]LogContentBrowser: Native class hierarchy updated for 'MovieSceneCapture' in 0.0003 seconds. Added 11 classes and 0 folders.
[2018.10.03-01.00.03:059][561]LogGameMode: Display: Match State Changed from EnteringMap to WaitingToStart
[2018.10.03-01.00.03:059][561]LogGameState: Match State Changed from EnteringMap to WaitingToStart
[2018.10.03-01.00.03:059][561]LogGameMode: Display: Match State Changed from WaitingToStart to InProgress
[2018.10.03-01.00.03:061][561]LogGameState: Match State Changed from WaitingToStart to InProgress
[2018.10.03-01.00.03:061][561]PIE: Play in editor start time for /Game/Maps/UEDPIE_0_TestLair 0.833
[2018.10.03-01.00.03:061][561]LogBlueprintUserMessages: Late PlayInEditor Detection: Level '/Game/Maps/TestLair.TestLair:PersistentLevel' has LevelScriptBlueprint '/Game/Maps/TestLair.TestLair:PersistentLevel.TestLair' with GeneratedClass '/Game/Maps/TestLair.TestLair_C' with ClassGeneratedBy '/Game/Maps/TestLair.TestLair:PersistentLevel.TestLair'
[2018.10.03-01.00.09:322][274]LogEditorViewport: Clicking on Actor (LMB): MotionControllerPawn_C (VRPawn)
[2018.10.03-01.00.16:451][ 39]LogEditorViewport: Clicking on Actor (LMB): BP_MotionController_C (BP_MotionController)
[2018.10.03-01.00.21:444][584]LogEditorViewport: Clicking on Actor (LMB): BP_MotionController_C (BP_MotionController1)
[2018.10.03-01.00.28:262][322]LogEditorViewport: Clicking on Actor (LMB): ChaperoneVolume1_C (ChaperoneVolume1)
[2018.10.03-01.00.28:708][367]LogEditorViewport: Clicking on Actor (LMB): MotionControllerPawn_C (VRPawn)
[2018.10.03-01.00.50:200][903]LogSlate: FSceneViewport::OnFocusLost() reason 0
[2018.10.03-01.00.50:259][910]LogBlueprintUserMessages: Early EndPlayMap Detection: Level '/Game/Maps/TestLair.TestLair:PersistentLevel' has LevelScriptBlueprint '/Game/Maps/TestLair.TestLair:PersistentLevel.TestLair' with GeneratedClass '/Game/Maps/TestLair.TestLair_C' with ClassGeneratedBy '/Game/Maps/TestLair.TestLair:PersistentLevel.TestLair'
[2018.10.03-01.00.50:325][910]LogBlueprintUserMessages: Late EndPlayMap Detection: Level '/Game/Maps/TestLair.TestLair:PersistentLevel' has LevelScriptBlueprint '/Game/Maps/TestLair.TestLair:PersistentLevel.TestLair' with GeneratedClass '/Game/Maps/TestLair.TestLair_C' with ClassGeneratedBy '/Game/Maps/TestLair.TestLair:PersistentLevel.TestLair'
[2018.10.03-01.01.26:669][822]LogSlate: Window 'Message' being destroyed
[2018.10.03-01.01.27:090][822]LogMaterial: Missing cached shader map for material BaseBarrier_Mat, compiling. 
[2018.10.03-01.01.27:124][822]LogShaderCompilers: Display: Shaders left to compile 22
[2018.10.03-01.01.27:124][822]LogShaderCompilers: Display: Shaders left to compile 21
[2018.10.03-01.01.27:124][822]LogShaderCompilers: Display: Shaders left to compile 20
[2018.10.03-01.01.27:124][822]LogShaderCompilers: Display: Shaders left to compile 19
[2018.10.03-01.01.27:137][822]LogMaterial: Missing cached shader map for material BaseBarrier_Mat, compiling. 
[2018.10.03-01.01.27:164][822]LogMaterial: Missing cached shader map for material BaseBarrier_Mat, compiling. 
[2018.10.03-01.01.27:228][822]LogMaterial: Missing cached shader map for material FDebugViewModeMaterialProxy BaseBarrier_Mat, compiling. 
[2018.10.03-01.01.29:124][822]LogShaderCompilers: Display: Shaders left to compile 50
[2018.10.03-01.01.29:124][822]LogShaderCompilers: Display: Shaders left to compile 49
[2018.10.03-01.01.29:124][822]LogShaderCompilers: Display: Shaders left to compile 48
[2018.10.03-01.01.29:124][822]LogShaderCompilers: Display: Shaders left to compile 47
[2018.10.03-01.01.29:124][822]LogShaderCompilers: Display: Shaders left to compile 46
[2018.10.03-01.01.29:124][822]LogShaderCompilers: Display: Shaders left to compile 45
[2018.10.03-01.01.29:124][822]LogShaderCompilers: Display: Shaders left to compile 44
[2018.10.03-01.01.29:124][822]LogShaderCompilers: Display: Shaders left to compile 43
[2018.10.03-01.01.29:124][822]LogShaderCompilers: Display: Shaders left to compile 42
[2018.10.03-01.01.29:124][822]LogShaderCompilers: Display: Shaders left to compile 41
[2018.10.03-01.01.29:124][822]LogShaderCompilers: Display: Shaders left to compile 40
[2018.10.03-01.01.29:124][822]LogShaderCompilers: Display: Shaders left to compile 39
[2018.10.03-01.01.29:124][822]LogShaderCompilers: Display: Shaders left to compile 38
[2018.10.03-01.01.29:124][822]LogShaderCompilers: Display: Shaders left to compile 37
[2018.10.03-01.01.29:124][822]LogShaderCompilers: Display: Shaders left to compile 36
[2018.10.03-01.01.29:124][822]LogShaderCompilers: Display: Shaders left to compile 35
[2018.10.03-01.01.29:124][822]LogShaderCompilers: Display: Shaders left to compile 34
[2018.10.03-01.01.29:124][822]LogShaderCompilers: Display: Shaders left to compile 33
[2018.10.03-01.01.29:124][822]LogShaderCompilers: Display: Shaders left to compile 32
[2018.10.03-01.01.29:124][822]LogShaderCompilers: Display: Shaders left to compile 31
[2018.10.03-01.01.29:124][822]LogShaderCompilers: Display: Shaders left to compile 21
[2018.10.03-01.01.29:135][822]TextureStreamingBuild: Display: Compiling optional shaders took 1.936 seconds.
[2018.10.03-01.01.29:143][822]LogShaderCompilers: Display: Shaders left to compile 11
[2018.10.03-01.01.29:175][822]LogSlate: Window 'BaseBarrier_Mat*' being destroyed
[2018.10.03-01.01.29:176][822]LogSlate: Window 'BaseBarrier_Mat*' being destroyed
[2018.10.03-01.01.29:230][822]LogShaderCompilers: Display: Shaders left to compile 1
[2018.10.03-01.01.31:303][890]LogSlate: Window 'Save Content' being destroyed
[2018.10.03-01.01.31:669][890]LogSavePackage: Save=129.54ms
[2018.10.03-01.01.31:669][890]LogSavePackage: Moving '../../../../../../Users/Mark Thompson/Desktop/Frame_ArchivalProject/Archive_Frame/Saved/ChaperoneVolume11A87308F40BA6763D59EBF878C243D66.tmp' to '../../../../../../Users/Mark Thompson/Desktop/Frame_ArchivalProject/Archive_Frame/Content/Blueprints/Environment/Chaperone/ChaperoneVolume1.uasset'
[2018.10.03-01.01.31:674][890]LogSavePackage: Display: Finished SavePackage ../../../../../../Users/Mark Thompson/Desktop/Frame_ArchivalProject/Archive_Frame/Content/Blueprints/Environment/Chaperone/ChaperoneVolume1.uasset
[2018.10.03-01.01.32:277][890]LogSavePackage: Save=9.92ms
[2018.10.03-01.01.32:277][890]LogSavePackage: Moving '../../../../../../Users/Mark Thompson/Desktop/Frame_ArchivalProject/Archive_Frame/Saved/BaseBarrier_Mat7186D0724E58C4A5570C3BAA69FC7596.tmp' to '../../../../../../Users/Mark Thompson/Desktop/Frame_ArchivalProject/Archive_Frame/Content/Geometry/Materials/BaseBarrier_Mat.uasset'
[2018.10.03-01.01.32:282][890]LogSavePackage: Display: Finished SavePackage ../../../../../../Users/Mark Thompson/Desktop/Frame_ArchivalProject/Archive_Frame/Content/Geometry/Materials/BaseBarrier_Mat.uasset
[2018.10.03-01.01.32:762][890]LogSavePackage: Save=315.55ms
[2018.10.03-01.01.32:762][890]LogSavePackage: Moving '../../../../../../Users/Mark Thompson/Desktop/Frame_ArchivalProject/Archive_Frame/Saved/TestLair3239AC164D6E8B8931FA84877C8E50B8.tmp' to '../../../../../../Users/Mark Thompson/Desktop/Frame_ArchivalProject/Archive_Frame/Content/Maps/TestLair.umap'
[2018.10.03-01.01.32:766][890]LogSavePackage: Display: Finished SavePackage ../../../../../../Users/Mark Thompson/Desktop/Frame_ArchivalProject/Archive_Frame/Content/Maps/TestLair.umap
[2018.10.03-01.01.32:791][890]LogFileHelpers: Saving map 'TestLair' took 0.505
[2018.10.03-01.01.32:846][890]LogSlate: Window 'Archive_Frame - Unreal Editor' being destroyed
[2018.10.03-01.01.32:847][890]LogWindowsTextInputMethodSystem: Display: IME system now deactivated.
[2018.10.03-01.01.33:025][891]Cmd: QUIT_EDITOR
[2018.10.03-01.01.33:851][891]LogSlate: Slate User Destroyed.  User Index 0, Is Virtual User: 0
[2018.10.03-01.01.33:851][891]LogExit: Preparing to exit.
[2018.10.03-01.01.34:101][891]LogActorComponent: UnregisterComponent: (None.None) Not registered. Aborting.
[2018.10.03-01.01.34:107][891]LogDirectoryWatcher: A directory notification for 'C:/Users/Mark Thompson/Desktop/Frame_ArchivalProject/Archive_Frame/Content/' was aborted.
[2018.10.03-01.01.34:135][891]LogExit: Editor shut down
[2018.10.03-01.01.34:138][891]LogExit: Transaction tracking system shut down
[2018.10.03-01.01.34:138][891]LogUObjectGlobals: Destroyed PersistentFrame Addr=0x000001ff44ad64a0, Size=24
[2018.10.03-01.01.34:138][891]LogUObjectGlobals: Destroyed PersistentFrame Addr=0x000001ff7791da80, Size=64
[2018.10.03-01.01.34:139][891]LogUObjectGlobals: Destroyed PersistentFrame Addr=0x000001ff778ba5c0, Size=408
[2018.10.03-01.01.34:139][891]LogUObjectGlobals: Destroyed PersistentFrame Addr=0x000001ff774c2e40, Size=32
[2018.10.03-01.01.34:140][891]LogUObjectGlobals: Destroyed PersistentFrame Addr=0x000001ff063c1a68, Size=4
[2018.10.03-01.01.34:140][891]LogUObjectGlobals: Destroyed PersistentFrame Addr=0x000001ff063c1a60, Size=4
[2018.10.03-01.01.34:151][891]LogUObjectGlobals: Destroyed PersistentFrame Addr=0x000001ff7a7fdd00, Size=544
[2018.10.03-01.01.34:279][891]LogDirectoryWatcher: A directory notification for '../../../Engine/Content/' was aborted.
[2018.10.03-01.01.34:279][891]LogDirectoryWatcher: A directory notification for '../../../../../../Users/Mark Thompson/Desktop/Frame_ArchivalProject/Archive_Frame/Content/' was aborted.
[2018.10.03-01.01.34:279][891]LogDirectoryWatcher: A directory notification for '../../Plugins/2D/Paper2D/Content/' was aborted.
[2018.10.03-01.01.34:279][891]LogDirectoryWatcher: A directory notification for '../../Plugins/Enterprise/DatasmithContent/Content/' was aborted.
[2018.10.03-01.01.34:279][891]LogDirectoryWatcher: A directory notification for '../../Plugins/Marketplace/LowEntryExtStdLib/Content/' was aborted.
[2018.10.03-01.01.34:279][891]LogDirectoryWatcher: A directory notification for '../../Plugins/Media/MediaCompositing/Content/' was aborted.
[2018.10.03-01.01.34:279][891]LogDirectoryWatcher: A directory notification for '../../Plugins/Runtime/AppleARKit/Content/' was aborted.
[2018.10.03-01.01.34:279][891]LogDirectoryWatcher: A directory notification for '../../Plugins/Runtime/Oculus/OculusVR/Content/' was aborted.
[2018.10.03-01.01.34:279][891]LogDirectoryWatcher: A directory notification for '../../Plugins/Runtime/Steam/SteamVR/Content/' was aborted.
[2018.10.03-01.01.34:364][891]LogExit: Object subsystem successfully closed.
[2018.10.03-01.01.34:381][891]LogShaderCompilers: Display: Shaders left to compile 0
[2018.10.03-01.01.34:382][891]LogD3D11RHI: Shutdown
[2018.10.03-01.01.34:382][891]LogD3D11RHI: CleanupD3DDevice
[2018.10.03-01.01.34:385][891]LogD3D11RHI: ~FD3D11DynamicRHI
[2018.10.03-01.01.34:399][891]LogModuleManager: Shutting down and abandoning module MovieSceneCapture (582)
[2018.10.03-01.01.34:399][891]LogModuleManager: Shutting down and abandoning module BlueprintGraph (580)
[2018.10.03-01.01.34:399][891]LogModuleManager: Shutting down and abandoning module HierarchicalLODOutliner (578)
[2018.10.03-01.01.34:399][891]LogModuleManager: Shutting down and abandoning module SceneOutliner (576)
[2018.10.03-01.01.34:399][891]LogModuleManager: Shutting down and abandoning module AddContentDialog (574)
[2018.10.03-01.01.34:399][891]LogDirectoryWatcher: A directory notification for 'C:/Program Files/Epic Games/UE_4.19/FeaturePacks/' was aborted.
[2018.10.03-01.01.34:400][891]LogModuleManager: Shutting down and abandoning module WidgetCarousel (573)
[2018.10.03-01.01.34:400][891]LogModuleManager: Shutting down and abandoning module EditorWidgets (570)
[2018.10.03-01.01.34:400][891]LogModuleManager: Shutting down and abandoning module CollectionManager (568)
[2018.10.03-01.01.34:400][891]LogDirectoryWatcher: A directory notification for 'C:/Users/Mark Thompson/Desktop/Frame_ArchivalProject/Archive_Frame/Content/Collections/' was aborted.
[2018.10.03-01.01.34:400][891]LogDirectoryWatcher: A directory notification for 'C:/Users/Mark Thompson/Desktop/Frame_ArchivalProject/Archive_Frame/Content/Developers/MarkThompson/Collections/' was aborted.
[2018.10.03-01.01.34:400][891]LogDirectoryWatcher: A directory notification for 'C:/Users/Mark Thompson/Desktop/Frame_ArchivalProject/Archive_Frame/Saved/Collections/' was aborted.
[2018.10.03-01.01.34:400][891]LogModuleManager: Shutting down and abandoning module StatsViewer (566)
[2018.10.03-01.01.34:400][891]LogModuleManager: Shutting down and abandoning module FoliageEdit (564)
[2018.10.03-01.01.34:400][891]LogModuleManager: Shutting down and abandoning module LandscapeEditor (562)
[2018.10.03-01.01.34:400][891]LogModuleManager: Shutting down and abandoning module MeshPaintMode (560)
[2018.10.03-01.01.34:400][891]LogModuleManager: Shutting down and abandoning module SceneDepthPickerMode (558)
[2018.10.03-01.01.34:400][891]LogModuleManager: Shutting down and abandoning module ActorPickerMode (556)
[2018.10.03-01.01.34:400][891]LogModuleManager: Shutting down and abandoning module GeometryMode (554)
[2018.10.03-01.01.34:400][891]LogModuleManager: Shutting down and abandoning module TextureAlignMode (552)
[2018.10.03-01.01.34:400][891]LogModuleManager: Shutting down and abandoning module BspMode (550)
[2018.10.03-01.01.34:400][891]LogModuleManager: Shutting down and abandoning module PIEPreviewDeviceProfileSelector (548)
[2018.10.03-01.01.34:401][891]LogModuleManager: Shutting down and abandoning module HardwareSurvey (546)
[2018.10.03-01.01.34:401][891]LogModuleManager: Shutting down and abandoning module SequenceRecorderSections (544)
[2018.10.03-01.01.34:401][891]LogModuleManager: Shutting down and abandoning module AutomationWorker (542)
[2018.10.03-01.01.34:401][891]LogModuleManager: Shutting down and abandoning module AudioCaptureEditor (540)
[2018.10.03-01.01.34:401][891]LogModuleManager: Shutting down and abandoning module SequenceRecorder (539)
[2018.10.03-01.01.34:401][891]LogModuleManager: Shutting down and abandoning module MatineeToLevelSequence (536)
[2018.10.03-01.01.34:401][891]LogModuleManager: Shutting down and abandoning module LevelSequenceEditor (534)
[2018.10.03-01.01.34:401][891]LogModuleManager: Shutting down and abandoning module PlacementMode (533)
[2018.10.03-01.01.34:401][891]LogModuleManager: Shutting down and abandoning module MaterialEditor (532)
[2018.10.03-01.01.34:401][891]LogModuleManager: Shutting down and abandoning module WmfMediaFactory (528)
[2018.10.03-01.01.34:401][891]LogModuleManager: Shutting down and abandoning module WmfMediaEditor (526)
[2018.10.03-01.01.34:401][891]LogModuleManager: Shutting down and abandoning module MediaPlayerEditor (524)
[2018.10.03-01.01.34:401][891]LogModuleManager: Shutting down and abandoning module OpenExrWrapper (522)
[2018.10.03-01.01.34:401][891]LogModuleManager: Shutting down and abandoning module ImgMediaFactory (520)
[2018.10.03-01.01.34:401][891]LogModuleManager: Shutting down and abandoning module ImgMediaEditor (518)
[2018.10.03-01.01.34:401][891]LogModuleManager: Shutting down and abandoning module AvfMediaFactory (516)
[2018.10.03-01.01.34:401][891]LogModuleManager: Shutting down and abandoning module AvfMediaEditor (514)
[2018.10.03-01.01.34:401][891]LogModuleManager: Shutting down and abandoning module AndroidMediaFactory (512)
[2018.10.03-01.01.34:401][891]LogModuleManager: Shutting down and abandoning module AndroidMediaEditor (510)
[2018.10.03-01.01.34:401][891]LogModuleManager: Shutting down and abandoning module CharacterAI (508)
[2018.10.03-01.01.34:401][891]LogModuleManager: Shutting down and abandoning module SmartSnapping (506)
[2018.10.03-01.01.34:401][891]LogModuleManager: Shutting down and abandoning module SessionServices (504)
[2018.10.03-01.01.34:401][891]LogModuleManager: Shutting down and abandoning module ViewportSnapping (502)
[2018.10.03-01.01.34:401][891]LogModuleManager: Shutting down and abandoning module ViewportInteraction (500)
[2018.10.03-01.01.34:401][891]LogModuleManager: Shutting down and abandoning module ClothPainter (498)
[2018.10.03-01.01.34:401][891]LogModuleManager: Shutting down and abandoning module SkeletalMeshEditor (497)
[2018.10.03-01.01.34:401][891]LogModuleManager: Shutting down and abandoning module LogVisualizer (494)
[2018.10.03-01.01.34:401][891]LogModuleManager: Shutting down and abandoning module IntroTutorials (492)
[2018.10.03-01.01.34:401][891]LogModuleManager: Shutting down and abandoning module GameProjectGeneration (491)
[2018.10.03-01.01.34:401][891]LogModuleManager: Shutting down and abandoning module IOSPlatformEditor (488)
[2018.10.03-01.01.34:401][891]LogModuleManager: Shutting down and abandoning module HTML5PlatformEditor (486)
[2018.10.03-01.01.34:401][891]LogModuleManager: Shutting down and abandoning module AndroidPlatformEditor (484)
[2018.10.03-01.01.34:401][891]LogModuleManager: Shutting down and abandoning module AndroidDeviceDetection (483)
[2018.10.03-01.01.35:164][891]LogModuleManager: Shutting down and abandoning module WindowsPlatformEditor (480)
[2018.10.03-01.01.35:164][891]LogModuleManager: Shutting down and abandoning module IOSRuntimeSettings (478)
[2018.10.03-01.01.35:164][891]LogModuleManager: Shutting down and abandoning module AndroidRuntimeSettings (476)
[2018.10.03-01.01.35:164][891]LogModuleManager: Shutting down and abandoning module InputBindingEditor (474)
[2018.10.03-01.01.35:164][891]LogModuleManager: Shutting down and abandoning module MergeActors (472)
[2018.10.03-01.01.35:164][891]LogModuleManager: Shutting down and abandoning module LocalizationDashboard (470)
[2018.10.03-01.01.35:164][891]LogModuleManager: Shutting down and abandoning module LocalizationService (469)
[2018.10.03-01.01.35:164][891]LogModuleManager: Shutting down and abandoning module HardwareTargeting (466)
[2018.10.03-01.01.35:164][891]LogModuleManager: Shutting down and abandoning module DeviceProfileEditor (464)
[2018.10.03-01.01.35:164][891]LogModuleManager: Shutting down and abandoning module UndoHistory (462)
[2018.10.03-01.01.35:164][891]LogModuleManager: Shutting down and abandoning module XmlParser (460)
[2018.10.03-01.01.35:164][891]LogModuleManager: Shutting down and abandoning module Blutility (458)
[2018.10.03-01.01.35:164][891]LogModuleManager: Shutting down and abandoning module ProjectSettingsViewer (456)
[2018.10.03-01.01.35:164][891]LogModuleManager: Shutting down and abandoning module ProjectTargetPlatformEditor (455)
[2018.10.03-01.01.35:164][891]LogModuleManager: Shutting down and abandoning module EditorSettingsViewer (452)
[2018.10.03-01.01.35:165][891]LogModuleManager: Shutting down and abandoning module SettingsEditor (450)
[2018.10.03-01.01.35:165][891]LogModuleManager: Shutting down and abandoning module ProjectLauncher (448)
[2018.10.03-01.01.35:165][891]LogModuleManager: Shutting down and abandoning module SessionFrontend (446)
[2018.10.03-01.01.35:165][891]LogModuleManager: Shutting down and abandoning module ProfilerClient (444)
[2018.10.03-01.01.35:165][891]LogModuleManager: Shutting down and abandoning module DeviceManager (442)
[2018.10.03-01.01.35:165][891]LogModuleManager: Shutting down and abandoning module TargetDeviceServices (441)
[2018.10.03-01.01.35:219][891]LogModuleManager: Shutting down and abandoning module AutomationController (438)
[2018.10.03-01.01.35:219][891]LogModuleManager: Shutting down and abandoning module AutomationWindow (436)
[2018.10.03-01.01.35:219][891]LogModuleManager: Shutting down and abandoning module Layers (434)
[2018.10.03-01.01.35:219][891]LogModuleManager: Shutting down and abandoning module ComponentVisualizers (432)
[2018.10.03-01.01.35:219][891]LogModuleManager: Shutting down and abandoning module DetailCustomizations (430)
[2018.10.03-01.01.35:219][891]LogModuleManager: Shutting down and abandoning module PackagesDialog (428)
[2018.10.03-01.01.35:219][891]LogModuleManager: Shutting down and abandoning module Persona (426)
[2018.10.03-01.01.35:219][891]LogModuleManager: Shutting down and abandoning module AdvancedPreviewScene (425)
[2018.10.03-01.01.35:219][891]LogModuleManager: Shutting down and abandoning module AnimGraph (423)
[2018.10.03-01.01.35:219][891]LogModuleManager: Shutting down and abandoning module Kismet (420)
[2018.10.03-01.01.35:223][891]LogModuleManager: Shutting down and abandoning module GraphEditor (418)
[2018.10.03-01.01.35:223][891]LogModuleManager: Shutting down and abandoning module ClassViewer (416)
[2018.10.03-01.01.35:223][891]LogModuleManager: Shutting down and abandoning module Toolbox (414)
[2018.10.03-01.01.35:223][891]LogModuleManager: Shutting down and abandoning module ModuleUI (412)
[2018.10.03-01.01.35:223][891]LogModuleManager: Shutting down and abandoning module MovieSceneTools (410)
[2018.10.03-01.01.35:223][891]LogModuleManager: Shutting down and abandoning module OutputLog (408)
[2018.10.03-01.01.35:223][891]LogModuleManager: Shutting down and abandoning module GammaUI (406)
[2018.10.03-01.01.35:223][891]LogModuleManager: Shutting down and abandoning module Documentation (404)
[2018.10.03-01.01.35:223][891]LogModuleManager: Shutting down and abandoning module MovieSceneTracks (402)
[2018.10.03-01.01.35:223][891]LogModuleManager: Shutting down and abandoning module MovieScene (400)
[2018.10.03-01.01.35:223][891]LogModuleManager: Shutting down and abandoning module StreamingPauseRendering (398)
[2018.10.03-01.01.35:223][891]LogModuleManager: Shutting down and abandoning module LauncherPlatform (396)
[2018.10.03-01.01.35:223][891]LogModuleManager: Shutting down and abandoning module AnalyticsET (394)
[2018.10.03-01.01.35:224][891]LogModuleManager: Shutting down and abandoning module PortalServices (392)
[2018.10.03-01.01.35:224][891]LogModuleManager: Shutting down and abandoning module PortalRpc (390)
[2018.10.03-01.01.35:224][891]LogModuleManager: Shutting down and abandoning module MessagingRpc (388)
[2018.10.03-01.01.35:224][891]LogModuleManager: Shutting down and abandoning module AIModule (386)
[2018.10.03-01.01.35:224][891]LogModuleManager: Shutting down and abandoning module GameplayDebugger (385)
[2018.10.03-01.01.35:224][891]LogModuleManager: Shutting down and abandoning module AITestSuite (383)
[2018.10.03-01.01.35:224][891]LogModuleManager: Shutting down and abandoning module DesktopPlatform (380)
[2018.10.03-01.01.35:224][891]LogModuleManager: Shutting down and abandoning module ProfilerService (378)
[2018.10.03-01.01.35:381][891]LogModuleManager: Shutting down and abandoning module TaskGraph (376)
[2018.10.03-01.01.35:381][891]LogModuleManager: Shutting down and abandoning module SteamVRController (374)
[2018.10.03-01.01.35:381][891]LogModuleManager: Shutting down and abandoning module ProceduralMeshComponentEditor (372)
[2018.10.03-01.01.35:381][891]LogModuleManager: Shutting down and abandoning module ProceduralMeshComponent (370)
[2018.10.03-01.01.35:381][891]LogModuleManager: Shutting down and abandoning module OculusInput (368)
[2018.10.03-01.01.35:381][891]LogModuleManager: Shutting down and abandoning module MobilePatchingUtils (366)
[2018.10.03-01.01.35:381][891]LogModuleManager: Shutting down and abandoning module CustomMeshComponent (364)
[2018.10.03-01.01.35:381][891]LogModuleManager: Shutting down and abandoning module CableComponent (362)
[2018.10.03-01.01.35:381][891]LogModuleManager: Shutting down and abandoning module AudioCapture (360)
[2018.10.03-01.01.35:381][891]LogModuleManager: Shutting down and abandoning module ArchVisCharacter (358)
[2018.10.03-01.01.35:382][891]LogModuleManager: Shutting down and abandoning module AndroidPermission (356)
[2018.10.03-01.01.35:382][891]LogModuleManager: Shutting down and abandoning module NUTUnrealEngine4 (352)
[2018.10.03-01.01.35:382][891]LogModuleManager: Shutting down and abandoning module NetcodeUnitTest (350)
[2018.10.03-01.01.35:382][891]LogModuleManager: Shutting down and abandoning module MediaCompositingEditor (348)
[2018.10.03-01.01.35:382][891]LogModuleManager: Shutting down and abandoning module MediaCompositing (346)
[2018.10.03-01.01.35:382][891]LogModuleManager: Shutting down and abandoning module LinearTimecode (344)
[2018.10.03-01.01.35:382][891]LogModuleManager: Shutting down and abandoning module ImgMedia (342)
[2018.10.03-01.01.35:384][891]LogModuleManager: Shutting down and abandoning module LowEntryExtendedStandardLibraryEditor (340)
[2018.10.03-01.01.35:384][891]LogModuleManager: Shutting down and abandoning module HTML5Networking (338)
[2018.10.03-01.01.35:384][891]LogModuleManager: Shutting down and abandoning module AlembicImporter (336)
[2018.10.03-01.01.35:384][891]LogModuleManager: Shutting down and abandoning module AlembicLibrary (335)
[2018.10.03-01.01.35:384][891]LogModuleManager: Shutting down and abandoning module GeometryCache (334)
[2018.10.03-01.01.35:384][891]LogModuleManager: Shutting down and abandoning module GeometryCacheEd (333)
[2018.10.03-01.01.35:384][891]LogModuleManager: Shutting down and abandoning module DatasmithContent (328)
[2018.10.03-01.01.35:384][891]LogModuleManager: Shutting down and abandoning module SpeedTreeImporter (326)
[2018.10.03-01.01.35:384][891]LogModuleManager: Shutting down and abandoning module PluginBrowser (324)
[2018.10.03-01.01.35:384][891]LogModuleManager: Shutting down and abandoning module MobileLauncherProfileWizard (322)
[2018.10.03-01.01.35:384][891]LogModuleManager: Shutting down and abandoning module CryptoKeysOpenSSL (320)
[2018.10.03-01.01.35:384][891]LogModuleManager: Shutting down and abandoning module CryptoKeys (318)
[2018.10.03-01.01.35:384][891]LogModuleManager: Shutting down and abandoning module VisualStudioSourceCodeAccess (316)
[2018.10.03-01.01.35:384][891]LogModuleManager: Shutting down and abandoning module VisualStudioCodeSourceCodeAccess (314)
[2018.10.03-01.01.35:384][891]LogModuleManager: Shutting down and abandoning module UObjectPlugin (312)
[2018.10.03-01.01.35:384][891]LogModuleManager: Shutting down and abandoning module SubversionSourceControl (310)
[2018.10.03-01.01.35:384][891]LogModuleManager: Shutting down and abandoning module PerforceSourceControl (308)
[2018.10.03-01.01.35:384][891]LogModuleManager: Shutting down and abandoning module GitSourceControl (306)
[2018.10.03-01.01.35:384][891]LogModuleManager: Shutting down and abandoning module SourceControl (305)
[2018.10.03-01.01.35:384][891]LogModuleManager: Shutting down and abandoning module CLionSourceCodeAccess (302)
[2018.10.03-01.01.35:384][891]LogModuleManager: Shutting down and abandoning module LightPropagationVolumeEditor (300)
[2018.10.03-01.01.35:384][891]LogModuleManager: Shutting down and abandoning module PaperTiledImporter (298)
[2018.10.03-01.01.35:384][891]LogModuleManager: Shutting down and abandoning module PaperSpriteSheetImporter (296)
[2018.10.03-01.01.35:384][891]LogModuleManager: Shutting down and abandoning module Paper2DEditor (294)
[2018.10.03-01.01.35:384][891]LogModuleManager: Shutting down and abandoning module MeshPaint (293)
[2018.10.03-01.01.35:385][891]LogModuleManager: Shutting down and abandoning module RuntimePhysXCooking (290)
[2018.10.03-01.01.35:385][891]LogModuleManager: Shutting down and abandoning module PhysXVehiclesEditor (288)
[2018.10.03-01.01.35:385][891]LogModuleManager: Shutting down and abandoning module PhysXVehicles (286)
[2018.10.03-01.01.35:385][891]LogModuleManager: Shutting down and abandoning module OculusEditor (284)
[2018.10.03-01.01.35:385][891]LogModuleManager: Shutting down and abandoning module LocationServicesBPLibrary (282)
[2018.10.03-01.01.35:385][891]LogModuleManager: Shutting down and abandoning module ImmediatePhysicsEditor (280)
[2018.10.03-01.01.35:385][891]LogModuleManager: Shutting down and abandoning module ImmediatePhysics (278)
[2018.10.03-01.01.35:385][891]LogModuleManager: Shutting down and abandoning module ActorSequence (276)
[2018.10.03-01.01.35:385][891]LogModuleManager: Shutting down and abandoning module UdpMessaging (274)
[2018.10.03-01.01.35:485][891]LogModuleManager: Shutting down and abandoning module TcpMessaging (272)
[2018.10.03-01.01.35:586][891]LogModuleManager: Shutting down and abandoning module LowEntryExtendedStandardLibrary (270)
[2018.10.03-01.01.35:586][891]LogModuleManager: Shutting down and abandoning module GameplayTagsEditor (268)
[2018.10.03-01.01.35:586][891]LogModuleManager: Shutting down and abandoning module FacialAnimationEditor (266)
[2018.10.03-01.01.35:586][891]LogModuleManager: Shutting down and abandoning module FacialAnimation (264)
[2018.10.03-01.01.35:586][891]LogModuleManager: Shutting down and abandoning module DataValidation (262)
[2018.10.03-01.01.35:586][891]LogModuleManager: Shutting down and abandoning module AssetManagerEditor (260)
[2018.10.03-01.01.35:586][891]LogModuleManager: Shutting down and abandoning module LevelEditor (259)
[2018.10.03-01.01.35:586][891]LogModuleManager: Shutting down and abandoning module PixelInspectorModule (258)
[2018.10.03-01.01.35:587][891]LogModuleManager: Shutting down and abandoning module CommonMenuExtensions (256)
[2018.10.03-01.01.35:587][891]LogModuleManager: Shutting down and abandoning module MainFrame (254)
[2018.10.03-01.01.35:587][891]LogModuleManager: Shutting down and abandoning module HotReload (253)
[2018.10.03-01.01.35:588][891]LogModuleManager: Shutting down and abandoning module ContentBrowser (249)
[2018.10.03-01.01.35:588][891]LogModuleManager: Shutting down and abandoning module TreeMap (247)
[2018.10.03-01.01.35:588][891]LogModuleManager: Shutting down and abandoning module LightPropagationVolumeRuntime (244)
[2018.10.03-01.01.35:588][891]LogModuleManager: Shutting down and abandoning module LiveLinkEditor (242)
[2018.10.03-01.01.35:588][891]LogModuleManager: Shutting down and abandoning module LiveLink (240)
[2018.10.03-01.01.35:606][891]LogModuleManager: Shutting down and abandoning module Paper2D (238)
[2018.10.03-01.01.35:606][891]LogModuleManager: Shutting down and abandoning module WindowsMoviePlayer (236)
[2018.10.03-01.01.35:606][891]LogModuleManager: Shutting down and abandoning module WmfMedia (234)
[2018.10.03-01.01.35:607][891]LogModuleManager: Shutting down and abandoning module Media (233)
[2018.10.03-01.01.35:613][891]LogModuleManager: Shutting down and abandoning module PacketHandler (230)
[2018.10.03-01.01.35:613][891]LogModuleManager: Shutting down and abandoning module ClothingSystemEditor (228)
[2018.10.03-01.01.35:613][891]LogModuleManager: Shutting down and abandoning module ClothingSystemRuntime (226)
[2018.10.03-01.01.35:613][891]LogModuleManager: Shutting down and abandoning module MediaAssets (224)
[2018.10.03-01.01.35:613][891]LogModuleManager: Shutting down and abandoning module Overlay (222)
[2018.10.03-01.01.35:613][891]LogModuleManager: Shutting down and abandoning module OverlayEditor (221)
[2018.10.03-01.01.35:613][891]LogModuleManager: Shutting down and abandoning module VREditor (218)
[2018.10.03-01.01.35:613][891]LogModuleManager: Shutting down and abandoning module StringTableEditor (216)
[2018.10.03-01.01.35:613][891]LogModuleManager: Shutting down and abandoning module GameplayTasksEditor (214)
[2018.10.03-01.01.35:613][891]LogModuleManager: Shutting down and abandoning module BehaviorTreeEditor (212)
[2018.10.03-01.01.35:613][891]LogModuleManager: Shutting down and abandoning module FunctionalTesting (210)
[2018.10.03-01.01.35:613][891]LogModuleManager: Shutting down and abandoning module CollisionAnalyzer (208)
[2018.10.03-01.01.35:613][891]LogModuleManager: Shutting down and abandoning module WorkspaceMenuStructure (207)
[2018.10.03-01.01.35:613][891]LogModuleManager: Shutting down and abandoning module UMG (204)
[2018.10.03-01.01.35:613][891]LogModuleManager: Shutting down and abandoning module UMGEditor (203)
[2018.10.03-01.01.35:613][891]LogModuleManager: Shutting down and abandoning module Sequencer (202)
[2018.10.03-01.01.35:613][891]LogModuleManager: Shutting down and abandoning module MessageLog (199)
[2018.10.03-01.01.35:613][891]LogModuleManager: Shutting down and abandoning module SlateReflector (194)
[2018.10.03-01.01.35:613][891]LogModuleManager: Shutting down and abandoning module Slate (192)
[2018.10.03-01.01.35:613][891]LogModuleManager: Shutting down and abandoning module EditorStyle (190)
[2018.10.03-01.01.35:615][891]LogModuleManager: Shutting down and abandoning module MRMesh (188)
[2018.10.03-01.01.35:615][891]LogModuleManager: Shutting down and abandoning module SourceCodeAccess (186)
[2018.10.03-01.01.35:615][891]LogModuleManager: Shutting down and abandoning module HeadMountedDisplay (184)
[2018.10.03-01.01.35:615][891]LogModuleManager: Shutting down and abandoning module XAudio2 (182)
[2018.10.03-01.01.35:615][891]LogModuleManager: Shutting down and abandoning module Networking (180)
[2018.10.03-01.01.35:615][891]LogModuleManager: Shutting down and abandoning module Core (178)
[2018.10.03-01.01.35:615][891]LogModuleManager: Shutting down and abandoning module LevelSequence (176)
[2018.10.03-01.01.35:615][891]LogModuleManager: Shutting down and abandoning module KismetCompiler (174)
[2018.10.03-01.01.35:615][891]LogModuleManager: Shutting down and abandoning module MeshUtilities (172)
[2018.10.03-01.01.35:615][891]LogModuleManager: Shutting down and abandoning module MeshMergeUtilities (171)
[2018.10.03-01.01.35:615][891]LogModuleManager: Shutting down and abandoning module MeshReductionInterface (170)
[2018.10.03-01.01.35:615][891]LogModuleManager: Shutting down and abandoning module SimplygonSwarm (169)
[2018.10.03-01.01.35:615][891]LogModuleManager: Shutting down and abandoning module SimplygonMeshReduction (167)
[2018.10.03-01.01.35:615][891]LogModuleManager: Shutting down and abandoning module QuadricMeshReduction (165)
[2018.10.03-01.01.35:615][891]LogModuleManager: Shutting down and abandoning module MaterialBaking (161)
[2018.10.03-01.01.35:615][891]LogModuleManager: Shutting down and abandoning module DirectoryWatcher (157)
[2018.10.03-01.01.35:615][891]LogModuleManager: Shutting down and abandoning module DerivedDataCache (154)
[2018.10.03-01.01.35:705][891]LogDerivedDataCache: Shutdown
[2018.10.03-01.01.35:705][891]LogModuleManager: Shutting down and abandoning module XGEController (152)
[2018.10.03-01.01.35:705][891]LogXGEController: Cleaning working directory: C:/Users/Mark Thompson/AppData/Local/Temp/UnrealXGEWorkingDir/
[2018.10.03-01.01.35:705][891]LogModuleManager: Shutting down and abandoning module TargetPlatform (150)
[2018.10.03-01.01.35:705][891]LogModuleManager: Shutting down and abandoning module VulkanShaderFormat (149)
[2018.10.03-01.01.35:705][891]LogModuleManager: Shutting down and abandoning module ShaderFormatVectorVM (147)
[2018.10.03-01.01.35:705][891]LogModuleManager: Shutting down and abandoning module ShaderFormatOpenGL (145)
[2018.10.03-01.01.35:705][891]LogModuleManager: Shutting down and abandoning module ShaderFormatD3D (143)
[2018.10.03-01.01.35:705][891]LogModuleManager: Shutting down and abandoning module MetalShaderFormat (141)
[2018.10.03-01.01.35:705][891]LogModuleManager: Shutting down and abandoning module TextureFormatUncompressed (139)
[2018.10.03-01.01.35:705][891]LogModuleManager: Shutting down and abandoning module TextureFormatPVR (137)
[2018.10.03-01.01.35:705][891]LogModuleManager: Shutting down and abandoning module TextureFormatDXT (135)
[2018.10.03-01.01.35:705][891]LogModuleManager: Shutting down and abandoning module TextureFormatIntelISPCTexComp (133)
[2018.10.03-01.01.35:706][891]LogModuleManager: Shutting down and abandoning module TextureFormatASTC (131)
[2018.10.03-01.01.35:706][891]LogModuleManager: Shutting down and abandoning module ImageWrapper (130)
[2018.10.03-01.01.35:706][891]LogModuleManager: Shutting down and abandoning module TextureFormatAndroid (127)
[2018.10.03-01.01.35:706][891]LogModuleManager: Shutting down and abandoning module AudioFormatOpus (125)
[2018.10.03-01.01.35:706][891]LogModuleManager: Shutting down and abandoning module AudioFormatOgg (123)
[2018.10.03-01.01.35:706][891]LogModuleManager: Shutting down and abandoning module AudioFormatADPCM (121)
[2018.10.03-01.01.35:706][891]LogModuleManager: Shutting down and abandoning module LinuxTargetPlatform (119)
[2018.10.03-01.01.35:706][891]LogModuleManager: Shutting down and abandoning module LinuxServerTargetPlatform (117)
[2018.10.03-01.01.35:706][891]LogModuleManager: Shutting down and abandoning module LinuxNoEditorTargetPlatform (115)
[2018.10.03-01.01.35:706][891]LogModuleManager: Shutting down and abandoning module LinuxClientTargetPlatform (113)
[2018.10.03-01.01.35:706][891]LogModuleManager: Shutting down and abandoning module TVOSTargetPlatform (111)
[2018.10.03-01.01.35:706][891]LogModuleManager: Shutting down and abandoning module Messaging (109)
[2018.10.03-01.01.35:706][891]LogModuleManager: Shutting down and abandoning module IOSTargetPlatform (107)
[2018.10.03-01.01.35:706][891]LogModuleManager: Shutting down and abandoning module HTML5TargetPlatform (105)
[2018.10.03-01.01.35:706][891]LogModuleManager: Shutting down and abandoning module AndroidTargetPlatform (103)
[2018.10.03-01.01.35:706][891]LogModuleManager: Shutting down and abandoning module Android_PVRTCTargetPlatform (101)
[2018.10.03-01.01.35:706][891]LogModuleManager: Shutting down and abandoning module Android_MultiTargetPlatform (99)
[2018.10.03-01.01.35:706][891]LogModuleManager: Shutting down and abandoning module Android_ETC2TargetPlatform (97)
[2018.10.03-01.01.35:706][891]LogModuleManager: Shutting down and abandoning module Android_ETC1TargetPlatform (95)
[2018.10.03-01.01.35:706][891]LogModuleManager: Shutting down and abandoning module Android_ETC1aTargetPlatform (93)
[2018.10.03-01.01.35:706][891]LogModuleManager: Shutting down and abandoning module Android_DXTTargetPlatform (91)
[2018.10.03-01.01.35:706][891]LogModuleManager: Shutting down and abandoning module Android_ATCTargetPlatform (89)
[2018.10.03-01.01.35:706][891]LogModuleManager: Shutting down and abandoning module Android_ASTCTargetPlatform (87)
[2018.10.03-01.01.35:706][891]LogModuleManager: Shutting down and abandoning module WindowsTargetPlatform (85)
[2018.10.03-01.01.35:706][891]LogModuleManager: Shutting down and abandoning module WindowsServerTargetPlatform (83)
[2018.10.03-01.01.35:706][891]LogModuleManager: Shutting down and abandoning module WindowsNoEditorTargetPlatform (81)
[2018.10.03-01.01.35:706][891]LogModuleManager: Shutting down and abandoning module WindowsClientTargetPlatform (79)
[2018.10.03-01.01.35:706][891]LogModuleManager: Shutting down and abandoning module MacTargetPlatform (77)
[2018.10.03-01.01.35:706][891]LogModuleManager: Shutting down and abandoning module MacServerTargetPlatform (75)
[2018.10.03-01.01.35:706][891]LogModuleManager: Shutting down and abandoning module MacNoEditorTargetPlatform (73)
[2018.10.03-01.01.35:706][891]LogModuleManager: Shutting down and abandoning module MacClientTargetPlatform (71)
[2018.10.03-01.01.35:706][891]LogModuleManager: Shutting down and abandoning module AllDesktopTargetPlatform (69)
[2018.10.03-01.01.35:706][891]LogModuleManager: Shutting down and abandoning module InputCore (66)
[2018.10.03-01.01.35:706][891]LogModuleManager: Shutting down and abandoning module Settings (64)
[2018.10.03-01.01.35:706][891]LogModuleManager: Shutting down and abandoning module PhysXCooking (62)
[2018.10.03-01.01.35:706][891]LogModuleManager: Shutting down and abandoning module SteamVR (60)
[2018.10.03-01.01.35:706][891]LogModuleManager: Shutting down and abandoning module OculusHMD (58)
[2018.10.03-01.01.35:706][891]LogModuleManager: Shutting down and abandoning module ExampleDeviceProfileSelector (56)
[2018.10.03-01.01.35:706][891]LogModuleManager: Shutting down and abandoning module AppleARKit (54)
[2018.10.03-01.01.35:706][891]LogModuleManager: Shutting down and abandoning module AugmentedReality (51)
[2018.10.03-01.01.35:706][891]LogModuleManager: Shutting down and abandoning module OnlineBlueprintSupport (48)
[2018.10.03-01.01.35:706][891]LogModuleManager: Shutting down and abandoning module OnlineSubsystem (44)
[2018.10.03-01.01.35:706][891]LogModuleManager: Shutting down and abandoning module XMPP (43)
[2018.10.03-01.01.35:706][891]LogModuleManager: Shutting down and abandoning module HTTP (41)
[2018.10.03-01.01.35:706][891]LogHttp: Display: Http module shutting down, but needs to wait on 1 outstanding Http requests:
[2018.10.03-01.01.35:706][891]LogHttp: Display: 	verb=[POST] url=[https://datarouter.ol.epicgames.com/datarouter/api/v1/public/data?SessionID=%7B343CB4C7-4022-C7EE-972B-588D0DCA5ACD%7D&AppID=UEEditor.Rocket.Release&AppVersion=4.19.2-4033788%2B%2B%2BUE4%2BRelease-4.19&UserID=ebc2ca4742896e9b04cfb883f8f0c02f%7Ce5ea091547074691982386786c0d9687%7C9815fec9-b642-44fe-8f48-0fd058b58044&AppEnvironment=datacollector-binary&UploadType=eteventstream] status=Processing
[2018.10.03-01.01.35:718][891]LogModuleManager: Shutting down and abandoning module SSL (40)
[2018.10.03-01.01.35:719][891]LogModuleManager: Shutting down and abandoning module AnimationModifiers (36)
[2018.10.03-01.01.35:719][891]LogModuleManager: Shutting down and abandoning module PropertyEditor (35)
[2018.10.03-01.01.35:719][891]LogModuleManager: Shutting down and abandoning module AudioEditor (32)
[2018.10.03-01.01.35:719][891]LogModuleManager: Shutting down and abandoning module TextureCompressor (30)
[2018.10.03-01.01.35:719][891]LogModuleManager: Shutting down and abandoning module ShaderCore (28)
[2018.10.03-01.01.35:719][891]LogModuleManager: Shutting down and abandoning module Landscape (26)
[2018.10.03-01.01.35:719][891]LogModuleManager: Shutting down and abandoning module SlateRHIRenderer (24)
[2018.10.03-01.01.35:720][891]LogModuleManager: Shutting down and abandoning module OpenGLDrv (22)
[2018.10.03-01.01.35:720][891]LogModuleManager: Shutting down and abandoning module D3D11RHI (20)
[2018.10.03-01.01.35:720][891]LogModuleManager: Shutting down and abandoning module AnimGraphRuntime (18)
[2018.10.03-01.01.35:720][891]LogModuleManager: Shutting down and abandoning module Renderer (16)
[2018.10.03-01.01.35:720][891]LogModuleManager: Shutting down and abandoning module Engine (14)
[2018.10.03-01.01.35:720][891]LogModuleManager: Shutting down and abandoning module CoreUObject (12)
[2018.10.03-01.01.35:720][891]LogModuleManager: Shutting down and abandoning module NetworkFile (10)
[2018.10.03-01.01.35:721][891]LogModuleManager: Shutting down and abandoning module CookedIterativeFile (8)
[2018.10.03-01.01.35:721][891]LogModuleManager: Shutting down and abandoning module StreamingFile (6)
[2018.10.03-01.01.35:721][891]LogModuleManager: Shutting down and abandoning module SandboxFile (4)
[2018.10.03-01.01.35:721][891]LogModuleManager: Shutting down and abandoning module PakFile (2)
[2018.10.03-01.01.35:725][891]LogExit: Exiting.
[2018.10.03-01.01.35:736][891]Log file closed, 10/03/18 09:01:35
